Log file open, 05/14/17 17:24:35
LogInit:Display: Running engine for game: MechDesert
LogPlatformFile: Not using cached read wrapper
LogInit:Display: RandInit(278519403) SRandInit(278519403).
LogTaskGraph: Started task graph with 5 named threads and 8 total threads with 1 sets of task threads.
LogStats: Stats thread started at 0.084106
LogInit: Using libcurl 7.47.1
LogInit:  - built for x86_64-pc-win32
LogInit:  - supports SSL with OpenSSL/1.0.2g
LogInit:  - supports HTTP deflate (compression) using libz 1.2.8
LogInit:  - other features:
LogInit:      CURL_VERSION_SSL
LogInit:      CURL_VERSION_LIBZ
LogInit:      CURL_VERSION_IPV6
LogInit:      CURL_VERSION_ASYNCHDNS
LogInit:      CURL_VERSION_LARGEFILE
LogInit:      CURL_VERSION_IDN
LogInit:  CurlRequestOptions (configurable via config and command line):
LogInit:  - bVerifyPeer = false  - Libcurl will NOT verify peer certificate
LogInit:  - bUseHttpProxy = false  - Libcurl will NOT use HTTP proxy
LogInit:  - bDontReuseConnections = false  - Libcurl will reuse connections
LogInit:  - CertBundlePath = nullptr  - Libcurl will use whatever was configured at build time.
LogInit: Build: ++UE4+Release-4.15-CL-3348071
LogInit: Engine Version: 4.15.1-3348071+++UE4+Release-4.15
LogInit: Compatible Engine Version: 4.15.0-3299760+++UE4+Release-4.15
LogInit: Net CL: 3299760
LogDevObjectVersion: Number of dev versions registered: 14
LogDevObjectVersion:   Dev-Blueprints (B0D832E4-1F89-4F0D-ACCF-7EB736FD4AA2): 8
LogDevObjectVersion:   Dev-Build (E1C64328-A22C-4D53-A36C-8E866417BD8C): 0
LogDevObjectVersion:   Dev-Core (375EC13C-06E4-48FB-B500-84F0262A717E): 2
LogDevObjectVersion:   Dev-Editor (E4B068ED-F494-42E9-A231-DA0B2E46BB41): 14
LogDevObjectVersion:   Dev-Framework (CFFC743F-43B0-4480-9391-14DF171D2073): 22
LogDevObjectVersion:   Dev-Mobile (B02B49B5-BB20-44E9-A304-32B752E40360): 0
LogDevObjectVersion:   Dev-Networking (A4E4105C-59A1-49B5-A7C5-40C4547EDFEE): 0
LogDevObjectVersion:   Dev-Online (39C831C9-5AE6-47DC-9A44-9C173E1C8E7C): 0
LogDevObjectVersion:   Dev-Physics (78F01B33-EBEA-4F98-B9B4-84EACCB95AA2): 0
LogDevObjectVersion:   Dev-Platform (6631380F-2D4D-43E0-8009-CF276956A95A): 0
LogDevObjectVersion:   Dev-Rendering (12F88B9F-8875-4AFC-A67C-D90C383ABD29): 12
LogDevObjectVersion:   Dev-Sequencer (7B5AE74C-D270-4C10-A958-57980B212A5A): 3
LogDevObjectVersion:   Dev-VR (D7296918-1DD6-4BDD-9DE2-64A83CC13884): 0
LogDevObjectVersion:   Dev-LoadTimes (C2A15278-BFE7-4AFE-6C17-90FF531DF755): 1
LogInit: Compiled (64-bit): Mar 15 2017 16:52:47
LogInit: Compiled with Visual C++: 19.00.23026.00
LogInit: Build Configuration: Development
LogInit: Branch Name: ++UE4+Release-4.15
LogInit: Command line:  
LogInit: Base directory: C:/Program Files/Epic Games/UE_4.15/Engine/Binaries/Win64/
LogInit: Installed Engine Build: 1
LogInit: Presizing for max 8388607 objects, including 0 objects not considered by GC, pre-allocating 0 bytes for permanent pool.
LogInit: Object subsystem initialized
[2017.05.15-00.24.36:081][  0]LogInit: Selected Device Profile: [Windows]
[2017.05.15-00.24.36:081][  0]LogInit: Applying CVar settings loaded from the selected device profile: [Windows]
[2017.05.15-00.24.36:089][  0]LogInit: Computer: LLB16-03
[2017.05.15-00.24.36:089][  0]LogInit: User: haub100
[2017.05.15-00.24.36:089][  0]LogInit: CPU Page size=65536, Cores=4
[2017.05.15-00.24.36:089][  0]LogInit: High frequency timer resolution =3.328126 MHz
[2017.05.15-00.24.36:089][  0]LogMemory: Memory total: Physical=15.9GB (16GB approx)
[2017.05.15-00.24.36:089][  0]LogMemory: Platform Memory Stats for Windows
[2017.05.15-00.24.36:089][  0]LogMemory: Process Physical Memory: 264.97 MB used, 264.97 MB peak
[2017.05.15-00.24.36:089][  0]LogMemory: Process Virtual Memory: 262.93 MB used, 262.93 MB peak
[2017.05.15-00.24.36:089][  0]LogMemory: Physical Memory: 4531.31 MB used,  11755.38 MB free, 16286.70 MB total
[2017.05.15-00.24.36:089][  0]LogMemory: Virtual Memory: 632.04 MB used,  11755.38 MB free, 134217728.00 MB total
[2017.05.15-00.24.36:157][  0]LogTextLocalizationManager: No specific translations for ('en-US') exist, so ('en') translations will be used.
[2017.05.15-00.24.36:833][  0]LogD3D11RHI: D3D11 adapters:
[2017.05.15-00.24.36:857][  0]LogD3D11RHI:    0. 'NVIDIA GeForce GTX 1070' (Feature Level 11_0)
[2017.05.15-00.24.36:857][  0]LogD3D11RHI:       8145/0/8143 MB DedicatedVideo/DedicatedSystem/SharedSystem, Outputs:2, VendorId:0x10de
[2017.05.15-00.24.36:865][  0]LogD3D11RHI:    1. 'Intel(R) HD Graphics 530' (Feature Level 11_0)
[2017.05.15-00.24.36:865][  0]LogD3D11RHI:       128/0/8143 MB DedicatedVideo/DedicatedSystem/SharedSystem, Outputs:0, VendorId:0x8086
[2017.05.15-00.24.36:867][  0]LogD3D11RHI:    2. 'Microsoft Basic Render Driver' (Feature Level 11_0)
[2017.05.15-00.24.36:867][  0]LogD3D11RHI:       0/0/8143 MB DedicatedVideo/DedicatedSystem/SharedSystem, Outputs:0, VendorId:0x1414
[2017.05.15-00.24.36:867][  0]LogD3D11RHI: Chosen D3D11 Adapter: 0
[2017.05.15-00.24.36:873][  0]LogD3D11RHI: Creating new Direct3DDevice
[2017.05.15-00.24.36:873][  0]LogD3D11RHI:     GPU DeviceId: 0x1b81 (for the marketing name, search the web for "GPU Device Id")
[2017.05.15-00.24.36:873][  0]LogWindows: EnumDisplayDevices:
[2017.05.15-00.24.36:873][  0]LogWindows:    0. 'NVIDIA GeForce GTX 1070' (P:1 D:1)
[2017.05.15-00.24.36:873][  0]LogWindows:    1. 'NVIDIA GeForce GTX 1070' (P:0 D:1)
[2017.05.15-00.24.36:873][  0]LogWindows:    2. 'NVIDIA GeForce GTX 1070' (P:0 D:0)
[2017.05.15-00.24.36:873][  0]LogWindows:    3. 'NVIDIA GeForce GTX 1070' (P:0 D:0)
[2017.05.15-00.24.36:873][  0]LogWindows:    4. 'Intel(R) HD Graphics 530' (P:0 D:0)
[2017.05.15-00.24.36:873][  0]LogWindows:    5. 'Intel(R) HD Graphics 530' (P:0 D:0)
[2017.05.15-00.24.36:874][  0]LogWindows:    6. 'Intel(R) HD Graphics 530' (P:0 D:0)
[2017.05.15-00.24.36:874][  0]LogWindows: DebugString: PrimaryIsNotTheChoosenAdapter PrimaryIsNotTheChoosenAdapter PrimaryIsNotTheChoosenAdapter FoundDriverCount:4 
[2017.05.15-00.24.36:874][  0]LogD3D11RHI:     Adapter Name: NVIDIA GeForce GTX 1070
[2017.05.15-00.24.36:874][  0]LogD3D11RHI:   Driver Version: 376.33 (internal:21.21.13.7633, unified:376.33)
[2017.05.15-00.24.36:874][  0]LogD3D11RHI:      Driver Date: 12-11-2016
[2017.05.15-00.24.36:874][  0]LogRHI: Texture pool is 1361 MB (70% of 1945 MB)
[2017.05.15-00.24.36:889][  0]LogD3D11RHI: Async texture creation enabled
[2017.05.15-00.24.36:901][  0]LogD3D11RHI: GPU Timing Frequency: 1000.000000 (Debug: 2 1)
[2017.05.15-00.24.37:000][  0]LogShaderCompilers: Guid format shader working directory is -25 characters bigger than the processId version (../../../../../../Users/haub100/Desktop/MechVR_EnemiesNFPSopp/MechDesert/Intermediate/Shaders/WorkingDirectory/10660/).
[2017.05.15-00.24.37:000][  0]LogShaderCompilers: Cleaned the shader compiler working directory 'C:/Users/haub100/AppData/Local/Temp/UnrealShaderWorkingDir/F351E4584E01E53AD98447AF53EB840F/'.
[2017.05.15-00.24.37:000][  0]LogShaderCompilers:Display: Using Local Shader Compiler.
[2017.05.15-00.24.37:930][  0]LogTemp:Display: Loaded TP AllDesktopTargetPlatform
[2017.05.15-00.24.37:973][  0]LogTemp:Display: Loaded TP MacClientTargetPlatform
[2017.05.15-00.24.38:015][  0]LogTemp:Display: Loaded TP MacNoEditorTargetPlatform
[2017.05.15-00.24.38:058][  0]LogTemp:Display: Loaded TP MacServerTargetPlatform
[2017.05.15-00.24.38:101][  0]LogTemp:Display: Loaded TP MacTargetPlatform
[2017.05.15-00.24.38:145][  0]LogTemp:Display: Loaded TP WindowsClientTargetPlatform
[2017.05.15-00.24.38:187][  0]LogTemp:Display: Loaded TP WindowsNoEditorTargetPlatform
[2017.05.15-00.24.38:230][  0]LogTemp:Display: Loaded TP WindowsServerTargetPlatform
[2017.05.15-00.24.38:263][  0]LogTemp:Display: Loaded TP WindowsTargetPlatform
[2017.05.15-00.24.38:306][  0]LogTemp:Display: Loaded TP AndroidTargetPlatform
[2017.05.15-00.24.38:350][  0]LogTemp:Display: Loaded TP Android_ASTCTargetPlatform
[2017.05.15-00.24.38:392][  0]LogTemp:Display: Loaded TP Android_ATCTargetPlatform
[2017.05.15-00.24.38:435][  0]LogTemp:Display: Loaded TP Android_DXTTargetPlatform
[2017.05.15-00.24.38:477][  0]LogTemp:Display: Loaded TP Android_ETC1TargetPlatform
[2017.05.15-00.24.38:520][  0]LogTemp:Display: Loaded TP Android_ETC2TargetPlatform
[2017.05.15-00.24.38:607][  0]LogTemp:Display: Loaded TP Android_MultiTargetPlatform
[2017.05.15-00.24.38:607][  0]LogTemp:Display: Loaded TP Android_PVRTCTargetPlatform
[2017.05.15-00.24.38:633][  0]LogTemp:Display: Loaded TP HTML5TargetPlatform
[2017.05.15-00.24.38:712][  0]LogTemp:Display: Loaded TP IOSTargetPlatform
[2017.05.15-00.24.38:742][  0]LogTemp:Display: Loaded TP TVOSTargetPlatform
[2017.05.15-00.24.38:784][  0]LogTemp:Display: Loaded TP LinuxClientTargetPlatform
[2017.05.15-00.24.38:825][  0]LogTemp:Display: Loaded TP LinuxNoEditorTargetPlatform
[2017.05.15-00.24.38:866][  0]LogTemp:Display: Loaded TP LinuxServerTargetPlatform
[2017.05.15-00.24.38:908][  0]LogTemp:Display: Loaded TP LinuxTargetPlatform
[2017.05.15-00.24.38:908][  0]LogTargetPlatformManager:Display: Building Assets For Windows
[2017.05.15-00.24.39:237][  0]LogDerivedDataCache:Display: Max Cache Size: 512 MB
[2017.05.15-00.24.39:300][  0]LogDerivedDataCache: Loaded boot cache 0.06s 50MB C:/Users/haub100/AppData/Local/UnrealEngine/4.15/DerivedDataCache/Boot.ddc.
[2017.05.15-00.24.39:300][  0]LogDerivedDataCache:Display: Loaded Boot cache: C:/Users/haub100/AppData/Local/UnrealEngine/4.15/DerivedDataCache/Boot.ddc
[2017.05.15-00.24.39:300][  0]LogDerivedDataCache: FDerivedDataBackendGraph:  Pak pak cache file ../../../../../../Users/haub100/Desktop/MechVR_EnemiesNFPSopp/MechDesert/DerivedDataCache/DDC.ddp not found, will not use a pak cache.
[2017.05.15-00.24.39:300][  0]LogDerivedDataCache: Unable to find inner node Pak for hierarchical cache Hierarchy.
[2017.05.15-00.24.39:300][  0]LogDerivedDataCache: FDerivedDataBackendGraph:  CompressedPak pak cache file ../../../../../../Users/haub100/Desktop/MechVR_EnemiesNFPSopp/MechDesert/DerivedDataCache/Compressed.ddp not found, will not use a pak cache.
[2017.05.15-00.24.39:300][  0]LogDerivedDataCache: Unable to find inner node CompressedPak for hierarchical cache Hierarchy.
[2017.05.15-00.24.39:319][  0]LogDerivedDataCache:Display: Pak cache opened for reading ../../../Engine/DerivedDataCache/Compressed.ddp.
[2017.05.15-00.24.39:332][  0]LogDerivedDataCache: Using Local data cache path C:/Users/haub100/AppData/Local/UnrealEngine/Common/DerivedDataCache: Writable
[2017.05.15-00.24.39:342][  0]LogSlate: Using Freetype 2.6.0
[2017.05.15-00.24.39:343][  0]LogSlate: SlateFontCache - WITH_FREETYPE: 1, WITH_HARFBUZZ: 1
[2017.05.15-00.24.39:343][  0]LogSlate: SlateFontCache - WITH_FREETYPE: 1, WITH_HARFBUZZ: 1
[2017.05.15-00.24.39:641][  0]LogInit: Selected Device Profile: [Windows]
[2017.05.15-00.24.39:642][  0]LogContentStreaming: Texture pool size is 0.00 MB
[2017.05.15-00.24.39:842][  0]LogMeshUtilities: Using QuadricMeshReduction for automatic static mesh reduction
[2017.05.15-00.24.39:877][  0]LogSimplygon: Simplygon DLL not present - disabling.
[2017.05.15-00.24.39:922][  0]LogMeshUtilities: Using SimplygonSwarm for distributed automatic mesh merging
[2017.05.15-00.24.39:922][  0]LogMeshUtilities: No automatic skeletal mesh reduction module available
[2017.05.15-00.24.39:922][  0]LogMeshUtilities: No automatic mesh merging module available
[2017.05.15-00.24.40:536][  0]LogNetVersion: GetLocalNetworkVersion: CL: 3299760, ProjectName: mechdesert, ProjectVersion: , EngineNetworkVersion: 2, GameNetworkVersion: 0, NetworkChecksum: 3213770044
[2017.05.15-00.24.40:578][  0]LogAssetRegistry: FAssetRegistry took 0.0223 seconds to start up
[2017.05.15-00.24.40:640][  0]LogPackageLocalizationCache: Processed 3 localized package path(s) for 2 prioritized culture(s) in 0.040086 seconds
[2017.05.15-00.24.40:645][  0]LogUObjectArray: 32493 objects as part of root set at end of initial load.
[2017.05.15-00.24.40:645][  0]LogUObjectAllocator: 7077024 out of 0 bytes used by permanent object pool.
[2017.05.15-00.24.40:645][  0]LogUObjectArray: CloseDisregardForGC: 0/0 objects in disregard for GC pool
[2017.05.15-00.24.40:691][  0]LogInit: WinSock: version 1.1 (2.2), MaxSocks=32767, MaxUdp=65467
[2017.05.15-00.24.42:098][  0]LogTcpMessaging: Initializing TcpMessaging bridge
[2017.05.15-00.24.42:137][  0]LogUdpMessaging: Initializing bridge on interface 0.0.0.0:0 to multicast group 230.0.0.1:6666.
[2017.05.15-00.24.42:517][  0]LogMaterial: Uniform references updated for custom material expression Custom.
[2017.05.15-00.24.42:822][  0]SourceControl: Info Source control is disabled
[2017.05.15-00.24.42:862][  0]SourceControl: Info Source control is disabled
[2017.05.15-00.24.42:898][  0]SourceControl: Info Source control is disabled
[2017.05.15-00.24.42:933][  0]SourceControl: Info Source control is disabled
[2017.05.15-00.24.43:914][  0]LogEngine: Initializing Engine...
[2017.05.15-00.24.43:944][  0]LogHMD: SteamVR initialized.  Driver: lighthouse  Display: LHR-770F069A
[2017.05.15-00.24.44:131][  0]LogAIModule: Creating AISystem for world Untitled
[2017.05.15-00.24.44:153][  0]LogInit: XAudio2 using 'Speakers / Headphones (Realtek Audio)' : 2 channels at 48 kHz using 32 bits per sample (channel mask 0x3)
[2017.05.15-00.24.44:173][  0]LogInit: FAudioDevice initialized.
[2017.05.15-00.24.44:209][  0]LogDerivedDataCache: Saved boot cache 0.04s 50MB C:/Users/haub100/AppData/Local/UnrealEngine/4.15/DerivedDataCache/Boot.ddc.
[2017.05.15-00.24.44:214][  0]LogInit: Texture streaming: Enabled
[2017.05.15-00.24.44:295][  0]LogEngineSessionManager: EngineSessionManager initialized
[2017.05.15-00.24.44:360][  0]LogInit: Transaction tracking system initialized
[2017.05.15-00.24.44:610][  0]BlueprintLog: New page: Editor Load
[2017.05.15-00.24.45:218][  0]LocalizationService: Info Localization service is disabled
[2017.05.15-00.24.45:701][  0]LogConsoleResponse:Display: 
[2017.05.15-00.24.45:815][  0]LogCook:Display: Max memory allowance for cook 16384mb min free memory 0mb
[2017.05.15-00.24.45:815][  0]LogCook:Display: Mobile HDR setting 1
[2017.05.15-00.24.45:861][  0]LogFileCache: Scanning file cache for directory 'C:/Users/haub100/Desktop/MechVR_EnemiesNFPSopp/MechDesert/Content/' took 0.02s
[2017.05.15-00.24.46:590][  0]SourceControl: Info Source control is disabled
[2017.05.15-00.24.46:590][  0]Cmd: MAP LOAD FILE="../../../../../../Users/haub100/Desktop/MechVR_EnemiesNFPSopp/MechDesert/Content/StarterContent/Maps/Minimal_Default.umap" TEMPLATE=0 SHOWPROGRESS=1 FEATURELEVEL=3
[2017.05.15-00.24.46:591][  0]LightingResults: New page: Lighting Build
[2017.05.15-00.24.46:618][  0]MapCheck: New page: Map Check
[2017.05.15-00.24.46:618][  0]LightingResults: New page: Lighting Build
[2017.05.15-00.24.46:894][  0]LogAIModule: Creating AISystem for world Minimal_Default
[2017.05.15-00.24.46:919][  0]LogEditorServer: Finished looking for orphan Actors (0.000 secs)
[2017.05.15-00.24.46:919][  0]Cmd: MAP CHECKDEP NOCLEARLOG
[2017.05.15-00.24.46:954][  0]MapCheck: Info Map check complete: 0 Error(s), 0 Warning(s), took 34.556ms to complete.
[2017.05.15-00.24.46:954][  0]LogFileHelpers: Loading map 'Minimal_Default' took 0.364
[2017.05.15-00.24.47:019][  0]LogWindowsTextInputMethodSystem:Display: IME system now deactivated.
[2017.05.15-00.24.47:135][  0]LogCollectionManager: Loaded 0 collections in 0.001499 seconds
[2017.05.15-00.24.47:206][  0]LogFileCache: Scanning file cache for directory 'C:/Users/haub100/Desktop/MechVR_EnemiesNFPSopp/MechDesert/Saved/Collections/' took 0.01s
[2017.05.15-00.24.47:206][  0]LogFileCache: Scanning file cache for directory 'C:/Users/haub100/Desktop/MechVR_EnemiesNFPSopp/MechDesert/Content/Developers/haub100/Collections/' took 0.01s
[2017.05.15-00.24.47:206][  0]LogFileCache: Scanning file cache for directory 'C:/Users/haub100/Desktop/MechVR_EnemiesNFPSopp/MechDesert/Content/Collections/' took 0.01s
[2017.05.15-00.24.47:206][  0]LogCollectionManager: Rebuilt the GUID cache for 0 collections in 0.000001 seconds
[2017.05.15-00.24.47:215][  0]LogContentBrowser: Native class hierarchy populated in 0.0087 seconds. Added 2245 classes and 453 folders.
[2017.05.15-00.24.47:218][  0]LogStats: UGameplayTagsManager::ConstructGameplayTagTree: Construct from data asset -  0.000 s
[2017.05.15-00.24.47:218][  0]LogStats: UGameplayTagsManager::ConstructGameplayTagTree: GameplayTagTreeChangedEvent.Broadcast -  0.000 s
[2017.05.15-00.24.47:262][  0]LogContentBrowser: Native class hierarchy updated for 'WidgetCarousel' in 0.0011 seconds. Added 0 classes and 0 folders.
[2017.05.15-00.24.47:311][  0]LogContentBrowser: Native class hierarchy updated for 'AddContentDialog' in 0.0006 seconds. Added 0 classes and 0 folders.
[2017.05.15-00.24.47:343][  0]LogContentBrowser: Native class hierarchy updated for 'SceneOutliner' in 0.0006 seconds. Added 1 classes and 2 folders.
[2017.05.15-00.24.47:381][  0]LogCrashTracker: Crashtracker disabled due to settings.
[2017.05.15-00.24.47:388][  0]LogUObjectGlobals:Warning: Failed to find object 'Class None.'
[2017.05.15-00.24.47:443][  0]LogContentBrowser: Native class hierarchy updated for 'HierarchicalLODOutliner' in 0.0007 seconds. Added 1 classes and 2 folders.
[2017.05.15-00.24.47:443][  0]LogLoad: (Engine Initialization) Total time: 13.09 seconds
[2017.05.15-00.24.47:443][  0]LogLoad: (Engine Initialization) Total Blueprint compile time: 0.08 seconds
[2017.05.15-00.24.47:443][  0]LogExternalProfiler: Found external profiler: VSPerf
[2017.05.15-00.24.47:443][  0]LogExternalProfiler: Using external profiler: VSPerf
[2017.05.15-00.24.47:452][  0]LogOcInput: OculusInput pre-init called
[2017.05.15-00.24.47:452][  0]LogSteamVRController: Controller role for device 1 is 1 (invalid=0, left=1, right=2).
[2017.05.15-00.24.47:452][  0]LogSteamVRController:Warning: Controller device 1 is being assigned to its prefered role 'left'.
[2017.05.15-00.24.47:452][  0]LogSteamVRController: Controller device 1 is being assigned unreal hand 0 (left=0, right=1).
[2017.05.15-00.24.47:452][  0]LogSteamVRController: Controller role for device 2 is 2 (invalid=0, left=1, right=2).
[2017.05.15-00.24.47:452][  0]LogSteamVRController: Putting controller 2 on the right hand because there is already a controller for the left.
[2017.05.15-00.24.47:452][  0]LogSteamVRController: Controller device 2 is being assigned unreal hand 1 (left=0, right=1).
[2017.05.15-00.24.47:472][  0]LogContentStreaming: Texture pool size now 1000 MB
[2017.05.15-00.24.47:473][  0]LogSlate: Took 0.000223 seconds to synchronously load lazily loaded font '../../../Engine/Content/Slate/Fonts/Roboto-Regular.ttf' (155K)
[2017.05.15-00.24.47:477][  0]LogSlate: Took 0.000190 seconds to synchronously load lazily loaded font '../../../Engine/Content/Slate/Fonts/Roboto-Bold.ttf' (160K)
[2017.05.15-00.24.47:482][  0]LogSlate: Took 0.000172 seconds to synchronously load lazily loaded font '../../../Engine/Content/Editor/Slate/Fonts/FontAwesome.ttf' (139K)
[2017.05.15-00.24.47:637][  0]LogRenderer: Reallocating scene render targets to support 804x540 NumSamples 1 (Frame:2).
[2017.05.15-00.24.47:714][  1]LogAssetRegistry: Asset discovery search completed in 7.1586 seconds
[2017.05.15-00.24.47:714][  1]LogCollectionManager: Rebuilt the object cache for 0 collections in 0.000006 seconds (found 0 objects)
[2017.05.15-00.24.47:714][  1]LogCollectionManager: Fixed up redirectors for 0 collections in 0.000046 seconds (updated 0 objects)
[2017.05.15-00.24.48:475][ 77]LogSlate: Took 0.000299 seconds to synchronously load lazily loaded font '../../../Engine/Content/Slate/Fonts/Roboto-Light.ttf' (159K)
[2017.05.15-00.24.51:600][450]LogSlate: Took 0.000222 seconds to synchronously load lazily loaded font '../../../Engine/Content/Slate/Fonts/Roboto-Light.ttf' (159K)
[2017.05.15-00.25.23:798][218]LogClass:Warning: Enum '/Game/ExampleContent/VR_World_Interaction/Blueprints/FeedbackEffects/EFeedbackIntensity.EFeedbackIntensity' was upgraded to use FText to store its display name data. Please re-save this asset to avoid issues with localization and determinstic cooking.
[2017.05.15-00.25.23:798][218]LogClass:Warning: Enum '/Game/ExampleContent/VR_World_Interaction/Blueprints/FeedbackEffects/EFeedbackType.EFeedbackType' was upgraded to use FText to store its display name data. Please re-save this asset to avoid issues with localization and determinstic cooking.
[2017.05.15-00.25.23:939][218]LogClass:Warning: Enum '/Game/ExampleContent/VR_Trace_Interaction/Blueprints/Enums/EInteractionTraceTypes.EInteractionTraceTypes' was upgraded to use FText to store its display name data. Please re-save this asset to avoid issues with localization and determinstic cooking.
[2017.05.15-00.25.24:951][218]LogSlate: Took 0.000233 seconds to synchronously load lazily loaded font '../../../Engine/Content/Slate/Fonts/Roboto-Light.ttf' (159K)
[2017.05.15-00.25.25:444][218]LogClass:Warning: Enum '/Game/Blueprints/Enum/EHeadsetEnum.EHeadsetEnum' was upgraded to use FText to store its display name data. Please re-save this asset to avoid issues with localization and determinstic cooking.
[2017.05.15-00.25.25:448][218]LogSlate: Took 0.000125 seconds to synchronously load lazily loaded font '../../../Engine/Content/Slate/Fonts/Roboto-Regular.ttf' (155K)
[2017.05.15-00.25.25:530][218]LogContentBrowser: Native class hierarchy updated for 'BlueprintGraph' in 0.0010 seconds. Added 112 classes and 0 folders.
[2017.05.15-00.25.26:211][218]LogScript:Warning: Accessed None trying to read property Button_WeaponSwap
	MechAnimationBP_C /Engine/Transient.World_3:PersistentLevel.BP_MechPawn5_2_2017_C_0.MechMesh.MechAnimationBP_C_0
	Function /Game/Assets/Mech/MechAnimationBP.MechAnimationBP_C:ExecuteUbergraph_MechAnimationBP:00DF
[2017.05.15-00.25.26:215][218]PIE:Warning: Warning AttachTo: '/Engine/Transient.World_3:PersistentLevel.BP_MechPawn5_2_2017_C_0.CollisionCylinder' root component cannot be attached to other components in the same actor. Aborting.
[2017.05.15-00.25.26:224][218]LogScript:Warning: Accessed None trying to read property Button_WeaponSwap
	MechAnimationBP_C /Engine/Transient.World_2:PersistentLevel.BP_MechPawn5_2_2017_C_1.MechMesh.MechAnimationBP_C_1
	Function /Game/Assets/Mech/MechAnimationBP.MechAnimationBP_C:ExecuteUbergraph_MechAnimationBP:00DF
[2017.05.15-00.25.26:229][218]PIE:Warning: Warning AttachTo: '/Engine/Transient.World_2:PersistentLevel.BP_MechPawn5_2_2017_C_1.CollisionCylinder' root component cannot be attached to other components in the same actor. Aborting.
[2017.05.15-00.25.26:235][218]LogSlate: Took 0.000193 seconds to synchronously load lazily loaded font '../../../Engine/Content/Editor/Slate/Fonts/Roboto-BoldCondensed.ttf' (158K)
[2017.05.15-00.25.26:816][219]LogSlate: Took 0.000268 seconds to synchronously load lazily loaded font '../../../Engine/Content/Editor/Slate/Fonts/Roboto-Italic.ttf' (157K)
[2017.05.15-00.25.35:004][741]LogTemp: Repeting last play command: VR Preview
[2017.05.15-00.25.35:022][741]LogBlueprintUserMessages: Early PlayInEditor Detection: Level '/Game/StarterContent/Maps/Minimal_Default.Minimal_Default:PersistentLevel' has LevelScriptBlueprint '/Game/StarterContent/Maps/Minimal_Default.Minimal_Default:PersistentLevel.Minimal_Default' with GeneratedClass '/Game/StarterContent/Maps/Minimal_Default.Minimal_Default_C' with ClassGeneratedBy '/Game/StarterContent/Maps/Minimal_Default.Minimal_Default:PersistentLevel.Minimal_Default'
[2017.05.15-00.25.35:023][741]LogPlayLevel: PlayLevel: No blueprints needed recompiling
[2017.05.15-00.25.35:023][741]PIE: New page: PIE session: Minimal_Default (May 14, 2017, 10:25:35 AM)
[2017.05.15-00.25.35:023][741]LogPlayLevel: Creating play world package: /Game/StarterContent/Maps/UEDPIE_0_Minimal_Default
[2017.05.15-00.25.35:033][741]LogPlayLevel: PIE: StaticDuplicateObject took: (0.009381s)
[2017.05.15-00.25.35:034][741]LogAIModule: Creating AISystem for world Minimal_Default
[2017.05.15-00.25.35:034][741]LogPlayLevel: PIE: World Init took: (0.001360s)
[2017.05.15-00.25.35:034][741]LogPlayLevel: PIE: Created PIE world by copying editor world from /Game/StarterContent/Maps/Minimal_Default.Minimal_Default to /Game/StarterContent/Maps/UEDPIE_0_Minimal_Default.Minimal_Default (0.011095s)
[2017.05.15-00.25.35:086][741]LogInit: XAudio2 using 'Speakers / Headphones (Realtek Audio)' : 2 channels at 48 kHz using 32 bits per sample (channel mask 0x3)
[2017.05.15-00.25.35:099][741]LogInit: FAudioDevice initialized.
[2017.05.15-00.25.35:237][741]LogLoad: Game class is 'GameModeBase'
[2017.05.15-00.25.35:239][741]LogWorld: Bringing World /Game/StarterContent/Maps/UEDPIE_0_Minimal_Default.Minimal_Default up for play (max tick rate 0) at 2017.05.14-17.25.35
[2017.05.15-00.25.35:240][741]LogWorld: Bringing up level for play took: 0.001275
[2017.05.15-00.25.35:270][741]LogContentBrowser: Native class hierarchy updated for 'MovieSceneCapture' in 0.0007 seconds. Added 11 classes and 0 folders.
[2017.05.15-00.25.35:295][741]PIE: Info Play in editor start time for /Game/StarterContent/Maps/UEDPIE_0_Minimal_Default 0.716
[2017.05.15-00.25.35:296][741]LogBlueprintUserMessages: Late PlayInEditor Detection: Level '/Game/StarterContent/Maps/Minimal_Default.Minimal_Default:PersistentLevel' has LevelScriptBlueprint '/Game/StarterContent/Maps/Minimal_Default.Minimal_Default:PersistentLevel.Minimal_Default' with GeneratedClass '/Game/StarterContent/Maps/Minimal_Default.Minimal_Default_C' with ClassGeneratedBy '/Game/StarterContent/Maps/Minimal_Default.Minimal_Default:PersistentLevel.Minimal_Default'
[2017.05.15-00.25.35:364][742]LogRenderer: Reallocating scene render targets to support 3024x1680 NumSamples 1 (Frame:4501).
[2017.05.15-00.25.37:934][972]LogBlueprintUserMessages: Early EndPlayMap Detection: Level '/Game/StarterContent/Maps/Minimal_Default.Minimal_Default:PersistentLevel' has LevelScriptBlueprint '/Game/StarterContent/Maps/Minimal_Default.Minimal_Default:PersistentLevel.Minimal_Default' with GeneratedClass '/Game/StarterContent/Maps/Minimal_Default.Minimal_Default_C' with ClassGeneratedBy '/Game/StarterContent/Maps/Minimal_Default.Minimal_Default:PersistentLevel.Minimal_Default'
[2017.05.15-00.25.38:095][972]LogBlueprintUserMessages: Late EndPlayMap Detection: Level '/Game/StarterContent/Maps/Minimal_Default.Minimal_Default:PersistentLevel' has LevelScriptBlueprint '/Game/StarterContent/Maps/Minimal_Default.Minimal_Default:PersistentLevel.Minimal_Default' with GeneratedClass '/Game/StarterContent/Maps/Minimal_Default.Minimal_Default_C' with ClassGeneratedBy '/Game/StarterContent/Maps/Minimal_Default.Minimal_Default:PersistentLevel.Minimal_Default'
[2017.05.15-00.26.01:782][258]LogSpawn:Warning: UWorld::DestroyActor: World has no context! World: DesertRallyRace, Actor: /Game/Maps/DesertRallyRace.DesertRallyRace:PersistentLevel.DESTROYED_AbortButton_C_CHILDACTOR_19
[2017.05.15-00.26.01:782][258]LogSpawn:Warning: UWorld::DestroyActor: World has no context! World: DesertRallyRace, Actor: /Game/Maps/DesertRallyRace.DesertRallyRace:PersistentLevel.DESTROYED_BP_InteractiveButton2_C_CHILDACTOR_77
[2017.05.15-00.26.01:782][258]LogSpawn:Warning: UWorld::DestroyActor: World has no context! World: DesertRallyRace, Actor: /Game/Maps/DesertRallyRace.DesertRallyRace:PersistentLevel.DESTROYED_BP_InteractiveJoystick_C_CHILDACTOR_138
[2017.05.15-00.26.01:782][258]LogSpawn:Warning: UWorld::DestroyActor: World has no context! World: DesertRallyRace, Actor: /Game/Maps/DesertRallyRace.DesertRallyRace:PersistentLevel.DESTROYED_BP_InteractiveJoystick_C_CHILDACTOR_139
[2017.05.15-00.26.01:782][258]LogSpawn:Warning: UWorld::DestroyActor: World has no context! World: DesertRallyRace, Actor: /Game/Maps/DesertRallyRace.DesertRallyRace:PersistentLevel.DESTROYED_ScopeInteractive_C_CHILDACTOR_5
[2017.05.15-00.26.02:026][258]LogAIModule: Creating AISystem for world DesertRallyRace
[2017.05.15-00.26.02:067][258]LogSpawn:Warning: SpawnActor failed because we are running a ConstructionScript (AIController)
[2017.05.15-00.26.02:067][258]LogSpawn:Warning: SpawnActor failed because we are running a ConstructionScript (AIController)
[2017.05.15-00.26.02:068][258]LogSpawn:Warning: SpawnActor failed because we are running a ConstructionScript (AIController)
[2017.05.15-00.26.02:069][258]LogSpawn:Warning: SpawnActor failed because we are running a ConstructionScript (AIController)
[2017.05.15-00.26.02:070][258]LogSpawn:Warning: UWorld::DestroyActor: World has no context! World: DesertRallyRace, Actor: /Game/Maps/DesertRallyRace.DesertRallyRace:PersistentLevel.DESTROYED_BP_InteractiveButton2_C_CHILDACTOR_79
[2017.05.15-00.26.02:070][258]LogSpawn:Warning: UWorld::DestroyActor: World has no context! World: DesertRallyRace, Actor: /Game/Maps/DesertRallyRace.DesertRallyRace:PersistentLevel.DESTROYED_BP_InteractiveJoystick_C_CHILDACTOR_142
[2017.05.15-00.26.02:070][258]LogSpawn:Warning: UWorld::DestroyActor: World has no context! World: DesertRallyRace, Actor: /Game/Maps/DesertRallyRace.DesertRallyRace:PersistentLevel.DESTROYED_ScopeInteractive_C_CHILDACTOR_7
[2017.05.15-00.26.02:070][258]LogSpawn:Warning: UWorld::DestroyActor: World has no context! World: DesertRallyRace, Actor: /Game/Maps/DesertRallyRace.DesertRallyRace:PersistentLevel.DESTROYED_BP_InteractiveJoystick_C_CHILDACTOR_143
[2017.05.15-00.26.02:070][258]LogSpawn:Warning: UWorld::DestroyActor: World has no context! World: DesertRallyRace, Actor: /Game/Maps/DesertRallyRace.DesertRallyRace:PersistentLevel.DESTROYED_AbortButton_C_CHILDACTOR_21
[2017.05.15-00.26.02:072][258]LogScript:Warning: Accessed None trying to read property Button_WeaponSwap
	MechAnimationBP_C /Game/Maps/DesertRallyRace.DesertRallyRace:PersistentLevel.BP_MechPawn5_2_527.MechMesh.MechAnimationBP_C_1
	Function /Game/Assets/Mech/MechAnimationBP.MechAnimationBP_C:ExecuteUbergraph_MechAnimationBP:00DF
[2017.05.15-00.26.02:075][258]PIE:Warning: Warning AttachTo: '/Game/Maps/DesertRallyRace.DesertRallyRace:PersistentLevel.BP_MechPawn5_2_527.CollisionCylinder' root component cannot be attached to other components in the same actor. Aborting.
[2017.05.15-00.26.02:077][258]LogSpawn:Warning: SpawnActor failed because we are running a ConstructionScript (AIController)
[2017.05.15-00.26.02:132][258]Cmd: MAP LOAD FILE="../../../../../../Users/haub100/Desktop/MechVR_EnemiesNFPSopp/MechDesert/Content/Maps/DesertRallyRace.umap" TEMPLATE=0 SHOWPROGRESS=1 FEATURELEVEL=3
[2017.05.15-00.26.02:132][258]LightingResults: New page: Lighting Build
[2017.05.15-00.26.02:134][258]LoadErrors: New page: Loading map: DesertRallyRace.umap
[2017.05.15-00.26.02:134][258]MapCheck: New page: Map Check
[2017.05.15-00.26.02:134][258]LightingResults: New page: Lighting Build
[2017.05.15-00.26.02:481][258]LogSpawn:Warning: SpawnActor failed because we are running a ConstructionScript (AIController)
[2017.05.15-00.26.02:482][258]LogSpawn:Warning: SpawnActor failed because we are running a ConstructionScript (AIController)
[2017.05.15-00.26.02:483][258]LogSpawn:Warning: SpawnActor failed because we are running a ConstructionScript (AIController)
[2017.05.15-00.26.02:484][258]LogSpawn:Warning: SpawnActor failed because we are running a ConstructionScript (AIController)
[2017.05.15-00.26.02:487][258]LogScript:Warning: Accessed None trying to read property Button_WeaponSwap
	MechAnimationBP_C /Game/Maps/DesertRallyRace.DesertRallyRace:PersistentLevel.BP_MechPawn5_2_527.MechMesh.MechAnimationBP_C_2
	Function /Game/Assets/Mech/MechAnimationBP.MechAnimationBP_C:ExecuteUbergraph_MechAnimationBP:00DF
[2017.05.15-00.26.02:491][258]PIE:Warning: Warning AttachTo: '/Game/Maps/DesertRallyRace.DesertRallyRace:PersistentLevel.BP_MechPawn5_2_527.CollisionCylinder' root component cannot be attached to other components in the same actor. Aborting.
[2017.05.15-00.26.02:493][258]LogSpawn:Warning: SpawnActor failed because we are running a ConstructionScript (AIController)
[2017.05.15-00.26.02:505][258]LogEditorServer: Finished looking for orphan Actors (0.000 secs)
[2017.05.15-00.26.02:549][258]Cmd: MAP CHECKDEP NOCLEARLOG
[2017.05.15-00.26.02:622][258]MapCheck: Info Map check complete: 0 Error(s), 0 Warning(s), took 73.781ms to complete.
[2017.05.15-00.26.02:622][258]LogFileHelpers: Loading map 'DesertRallyRace' took 0.491
[2017.05.15-00.26.07:701][751]LogEditorViewport: Clicking on Actor (LMB): TurretAI_C (TurretAI7)
[2017.05.15-00.26.13:101][262]Cmd: DELETE
[2017.05.15-00.26.13:101][262]Cmd: ACTOR DELETE
[2017.05.15-00.26.13:105][262]LogEditorActor: Deleted Actor: TurretAI_C
[2017.05.15-00.26.13:128][262]LogEditorActor: Deleted 1 Actors (0.027 secs)
[2017.05.15-00.26.21:037][750]LogSavePackage: Save=3607.98ms
[2017.05.15-00.26.21:038][750]LogSavePackage: Moving '../../../../../../Users/haub100/Desktop/MechVR_EnemiesNFPSopp/MechDesert/Saved/DesertRallyRaceA6C5CA1541A6EB6FCEE5709688243E37.tmp' to '../../../../../../Users/haub100/Desktop/MechVR_EnemiesNFPSopp/MechDesert/Content/Maps/DesertRallyRace.umap'
[2017.05.15-00.26.21:044][750]LogSavePackage:Display: Finished SavePackage ../../../../../../Users/haub100/Desktop/MechVR_EnemiesNFPSopp/MechDesert/Content/Maps/DesertRallyRace.umap
[2017.05.15-00.26.22:897][750]LogSavePackage: Save=1781.35ms
[2017.05.15-00.26.22:897][750]LogSavePackage: Moving '../../../../../../Users/haub100/Desktop/MechVR_EnemiesNFPSopp/MechDesert/Saved/DesertRallyRace_BuiltData86C59F7C45E44AEDE6B7E59A4B8281C6.tmp' to '../../../../../../Users/haub100/Desktop/MechVR_EnemiesNFPSopp/MechDesert/Content/Maps/DesertRallyRace_BuiltData.uasset'
[2017.05.15-00.26.22:904][750]LogSavePackage:Display: Finished SavePackage ../../../../../../Users/haub100/Desktop/MechVR_EnemiesNFPSopp/MechDesert/Content/Maps/DesertRallyRace_BuiltData.uasset
[2017.05.15-00.26.57:862][871]LogTemp: Repeting last play command: VR Preview
[2017.05.15-00.26.57:910][871]LogBlueprintUserMessages: Early PlayInEditor Detection: Level '/Game/Maps/DesertRallyRace.DesertRallyRace:PersistentLevel' has LevelScriptBlueprint '/Game/Maps/DesertRallyRace.DesertRallyRace:PersistentLevel.DesertRallyRace' with GeneratedClass '/Game/Maps/DesertRallyRace.Untitled_C' with ClassGeneratedBy '/Game/Maps/DesertRallyRace.DesertRallyRace:PersistentLevel.DesertRallyRace'
[2017.05.15-00.26.57:910][871]LogBlueprintUserMessages: Early PlayInEditor Detection: Level '/Game/Maps/DesertRallyRace_Collision.DesertRallyRace_Collision:PersistentLevel' has LevelScriptBlueprint '/Game/Maps/DesertRallyRace_Collision.DesertRallyRace_Collision:PersistentLevel.DesertRallyRace_Collision' with GeneratedClass '/Game/Maps/DesertRallyRace_Collision.Untitled_C' with ClassGeneratedBy '/Game/Maps/DesertRallyRace_Collision.DesertRallyRace_Collision:PersistentLevel.DesertRallyRace_Collision'
[2017.05.15-00.26.57:910][871]LogPlayLevel: PlayLevel: No blueprints needed recompiling
[2017.05.15-00.26.57:910][871]PIE: New page: PIE session: DesertRallyRace (May 14, 2017, 10:26:57 AM)
[2017.05.15-00.26.57:910][871]LogPlayLevel: Creating play world package: /Game/Maps/UEDPIE_0_DesertRallyRace
[2017.05.15-00.26.58:055][871]LogPlayLevel: PIE: StaticDuplicateObject took: (0.144582s)
[2017.05.15-00.26.58:056][871]LogAIModule: Creating AISystem for world DesertRallyRace
[2017.05.15-00.26.58:056][871]LogPlayLevel: PIE: World Init took: (0.000897s)
[2017.05.15-00.26.58:056][871]LogPlayLevel: PIE: Created PIE world by copying editor world from /Game/Maps/DesertRallyRace.DesertRallyRace to /Game/Maps/UEDPIE_0_DesertRallyRace.DesertRallyRace (0.145931s)
[2017.05.15-00.26.58:090][871]LogInit: XAudio2 using 'Speakers / Headphones (Realtek Audio)' : 2 channels at 48 kHz using 32 bits per sample (channel mask 0x3)
[2017.05.15-00.26.58:104][871]LogInit: FAudioDevice initialized.
[2017.05.15-00.26.58:193][871]LogLoad: Game class is 'GameModeBase'
[2017.05.15-00.26.58:228][871]LogWorld: Bringing World /Game/Maps/UEDPIE_0_DesertRallyRace.DesertRallyRace up for play (max tick rate 0) at 2017.05.14-17.26.58
[2017.05.15-00.26.58:230][871]LogWorld: Bringing up level for play took: 0.036466
[2017.05.15-00.26.58:241][871]PIE: Info Play in editor start time for /Game/Maps/UEDPIE_0_DesertRallyRace -0.339
[2017.05.15-00.26.58:241][871]LogBlueprintUserMessages: Late PlayInEditor Detection: Level '/Game/Maps/DesertRallyRace.DesertRallyRace:PersistentLevel' has LevelScriptBlueprint '/Game/Maps/DesertRallyRace.DesertRallyRace:PersistentLevel.DesertRallyRace' with GeneratedClass '/Game/Maps/DesertRallyRace.Untitled_C' with ClassGeneratedBy '/Game/Maps/DesertRallyRace.DesertRallyRace:PersistentLevel.DesertRallyRace'
[2017.05.15-00.26.58:241][871]LogBlueprintUserMessages: Late PlayInEditor Detection: Level '/Game/Maps/DesertRallyRace_Collision.DesertRallyRace_Collision:PersistentLevel' has LevelScriptBlueprint '/Game/Maps/DesertRallyRace_Collision.DesertRallyRace_Collision:PersistentLevel.DesertRallyRace_Collision' with GeneratedClass '/Game/Maps/DesertRallyRace_Collision.Untitled_C' with ClassGeneratedBy '/Game/Maps/DesertRallyRace_Collision.DesertRallyRace_Collision:PersistentLevel.DesertRallyRace_Collision'
[2017.05.15-00.27.00:302][ 47]LogBlueprintUserMessages: Early EndPlayMap Detection: Level '/Game/Maps/DesertRallyRace.DesertRallyRace:PersistentLevel' has LevelScriptBlueprint '/Game/Maps/DesertRallyRace.DesertRallyRace:PersistentLevel.DesertRallyRace' with GeneratedClass '/Game/Maps/DesertRallyRace.Untitled_C' with ClassGeneratedBy '/Game/Maps/DesertRallyRace.DesertRallyRace:PersistentLevel.DesertRallyRace'
[2017.05.15-00.27.00:302][ 47]LogBlueprintUserMessages: Early EndPlayMap Detection: Level '/Game/Maps/DesertRallyRace_Collision.DesertRallyRace_Collision:PersistentLevel' has LevelScriptBlueprint '/Game/Maps/DesertRallyRace_Collision.DesertRallyRace_Collision:PersistentLevel.DesertRallyRace_Collision' with GeneratedClass '/Game/Maps/DesertRallyRace_Collision.Untitled_C' with ClassGeneratedBy '/Game/Maps/DesertRallyRace_Collision.DesertRallyRace_Collision:PersistentLevel.DesertRallyRace_Collision'
[2017.05.15-00.27.00:440][ 47]LogBlueprintUserMessages: Late EndPlayMap Detection: Level '/Game/Maps/DesertRallyRace.DesertRallyRace:PersistentLevel' has LevelScriptBlueprint '/Game/Maps/DesertRallyRace.DesertRallyRace:PersistentLevel.DesertRallyRace' with GeneratedClass '/Game/Maps/DesertRallyRace.Untitled_C' with ClassGeneratedBy '/Game/Maps/DesertRallyRace.DesertRallyRace:PersistentLevel.DesertRallyRace'
[2017.05.15-00.27.00:440][ 47]LogBlueprintUserMessages: Late EndPlayMap Detection: Level '/Game/Maps/DesertRallyRace_Collision.DesertRallyRace_Collision:PersistentLevel' has LevelScriptBlueprint '/Game/Maps/DesertRallyRace_Collision.DesertRallyRace_Collision:PersistentLevel.DesertRallyRace_Collision' with GeneratedClass '/Game/Maps/DesertRallyRace_Collision.Untitled_C' with ClassGeneratedBy '/Game/Maps/DesertRallyRace_Collision.DesertRallyRace_Collision:PersistentLevel.DesertRallyRace_Collision'
[2017.05.15-00.27.05:712][242]LogSavePackage: Save=3528.24ms
[2017.05.15-00.27.05:712][242]LogSavePackage: Moving '../../../../../../Users/haub100/Desktop/MechVR_EnemiesNFPSopp/MechDesert/Saved/DesertRallyRaceB60E6510426F91D69915B3B3D354DFAF.tmp' to '../../../../../../Users/haub100/Desktop/MechVR_EnemiesNFPSopp/MechDesert/Content/Maps/DesertRallyRace.umap'
[2017.05.15-00.27.05:717][242]LogSavePackage:Display: Finished SavePackage ../../../../../../Users/haub100/Desktop/MechVR_EnemiesNFPSopp/MechDesert/Content/Maps/DesertRallyRace.umap
[2017.05.15-00.27.07:121][242]LogSavePackage: Save=1369.57ms
[2017.05.15-00.27.07:121][242]LogSavePackage: Moving '../../../../../../Users/haub100/Desktop/MechVR_EnemiesNFPSopp/MechDesert/Saved/DesertRallyRace_BuiltDataEA54E1A04EA254E130DC59AD12C12DBE.tmp' to '../../../../../../Users/haub100/Desktop/MechVR_EnemiesNFPSopp/MechDesert/Content/Maps/DesertRallyRace_BuiltData.uasset'
[2017.05.15-00.27.07:127][242]LogSavePackage:Display: Finished SavePackage ../../../../../../Users/haub100/Desktop/MechVR_EnemiesNFPSopp/MechDesert/Content/Maps/DesertRallyRace_BuiltData.uasset
[2017.05.15-00.27.31:779][797]LogWindowsTextInputMethodSystem:Display: IME system now deactivated.
[2017.05.15-00.27.31:958][798]Cmd: QUIT_EDITOR
[2017.05.15-00.27.32:856][798]LogExit: Preparing to exit.
[2017.05.15-00.27.33:316][798]LogDirectoryWatcher: A directory notification for 'C:/Users/haub100/Desktop/MechVR_EnemiesNFPSopp/MechDesert/Content/' was aborted.
[2017.05.15-00.27.33:386][798]LogExit: Editor shut down
[2017.05.15-00.27.33:386][798]LogExit: Transaction tracking system shut down
[2017.05.15-00.27.33:511][798]LogObj: Freed 0b from 0 cluster array pools.
[2017.05.15-00.27.33:511][798]LogExit: Object subsystem successfully closed.
[2017.05.15-00.27.33:539][798]LogD3D11RHI: Shutdown
[2017.05.15-00.27.33:539][798]LogD3D11RHI: CleanupD3DDevice
[2017.05.15-00.27.33:542][798]LogD3D11RHI: ~FD3D11DynamicRHI
[2017.05.15-00.27.33:549][798]LogModuleManager: Shutting down and abandoning module MovieSceneCapture (504)
[2017.05.15-00.27.33:549][798]LogModuleManager: Shutting down and abandoning module BlueprintGraph (502)
[2017.05.15-00.27.33:549][798]LogModuleManager: Shutting down and abandoning module BlueprintProfiler (500)
[2017.05.15-00.27.33:549][798]LogModuleManager: Shutting down and abandoning module HierarchicalLODOutliner (498)
[2017.05.15-00.27.33:549][798]LogModuleManager: Shutting down and abandoning module CrashTracker (496)
[2017.05.15-00.27.33:549][798]LogModuleManager: Shutting down and abandoning module SceneOutliner (494)
[2017.05.15-00.27.33:549][798]LogModuleManager: Shutting down and abandoning module AddContentDialog (492)
[2017.05.15-00.27.33:549][798]LogDirectoryWatcher: A directory notification for 'C:/Program Files/Epic Games/UE_4.15/FeaturePacks/' was aborted.
[2017.05.15-00.27.33:550][798]LogModuleManager: Shutting down and abandoning module WidgetCarousel (491)
[2017.05.15-00.27.33:550][798]LogModuleManager: Shutting down and abandoning module EditorWidgets (488)
[2017.05.15-00.27.33:550][798]LogModuleManager: Shutting down and abandoning module CollectionManager (486)
[2017.05.15-00.27.33:550][798]LogDirectoryWatcher: A directory notification for 'C:/Users/haub100/Desktop/MechVR_EnemiesNFPSopp/MechDesert/Content/Collections/' was aborted.
[2017.05.15-00.27.33:550][798]LogDirectoryWatcher: A directory notification for 'C:/Users/haub100/Desktop/MechVR_EnemiesNFPSopp/MechDesert/Content/Developers/haub100/Collections/' was aborted.
[2017.05.15-00.27.33:550][798]LogDirectoryWatcher: A directory notification for 'C:/Users/haub100/Desktop/MechVR_EnemiesNFPSopp/MechDesert/Saved/Collections/' was aborted.
[2017.05.15-00.27.33:550][798]LogModuleManager: Shutting down and abandoning module StatsViewer (484)
[2017.05.15-00.27.33:550][798]LogModuleManager: Shutting down and abandoning module FoliageEdit (482)
[2017.05.15-00.27.33:550][798]LogModuleManager: Shutting down and abandoning module LandscapeEditor (480)
[2017.05.15-00.27.33:551][798]LogModuleManager: Shutting down and abandoning module SceneDepthPickerMode (478)
[2017.05.15-00.27.33:551][798]LogModuleManager: Shutting down and abandoning module ActorPickerMode (476)
[2017.05.15-00.27.33:551][798]LogModuleManager: Shutting down and abandoning module GeometryMode (474)
[2017.05.15-00.27.33:551][798]LogModuleManager: Shutting down and abandoning module TextureAlignMode (472)
[2017.05.15-00.27.33:551][798]LogModuleManager: Shutting down and abandoning module BspMode (470)
[2017.05.15-00.27.33:551][798]LogModuleManager: Shutting down and abandoning module HardwareSurvey (468)
[2017.05.15-00.27.33:551][798]LogModuleManager: Shutting down and abandoning module SequenceRecorderSections (466)
[2017.05.15-00.27.33:551][798]LogModuleManager: Shutting down and abandoning module AutomationWorker (464)
[2017.05.15-00.27.33:551][798]LogModuleManager: Shutting down and abandoning module MatineeToLevelSequence (462)
[2017.05.15-00.27.33:551][798]LogModuleManager: Shutting down and abandoning module LevelSequenceEditor (460)
[2017.05.15-00.27.33:551][798]LogModuleManager: Shutting down and abandoning module PlacementMode (459)
[2017.05.15-00.27.33:551][798]LogModuleManager: Shutting down and abandoning module WmfMediaFactory (456)
[2017.05.15-00.27.33:551][798]LogModuleManager: Shutting down and abandoning module WmfMediaEditor (454)
[2017.05.15-00.27.33:551][798]LogModuleManager: Shutting down and abandoning module MfMediaFactory (452)
[2017.05.15-00.27.33:551][798]LogModuleManager: Shutting down and abandoning module MfMediaEditor (450)
[2017.05.15-00.27.33:551][798]LogModuleManager: Shutting down and abandoning module AvfMediaFactory (448)
[2017.05.15-00.27.33:551][798]LogModuleManager: Shutting down and abandoning module AvfMediaEditor (446)
[2017.05.15-00.27.33:551][798]LogModuleManager: Shutting down and abandoning module AndroidMediaFactory (444)
[2017.05.15-00.27.33:551][798]LogModuleManager: Shutting down and abandoning module Media (443)
[2017.05.15-00.27.33:551][798]LogModuleManager: Shutting down and abandoning module AndroidMediaEditor (440)
[2017.05.15-00.27.33:551][798]LogModuleManager: Shutting down and abandoning module CharacterAI (438)
[2017.05.15-00.27.33:551][798]LogModuleManager: Shutting down and abandoning module AudioCapture (436)
[2017.05.15-00.27.33:551][798]LogModuleManager: Shutting down and abandoning module SequenceRecorder (435)
[2017.05.15-00.27.33:551][798]LogModuleManager: Shutting down and abandoning module SmartSnapping (432)
[2017.05.15-00.27.33:551][798]LogModuleManager: Shutting down and abandoning module SessionServices (430)
[2017.05.15-00.27.33:551][798]LogModuleManager: Shutting down and abandoning module ViewportSnapping (428)
[2017.05.15-00.27.33:551][798]LogModuleManager: Shutting down and abandoning module ViewportInteraction (426)
[2017.05.15-00.27.33:551][798]LogModuleManager: Shutting down and abandoning module LogVisualizer (424)
[2017.05.15-00.27.33:551][798]LogModuleManager: Shutting down and abandoning module IntroTutorials (422)
[2017.05.15-00.27.33:551][798]LogModuleManager: Shutting down and abandoning module GameProjectGeneration (421)
[2017.05.15-00.27.33:551][798]LogModuleManager: Shutting down and abandoning module EditorLiveStreaming (418)
[2017.05.15-00.27.33:551][798]LogModuleManager: Shutting down and abandoning module IOSPlatformEditor (416)
[2017.05.15-00.27.33:551][798]LogModuleManager: Shutting down and abandoning module HTML5PlatformEditor (414)
[2017.05.15-00.27.33:551][798]LogModuleManager: Shutting down and abandoning module AndroidPlatformEditor (412)
[2017.05.15-00.27.33:551][798]LogModuleManager: Shutting down and abandoning module AndroidDeviceDetection (411)
[2017.05.15-00.27.34:533][798]LogModuleManager: Shutting down and abandoning module IOSRuntimeSettings (408)
[2017.05.15-00.27.34:533][798]LogModuleManager: Shutting down and abandoning module AndroidRuntimeSettings (406)
[2017.05.15-00.27.34:533][798]LogModuleManager: Shutting down and abandoning module InputBindingEditor (404)
[2017.05.15-00.27.34:533][798]LogModuleManager: Shutting down and abandoning module NiagaraEditor (402)
[2017.05.15-00.27.34:533][798]LogModuleManager: Shutting down and abandoning module MergeActors (400)
[2017.05.15-00.27.34:533][798]LogModuleManager: Shutting down and abandoning module SizeMap (398)
[2017.05.15-00.27.34:533][798]LogModuleManager: Shutting down and abandoning module TreeMap (396)
[2017.05.15-00.27.34:533][798]LogModuleManager: Shutting down and abandoning module ReferenceViewer (394)
[2017.05.15-00.27.34:533][798]LogModuleManager: Shutting down and abandoning module LocalizationDashboard (392)
[2017.05.15-00.27.34:533][798]LogModuleManager: Shutting down and abandoning module LocalizationService (391)
[2017.05.15-00.27.34:533][798]LogModuleManager: Shutting down and abandoning module HardwareTargeting (388)
[2017.05.15-00.27.34:533][798]LogModuleManager: Shutting down and abandoning module DeviceProfileEditor (386)
[2017.05.15-00.27.34:533][798]LogModuleManager: Shutting down and abandoning module UndoHistory (384)
[2017.05.15-00.27.34:533][798]LogModuleManager: Shutting down and abandoning module UserFeedback (382)
[2017.05.15-00.27.34:533][798]LogModuleManager: Shutting down and abandoning module XmlParser (380)
[2017.05.15-00.27.34:533][798]LogModuleManager: Shutting down and abandoning module Blutility (378)
[2017.05.15-00.27.34:533][798]LogModuleManager: Shutting down and abandoning module ProjectSettingsViewer (376)
[2017.05.15-00.27.34:533][798]LogModuleManager: Shutting down and abandoning module ProjectTargetPlatformEditor (375)
[2017.05.15-00.27.34:534][798]LogModuleManager: Shutting down and abandoning module EditorSettingsViewer (372)
[2017.05.15-00.27.34:534][798]LogModuleManager: Shutting down and abandoning module SettingsEditor (370)
[2017.05.15-00.27.34:534][798]LogModuleManager: Shutting down and abandoning module ProjectLauncher (368)
[2017.05.15-00.27.34:534][798]LogModuleManager: Shutting down and abandoning module SessionFrontend (366)
[2017.05.15-00.27.34:534][798]LogModuleManager: Shutting down and abandoning module ProfilerClient (364)
[2017.05.15-00.27.34:534][798]LogModuleManager: Shutting down and abandoning module DeviceManager (362)
[2017.05.15-00.27.34:534][798]LogModuleManager: Shutting down and abandoning module TargetDeviceServices (361)
[2017.05.15-00.27.34:587][798]LogModuleManager: Shutting down and abandoning module AutomationController (358)
[2017.05.15-00.27.34:587][798]LogModuleManager: Shutting down and abandoning module AutomationWindow (356)
[2017.05.15-00.27.34:587][798]LogModuleManager: Shutting down and abandoning module Layers (354)
[2017.05.15-00.27.34:587][798]LogModuleManager: Shutting down and abandoning module ComponentVisualizers (352)
[2017.05.15-00.27.34:587][798]LogModuleManager: Shutting down and abandoning module DetailCustomizations (350)
[2017.05.15-00.27.34:587][798]LogModuleManager: Shutting down and abandoning module PackagesDialog (348)
[2017.05.15-00.27.34:588][798]LogModuleManager: Shutting down and abandoning module Persona (346)
[2017.05.15-00.27.34:588][798]LogModuleManager: Shutting down and abandoning module AnimGraph (345)
[2017.05.15-00.27.34:588][798]LogModuleManager: Shutting down and abandoning module Kismet (342)
[2017.05.15-00.27.34:594][798]LogModuleManager: Shutting down and abandoning module GraphEditor (340)
[2017.05.15-00.27.34:594][798]LogModuleManager: Shutting down and abandoning module ClassViewer (338)
[2017.05.15-00.27.34:594][798]LogModuleManager: Shutting down and abandoning module Toolbox (336)
[2017.05.15-00.27.34:594][798]LogModuleManager: Shutting down and abandoning module ModuleUI (334)
[2017.05.15-00.27.34:594][798]LogModuleManager: Shutting down and abandoning module MovieSceneTools (332)
[2017.05.15-00.27.34:594][798]LogModuleManager: Shutting down and abandoning module OutputLog (330)
[2017.05.15-00.27.34:594][798]LogModuleManager: Shutting down and abandoning module GammaUI (328)
[2017.05.15-00.27.34:594][798]LogModuleManager: Shutting down and abandoning module Documentation (326)
[2017.05.15-00.27.34:594][798]LogModuleManager: Shutting down and abandoning module Niagara (324)
[2017.05.15-00.27.34:594][798]LogModuleManager: Shutting down and abandoning module StreamingPauseRendering (322)
[2017.05.15-00.27.34:594][798]LogModuleManager: Shutting down and abandoning module AnalyticsET (320)
[2017.05.15-00.27.34:595][798]LogModuleManager: Shutting down and abandoning module PortalServices (318)
[2017.05.15-00.27.34:595][798]LogModuleManager: Shutting down and abandoning module PortalRpc (316)
[2017.05.15-00.27.34:595][798]LogModuleManager: Shutting down and abandoning module MessagingRpc (314)
[2017.05.15-00.27.34:595][798]LogModuleManager: Shutting down and abandoning module AIModule (312)
[2017.05.15-00.27.34:595][798]LogModuleManager: Shutting down and abandoning module GameplayDebugger (311)
[2017.05.15-00.27.34:595][798]LogModuleManager: Shutting down and abandoning module AITestSuite (309)
[2017.05.15-00.27.34:595][798]LogModuleManager: Shutting down and abandoning module ProfilerService (306)
[2017.05.15-00.27.34:824][798]LogModuleManager: Shutting down and abandoning module TaskGraph (304)
[2017.05.15-00.27.34:824][798]LogModuleManager: Shutting down and abandoning module SteamVRController (302)
[2017.05.15-00.27.34:824][798]LogModuleManager: Shutting down and abandoning module SteamVR (300)
[2017.05.15-00.27.34:824][798]LogModuleManager: Shutting down and abandoning module ProceduralMeshComponentEditor (298)
[2017.05.15-00.27.34:824][798]LogModuleManager: Shutting down and abandoning module ProceduralMeshComponent (296)
[2017.05.15-00.27.34:824][798]LogModuleManager: Shutting down and abandoning module OculusLibrary (294)
[2017.05.15-00.27.34:824][798]LogModuleManager: Shutting down and abandoning module OculusInput (292)
[2017.05.15-00.27.34:824][798]LogModuleManager: Shutting down and abandoning module MobilePatchingUtils (290)
[2017.05.15-00.27.34:824][798]LogModuleManager: Shutting down and abandoning module CustomMeshComponent (288)
[2017.05.15-00.27.34:824][798]LogModuleManager: Shutting down and abandoning module CableComponent (286)
[2017.05.15-00.27.34:824][798]LogModuleManager: Shutting down and abandoning module ArchVisCharacter (284)
[2017.05.15-00.27.34:824][798]LogModuleManager: Shutting down and abandoning module MediaPlayerEditor (280)
[2017.05.15-00.27.34:824][798]LogModuleManager: Shutting down and abandoning module HTML5Networking (278)
[2017.05.15-00.27.34:824][798]LogModuleManager: Shutting down and abandoning module AlembicImporter (276)
[2017.05.15-00.27.34:824][798]LogModuleManager: Shutting down and abandoning module AlembicLibrary (275)
[2017.05.15-00.27.34:824][798]LogModuleManager: Shutting down and abandoning module GeometryCache (274)
[2017.05.15-00.27.34:824][798]LogModuleManager: Shutting down and abandoning module GeometryCacheEd (273)
[2017.05.15-00.27.34:824][798]LogModuleManager: Shutting down and abandoning module SuperSearchEditor (268)
[2017.05.15-00.27.34:824][798]LogModuleManager: Shutting down and abandoning module SuperSearch (267)
[2017.05.15-00.27.34:824][798]LogModuleManager: Shutting down and abandoning module SpeedTreeImporter (264)
[2017.05.15-00.27.34:824][798]LogModuleManager: Shutting down and abandoning module PluginBrowser (262)
[2017.05.15-00.27.34:824][798]LogModuleManager: Shutting down and abandoning module MobileLauncherProfileWizard (260)
[2017.05.15-00.27.34:824][798]LogModuleManager: Shutting down and abandoning module EpicSurvey (258)
[2017.05.15-00.27.34:824][798]LogModuleManager: Shutting down and abandoning module VisualStudioSourceCodeAccess (256)
[2017.05.15-00.27.34:824][798]LogModuleManager: Shutting down and abandoning module DesktopPlatform (255)
[2017.05.15-00.27.34:824][798]LogModuleManager: Shutting down and abandoning module UObjectPlugin (252)
[2017.05.15-00.27.34:824][798]LogModuleManager: Shutting down and abandoning module SubversionSourceControl (250)
[2017.05.15-00.27.34:824][798]LogModuleManager: Shutting down and abandoning module PerforceSourceControl (248)
[2017.05.15-00.27.34:824][798]LogModuleManager: Shutting down and abandoning module GitSourceControl (246)
[2017.05.15-00.27.34:824][798]LogModuleManager: Shutting down and abandoning module SourceControl (245)
[2017.05.15-00.27.34:824][798]LogModuleManager: Shutting down and abandoning module LightPropagationVolumeEditor (242)
[2017.05.15-00.27.34:825][798]LogModuleManager: Shutting down and abandoning module PaperTiledImporter (240)
[2017.05.15-00.27.34:825][798]LogModuleManager: Shutting down and abandoning module PaperSpriteSheetImporter (238)
[2017.05.15-00.27.34:825][798]LogModuleManager: Shutting down and abandoning module Paper2DEditor (236)
[2017.05.15-00.27.34:825][798]LogModuleManager: Shutting down and abandoning module MeshPaint (235)
[2017.05.15-00.27.34:825][798]LogModuleManager: Shutting down and abandoning module LevelEditor (233)
[2017.05.15-00.27.34:825][798]LogModuleManager: Shutting down and abandoning module PixelInspectorModule (232)
[2017.05.15-00.27.34:825][798]LogModuleManager: Shutting down and abandoning module MainFrame (230)
[2017.05.15-00.27.34:825][798]LogModuleManager: Shutting down and abandoning module HotReload (229)
[2017.05.15-00.27.34:826][798]LogModuleManager: Shutting down and abandoning module ContentBrowser (225)
[2017.05.15-00.27.34:826][798]LogModuleManager: Shutting down and abandoning module PhysXVehiclesEditor (222)
[2017.05.15-00.27.34:826][798]LogModuleManager: Shutting down and abandoning module PhysXVehicles (220)
[2017.05.15-00.27.34:826][798]LogModuleManager: Shutting down and abandoning module LocationServicesBPLibrary (218)
[2017.05.15-00.27.34:826][798]LogModuleManager: Shutting down and abandoning module UdpMessaging (216)
[2017.05.15-00.27.34:927][798]LogModuleManager: Shutting down and abandoning module TcpMessaging (214)
[2017.05.15-00.27.35:028][798]LogModuleManager: Shutting down and abandoning module GameplayTagsEditor (212)
[2017.05.15-00.27.35:028][798]LogModuleManager: Shutting down and abandoning module FacialAnimationEditor (210)
[2017.05.15-00.27.35:028][798]LogModuleManager: Shutting down and abandoning module FacialAnimation (208)
[2017.05.15-00.27.35:028][798]LogModuleManager: Shutting down and abandoning module LightPropagationVolumeRuntime (206)
[2017.05.15-00.27.35:028][798]LogModuleManager: Shutting down and abandoning module Paper2D (204)
[2017.05.15-00.27.35:028][798]LogModuleManager: Shutting down and abandoning module WindowsMoviePlayer (202)
[2017.05.15-00.27.35:028][798]LogModuleManager: Shutting down and abandoning module WmfMedia (200)
[2017.05.15-00.27.35:028][798]LogModuleManager: Shutting down and abandoning module MfMedia (198)
[2017.05.15-00.27.35:028][798]LogModuleManager: Shutting down and abandoning module MediaAssets (196)
[2017.05.15-00.27.35:028][798]LogModuleManager: Shutting down and abandoning module GameLiveStreaming (194)
[2017.05.15-00.27.35:028][798]LogModuleManager: Shutting down and abandoning module VREditor (192)
[2017.05.15-00.27.35:028][798]LogModuleManager: Shutting down and abandoning module GameplayTasksEditor (190)
[2017.05.15-00.27.35:028][798]LogModuleManager: Shutting down and abandoning module BehaviorTreeEditor (188)
[2017.05.15-00.27.35:028][798]LogModuleManager: Shutting down and abandoning module FunctionalTesting (186)
[2017.05.15-00.27.35:028][798]LogModuleManager: Shutting down and abandoning module CollisionAnalyzer (184)
[2017.05.15-00.27.35:028][798]LogModuleManager: Shutting down and abandoning module UMG (182)
[2017.05.15-00.27.35:028][798]LogModuleManager: Shutting down and abandoning module UMGEditor (181)
[2017.05.15-00.27.35:028][798]LogModuleManager: Shutting down and abandoning module Sequencer (180)
[2017.05.15-00.27.35:028][798]LogModuleManager: Shutting down and abandoning module AssetTools (178)
[2017.05.15-00.27.35:028][798]LogModuleManager: Shutting down and abandoning module MessageLog (177)
[2017.05.15-00.27.35:028][798]LogModuleManager: Shutting down and abandoning module WorkspaceMenuStructure (176)
[2017.05.15-00.27.35:028][798]LogModuleManager: Shutting down and abandoning module SlateReflector (170)
[2017.05.15-00.27.35:028][798]LogModuleManager: Shutting down and abandoning module Slate (168)
[2017.05.15-00.27.35:028][798]LogModuleManager: Shutting down and abandoning module EditorStyle (166)
[2017.05.15-00.27.35:030][798]LogModuleManager: Shutting down and abandoning module SourceCodeAccess (164)
[2017.05.15-00.27.35:030][798]LogModuleManager: Shutting down and abandoning module HeadMountedDisplay (162)
[2017.05.15-00.27.35:030][798]LogModuleManager: Shutting down and abandoning module XAudio2 (160)
[2017.05.15-00.27.35:030][798]LogModuleManager: Shutting down and abandoning module Networking (158)
[2017.05.15-00.27.35:030][798]LogModuleManager: Shutting down and abandoning module Core (154)
[2017.05.15-00.27.35:030][798]LogModuleManager: Shutting down and abandoning module AssetRegistry (152)
[2017.05.15-00.27.35:210][798]LogDirectoryWatcher: A directory notification for '../../../Engine/Content/' was aborted.
[2017.05.15-00.27.35:210][798]LogDirectoryWatcher: A directory notification for '../../../../../../Users/haub100/Desktop/MechVR_EnemiesNFPSopp/MechDesert/Content/' was aborted.
[2017.05.15-00.27.35:210][798]LogDirectoryWatcher: A directory notification for '../../../Engine/Plugins/2D/Paper2D/Content/' was aborted.
[2017.05.15-00.27.35:210][798]LogModuleManager: Shutting down and abandoning module DirectoryWatcher (151)
[2017.05.15-00.27.35:213][798]LogModuleManager: Shutting down and abandoning module KismetCompiler (148)
[2017.05.15-00.27.35:213][798]LogModuleManager: Shutting down and abandoning module PhysXFormats (146)
[2017.05.15-00.27.35:213][798]LogModuleManager: Shutting down and abandoning module MeshUtilities (144)
[2017.05.15-00.27.35:213][798]LogModuleManager: Shutting down and abandoning module SimplygonSwarm (143)
[2017.05.15-00.27.35:213][798]LogModuleManager: Shutting down and abandoning module SimplygonMeshReduction (141)
[2017.05.15-00.27.35:213][798]LogModuleManager: Shutting down and abandoning module QuadricMeshReduction (139)
[2017.05.15-00.27.35:213][798]LogModuleManager: Shutting down and abandoning module PropertyEditor (137)
[2017.05.15-00.27.35:213][798]LogModuleManager: Shutting down and abandoning module DerivedDataCache (134)
[2017.05.15-00.27.35:239][798]LogDerivedDataCache: Shutdown
[2017.05.15-00.27.35:239][798]LogModuleManager: Shutting down and abandoning module TargetPlatform (132)
[2017.05.15-00.27.35:239][798]LogModuleManager: Shutting down and abandoning module VulkanShaderFormat (131)
[2017.05.15-00.27.35:239][798]LogModuleManager: Shutting down and abandoning module ShaderFormatOpenGL (129)
[2017.05.15-00.27.35:239][798]LogModuleManager: Shutting down and abandoning module ShaderFormatD3D (127)
[2017.05.15-00.27.35:239][798]LogModuleManager: Shutting down and abandoning module MetalShaderFormat (125)
[2017.05.15-00.27.35:239][798]LogModuleManager: Shutting down and abandoning module TextureFormatUncompressed (123)
[2017.05.15-00.27.35:239][798]LogModuleManager: Shutting down and abandoning module TextureFormatPVR (121)
[2017.05.15-00.27.35:239][798]LogModuleManager: Shutting down and abandoning module TextureFormatDXT (119)
[2017.05.15-00.27.35:239][798]LogModuleManager: Shutting down and abandoning module TextureFormatIntelISPCTexComp (117)
[2017.05.15-00.27.35:239][798]LogModuleManager: Shutting down and abandoning module TextureFormatASTC (115)
[2017.05.15-00.27.35:239][798]LogModuleManager: Shutting down and abandoning module ImageWrapper (114)
[2017.05.15-00.27.35:239][798]LogModuleManager: Shutting down and abandoning module TextureFormatAndroid (111)
[2017.05.15-00.27.35:239][798]LogModuleManager: Shutting down and abandoning module AudioFormatOpus (109)
[2017.05.15-00.27.35:239][798]LogModuleManager: Shutting down and abandoning module AudioFormatOgg (107)
[2017.05.15-00.27.35:239][798]LogModuleManager: Shutting down and abandoning module AudioFormatADPCM (105)
[2017.05.15-00.27.35:239][798]LogModuleManager: Shutting down and abandoning module LinuxTargetPlatform (103)
[2017.05.15-00.27.35:239][798]LogModuleManager: Shutting down and abandoning module LinuxServerTargetPlatform (101)
[2017.05.15-00.27.35:239][798]LogModuleManager: Shutting down and abandoning module LinuxNoEditorTargetPlatform (99)
[2017.05.15-00.27.35:239][798]LogModuleManager: Shutting down and abandoning module LinuxClientTargetPlatform (97)
[2017.05.15-00.27.35:239][798]LogModuleManager: Shutting down and abandoning module TVOSTargetPlatform (95)
[2017.05.15-00.27.35:239][798]LogModuleManager: Shutting down and abandoning module Messaging (93)
[2017.05.15-00.27.35:239][798]LogModuleManager: Shutting down and abandoning module IOSTargetPlatform (91)
[2017.05.15-00.27.35:239][798]LogModuleManager: Shutting down and abandoning module HTML5TargetPlatform (89)
[2017.05.15-00.27.35:239][798]LogModuleManager: Shutting down and abandoning module Android_PVRTCTargetPlatform (87)
[2017.05.15-00.27.35:239][798]LogModuleManager: Shutting down and abandoning module Android_MultiTargetPlatform (85)
[2017.05.15-00.27.35:239][798]LogModuleManager: Shutting down and abandoning module Android_ETC2TargetPlatform (83)
[2017.05.15-00.27.35:239][798]LogModuleManager: Shutting down and abandoning module Android_ETC1TargetPlatform (81)
[2017.05.15-00.27.35:239][798]LogModuleManager: Shutting down and abandoning module Android_DXTTargetPlatform (79)
[2017.05.15-00.27.35:239][798]LogModuleManager: Shutting down and abandoning module Android_ATCTargetPlatform (77)
[2017.05.15-00.27.35:239][798]LogModuleManager: Shutting down and abandoning module Android_ASTCTargetPlatform (75)
[2017.05.15-00.27.35:239][798]LogModuleManager: Shutting down and abandoning module AndroidTargetPlatform (73)
[2017.05.15-00.27.35:239][798]LogModuleManager: Shutting down and abandoning module WindowsTargetPlatform (71)
[2017.05.15-00.27.35:240][798]LogModuleManager: Shutting down and abandoning module WindowsServerTargetPlatform (69)
[2017.05.15-00.27.35:240][798]LogModuleManager: Shutting down and abandoning module WindowsNoEditorTargetPlatform (67)
[2017.05.15-00.27.35:240][798]LogModuleManager: Shutting down and abandoning module WindowsClientTargetPlatform (65)
[2017.05.15-00.27.35:240][798]LogModuleManager: Shutting down and abandoning module MacTargetPlatform (63)
[2017.05.15-00.27.35:240][798]LogModuleManager: Shutting down and abandoning module MacServerTargetPlatform (61)
[2017.05.15-00.27.35:240][798]LogModuleManager: Shutting down and abandoning module MacNoEditorTargetPlatform (59)
[2017.05.15-00.27.35:240][798]LogModuleManager: Shutting down and abandoning module MacClientTargetPlatform (57)
[2017.05.15-00.27.35:240][798]LogModuleManager: Shutting down and abandoning module AllDesktopTargetPlatform (55)
[2017.05.15-00.27.35:240][798]LogModuleManager: Shutting down and abandoning module InputCore (52)
[2017.05.15-00.27.35:240][798]LogModuleManager: Shutting down and abandoning module Settings (50)
[2017.05.15-00.27.35:240][798]LogModuleManager: Shutting down and abandoning module OculusRift (48)
[2017.05.15-00.27.35:240][798]LogModuleManager: Shutting down and abandoning module GearVR (46)
[2017.05.15-00.27.35:240][798]LogModuleManager: Shutting down and abandoning module ExampleDeviceProfileSelector (44)
[2017.05.15-00.27.35:240][798]LogModuleManager: Shutting down and abandoning module OnlineBlueprintSupport (42)
[2017.05.15-00.27.35:240][798]LogModuleManager: Shutting down and abandoning module OnlineSubsystem (38)
[2017.05.15-00.27.35:240][798]LogOnline:Display: Unloading online subsystem: NULL
[2017.05.15-00.27.35:240][798]LogModuleManager: Shutting down and abandoning module XMPP (37)
[2017.05.15-00.27.35:240][798]LogModuleManager: Shutting down and abandoning module HTTP (35)
[2017.05.15-00.27.35:240][798]LogHttp:Display: Http module shutting down, but needs to wait on 1 outstanding Http requests:
[2017.05.15-00.27.35:240][798]LogHttp:Display: 	verb=[POST] url=[https://datarouter.ol.epicgames.com/datarouter/api/v1/public/data?SessionID=%7BC91CF6C9-4099-1F1F-7804-D199B7B1EE1A%7D&AppID=UEEditor.Rocket.Release&AppVersion=4.15.1-3348071%2B%2B%2BUE4%2BRelease-4.15&UserID=276167ff4e31b8a06c32e18dce20070b%7C%7C1615ca4b-0a4f-4ead-9413-5e7bc71d5110&AppEnvironment=datacollector-binary&UploadType=eteventstream] status=Processing
[2017.05.15-00.27.35:270][798]LogModuleManager: Shutting down and abandoning module SSL (34)
[2017.05.15-00.27.35:271][798]LogModuleManager: Shutting down and abandoning module AudioEditor (30)
[2017.05.15-00.27.35:271][798]LogModuleManager: Shutting down and abandoning module TextureCompressor (28)
[2017.05.15-00.27.35:271][798]LogModuleManager: Shutting down and abandoning module ShaderCore (26)
[2017.05.15-00.27.35:271][798]LogModuleManager: Shutting down and abandoning module Landscape (24)
[2017.05.15-00.27.35:271][798]LogModuleManager: Shutting down and abandoning module SlateRHIRenderer (22)
[2017.05.15-00.27.35:272][798]LogModuleManager: Shutting down and abandoning module OpenGLDrv (20)
[2017.05.15-00.27.35:272][798]LogModuleManager: Shutting down and abandoning module D3D11RHI (18)
[2017.05.15-00.27.35:272][798]LogModuleManager: Shutting down and abandoning module AnimGraphRuntime (16)
[2017.05.15-00.27.35:272][798]LogModuleManager: Shutting down and abandoning module Renderer (14)
[2017.05.15-00.27.35:272][798]LogModuleManager: Shutting down and abandoning module Engine (12)
[2017.05.15-00.27.35:272][798]LogModuleManager: Shutting down and abandoning module CoreUObject (10)
[2017.05.15-00.27.35:272][798]LogModuleManager: Shutting down and abandoning module NetworkFile (8)
[2017.05.15-00.27.35:272][798]LogModuleManager: Shutting down and abandoning module StreamingFile (6)
[2017.05.15-00.27.35:272][798]LogModuleManager: Shutting down and abandoning module SandboxFile (4)
[2017.05.15-00.27.35:272][798]LogModuleManager: Shutting down and abandoning module PakFile (2)
[2017.05.15-00.27.35:274][798]LogExit: Exiting.
[2017.05.15-00.27.35:275][798]Log file closed, 05/14/17 17:27:35
