Log file open, 05/15/17 03:04:26
LogInit:Display: Running engine for game: MechDesert
LogPlatformFile: Not using cached read wrapper
LogInit:Display: RandInit(-829138604) SRandInit(-829138604).
LogTaskGraph: Started task graph with 5 named threads and 8 total threads with 1 sets of task threads.
LogStats: Stats thread started at 0.081953
LogInit: Using libcurl 7.47.1
LogInit:  - built for x86_64-pc-win32
LogInit:  - supports SSL with OpenSSL/1.0.2g
LogInit:  - supports HTTP deflate (compression) using libz 1.2.8
LogInit:  - other features:
LogInit:      CURL_VERSION_SSL
LogInit:      CURL_VERSION_LIBZ
LogInit:      CURL_VERSION_IPV6
LogInit:      CURL_VERSION_ASYNCHDNS
LogInit:      CURL_VERSION_LARGEFILE
LogInit:      CURL_VERSION_IDN
LogInit:  CurlRequestOptions (configurable via config and command line):
LogInit:  - bVerifyPeer = false  - Libcurl will NOT verify peer certificate
LogInit:  - bUseHttpProxy = false  - Libcurl will NOT use HTTP proxy
LogInit:  - bDontReuseConnections = false  - Libcurl will reuse connections
LogInit:  - CertBundlePath = nullptr  - Libcurl will use whatever was configured at build time.
LogInit: Build: ++UE4+Release-4.15-CL-3348071
LogInit: Engine Version: 4.15.1-3348071+++UE4+Release-4.15
LogInit: Compatible Engine Version: 4.15.0-3299760+++UE4+Release-4.15
LogInit: Net CL: 3299760
LogDevObjectVersion: Number of dev versions registered: 14
LogDevObjectVersion:   Dev-Blueprints (B0D832E4-1F89-4F0D-ACCF-7EB736FD4AA2): 8
LogDevObjectVersion:   Dev-Build (E1C64328-A22C-4D53-A36C-8E866417BD8C): 0
LogDevObjectVersion:   Dev-Core (375EC13C-06E4-48FB-B500-84F0262A717E): 2
LogDevObjectVersion:   Dev-Editor (E4B068ED-F494-42E9-A231-DA0B2E46BB41): 14
LogDevObjectVersion:   Dev-Framework (CFFC743F-43B0-4480-9391-14DF171D2073): 22
LogDevObjectVersion:   Dev-Mobile (B02B49B5-BB20-44E9-A304-32B752E40360): 0
LogDevObjectVersion:   Dev-Networking (A4E4105C-59A1-49B5-A7C5-40C4547EDFEE): 0
LogDevObjectVersion:   Dev-Online (39C831C9-5AE6-47DC-9A44-9C173E1C8E7C): 0
LogDevObjectVersion:   Dev-Physics (78F01B33-EBEA-4F98-B9B4-84EACCB95AA2): 0
LogDevObjectVersion:   Dev-Platform (6631380F-2D4D-43E0-8009-CF276956A95A): 0
LogDevObjectVersion:   Dev-Rendering (12F88B9F-8875-4AFC-A67C-D90C383ABD29): 12
LogDevObjectVersion:   Dev-Sequencer (7B5AE74C-D270-4C10-A958-57980B212A5A): 3
LogDevObjectVersion:   Dev-VR (D7296918-1DD6-4BDD-9DE2-64A83CC13884): 0
LogDevObjectVersion:   Dev-LoadTimes (C2A15278-BFE7-4AFE-6C17-90FF531DF755): 1
LogInit: Compiled (64-bit): Mar 15 2017 16:52:47
LogInit: Compiled with Visual C++: 19.00.23026.00
LogInit: Build Configuration: Development
LogInit: Branch Name: ++UE4+Release-4.15
LogInit: Command line:  
LogInit: Base directory: C:/Program Files/Epic Games/UE_4.15/Engine/Binaries/Win64/
LogInit: Installed Engine Build: 1
LogInit: Presizing for max 8388607 objects, including 0 objects not considered by GC, pre-allocating 0 bytes for permanent pool.
LogInit: Object subsystem initialized
[2017.05.15-10.04.27:126][  0]LogInit: Selected Device Profile: [Windows]
[2017.05.15-10.04.27:126][  0]LogInit: Applying CVar settings loaded from the selected device profile: [Windows]
[2017.05.15-10.04.27:133][  0]LogInit: Computer: LLB16-03
[2017.05.15-10.04.27:133][  0]LogInit: User: haub100
[2017.05.15-10.04.27:133][  0]LogInit: CPU Page size=65536, Cores=4
[2017.05.15-10.04.27:133][  0]LogInit: High frequency timer resolution =3.328124 MHz
[2017.05.15-10.04.27:133][  0]LogMemory: Memory total: Physical=15.9GB (16GB approx)
[2017.05.15-10.04.27:133][  0]LogMemory: Platform Memory Stats for Windows
[2017.05.15-10.04.27:133][  0]LogMemory: Process Physical Memory: 265.04 MB used, 265.04 MB peak
[2017.05.15-10.04.27:133][  0]LogMemory: Process Virtual Memory: 262.85 MB used, 262.85 MB peak
[2017.05.15-10.04.27:133][  0]LogMemory: Physical Memory: 4245.73 MB used,  12040.96 MB free, 16286.70 MB total
[2017.05.15-10.04.27:133][  0]LogMemory: Virtual Memory: 632.04 MB used,  12040.96 MB free, 134217728.00 MB total
[2017.05.15-10.04.27:197][  0]LogTextLocalizationManager: No specific translations for ('en-US') exist, so ('en') translations will be used.
[2017.05.15-10.04.27:826][  0]LogD3D11RHI: D3D11 adapters:
[2017.05.15-10.04.27:850][  0]LogD3D11RHI:    0. 'NVIDIA GeForce GTX 1070' (Feature Level 11_0)
[2017.05.15-10.04.27:850][  0]LogD3D11RHI:       8145/0/8143 MB DedicatedVideo/DedicatedSystem/SharedSystem, Outputs:2, VendorId:0x10de
[2017.05.15-10.04.27:858][  0]LogD3D11RHI:    1. 'Intel(R) HD Graphics 530' (Feature Level 11_0)
[2017.05.15-10.04.27:858][  0]LogD3D11RHI:       128/0/8143 MB DedicatedVideo/DedicatedSystem/SharedSystem, Outputs:0, VendorId:0x8086
[2017.05.15-10.04.27:860][  0]LogD3D11RHI:    2. 'Microsoft Basic Render Driver' (Feature Level 11_0)
[2017.05.15-10.04.27:860][  0]LogD3D11RHI:       0/0/8143 MB DedicatedVideo/DedicatedSystem/SharedSystem, Outputs:0, VendorId:0x1414
[2017.05.15-10.04.27:860][  0]LogD3D11RHI: Chosen D3D11 Adapter: 0
[2017.05.15-10.04.27:864][  0]LogD3D11RHI: Creating new Direct3DDevice
[2017.05.15-10.04.27:864][  0]LogD3D11RHI:     GPU DeviceId: 0x1b81 (for the marketing name, search the web for "GPU Device Id")
[2017.05.15-10.04.27:864][  0]LogWindows: EnumDisplayDevices:
[2017.05.15-10.04.27:864][  0]LogWindows:    0. 'NVIDIA GeForce GTX 1070' (P:1 D:1)
[2017.05.15-10.04.27:864][  0]LogWindows:    1. 'NVIDIA GeForce GTX 1070' (P:0 D:1)
[2017.05.15-10.04.27:864][  0]LogWindows:    2. 'NVIDIA GeForce GTX 1070' (P:0 D:0)
[2017.05.15-10.04.27:865][  0]LogWindows:    3. 'NVIDIA GeForce GTX 1070' (P:0 D:0)
[2017.05.15-10.04.27:865][  0]LogWindows:    4. 'Intel(R) HD Graphics 530' (P:0 D:0)
[2017.05.15-10.04.27:865][  0]LogWindows:    5. 'Intel(R) HD Graphics 530' (P:0 D:0)
[2017.05.15-10.04.27:866][  0]LogWindows:    6. 'Intel(R) HD Graphics 530' (P:0 D:0)
[2017.05.15-10.04.27:866][  0]LogWindows: DebugString: PrimaryIsNotTheChoosenAdapter PrimaryIsNotTheChoosenAdapter PrimaryIsNotTheChoosenAdapter FoundDriverCount:4 
[2017.05.15-10.04.27:866][  0]LogD3D11RHI:     Adapter Name: NVIDIA GeForce GTX 1070
[2017.05.15-10.04.27:866][  0]LogD3D11RHI:   Driver Version: 376.33 (internal:21.21.13.7633, unified:376.33)
[2017.05.15-10.04.27:866][  0]LogD3D11RHI:      Driver Date: 12-11-2016
[2017.05.15-10.04.27:866][  0]LogRHI: Texture pool is 1361 MB (70% of 1945 MB)
[2017.05.15-10.04.27:881][  0]LogD3D11RHI: Async texture creation enabled
[2017.05.15-10.04.27:897][  0]LogD3D11RHI: GPU Timing Frequency: 1000.000000 (Debug: 2 2)
[2017.05.15-10.04.27:997][  0]LogShaderCompilers: Guid format shader working directory is -16 characters bigger than the processId version (../../../../../../Users/haub100/Desktop/MechVR/MechDesertUpdated/Intermediate/Shaders/WorkingDirectory/8360/).
[2017.05.15-10.04.27:997][  0]LogShaderCompilers: Cleaned the shader compiler working directory 'C:/Users/haub100/AppData/Local/Temp/UnrealShaderWorkingDir/23ED868D4E7F3DE26F82E7AAA2F6FA93/'.
[2017.05.15-10.04.27:997][  0]LogShaderCompilers:Display: Using Local Shader Compiler.
[2017.05.15-10.04.28:906][  0]LogTemp:Display: Loaded TP AllDesktopTargetPlatform
[2017.05.15-10.04.28:948][  0]LogTemp:Display: Loaded TP MacClientTargetPlatform
[2017.05.15-10.04.28:989][  0]LogTemp:Display: Loaded TP MacNoEditorTargetPlatform
[2017.05.15-10.04.29:029][  0]LogTemp:Display: Loaded TP MacServerTargetPlatform
[2017.05.15-10.04.29:070][  0]LogTemp:Display: Loaded TP MacTargetPlatform
[2017.05.15-10.04.29:110][  0]LogTemp:Display: Loaded TP WindowsClientTargetPlatform
[2017.05.15-10.04.29:150][  0]LogTemp:Display: Loaded TP WindowsNoEditorTargetPlatform
[2017.05.15-10.04.29:192][  0]LogTemp:Display: Loaded TP WindowsServerTargetPlatform
[2017.05.15-10.04.29:224][  0]LogTemp:Display: Loaded TP WindowsTargetPlatform
[2017.05.15-10.04.29:264][  0]LogTemp:Display: Loaded TP AndroidTargetPlatform
[2017.05.15-10.04.29:306][  0]LogTemp:Display: Loaded TP Android_ASTCTargetPlatform
[2017.05.15-10.04.29:370][  0]LogTemp:Display: Loaded TP Android_ATCTargetPlatform
[2017.05.15-10.04.29:428][  0]LogTemp:Display: Loaded TP Android_DXTTargetPlatform
[2017.05.15-10.04.29:484][  0]LogTemp:Display: Loaded TP Android_ETC1TargetPlatform
[2017.05.15-10.04.29:538][  0]LogTemp:Display: Loaded TP Android_ETC2TargetPlatform
[2017.05.15-10.04.29:646][  0]LogTemp:Display: Loaded TP Android_MultiTargetPlatform
[2017.05.15-10.04.29:646][  0]LogTemp:Display: Loaded TP Android_PVRTCTargetPlatform
[2017.05.15-10.04.29:671][  0]LogTemp:Display: Loaded TP HTML5TargetPlatform
[2017.05.15-10.04.29:745][  0]LogTemp:Display: Loaded TP IOSTargetPlatform
[2017.05.15-10.04.29:772][  0]LogTemp:Display: Loaded TP TVOSTargetPlatform
[2017.05.15-10.04.29:810][  0]LogTemp:Display: Loaded TP LinuxClientTargetPlatform
[2017.05.15-10.04.29:848][  0]LogTemp:Display: Loaded TP LinuxNoEditorTargetPlatform
[2017.05.15-10.04.29:887][  0]LogTemp:Display: Loaded TP LinuxServerTargetPlatform
[2017.05.15-10.04.29:926][  0]LogTemp:Display: Loaded TP LinuxTargetPlatform
[2017.05.15-10.04.29:926][  0]LogTargetPlatformManager:Display: Building Assets For Windows
[2017.05.15-10.04.30:222][  0]LogDerivedDataCache:Display: Max Cache Size: 512 MB
[2017.05.15-10.04.30:272][  0]LogDerivedDataCache: Loaded boot cache 0.05s 50MB C:/Users/haub100/AppData/Local/UnrealEngine/4.15/DerivedDataCache/Boot.ddc.
[2017.05.15-10.04.30:273][  0]LogDerivedDataCache:Display: Loaded Boot cache: C:/Users/haub100/AppData/Local/UnrealEngine/4.15/DerivedDataCache/Boot.ddc
[2017.05.15-10.04.30:273][  0]LogDerivedDataCache: FDerivedDataBackendGraph:  Pak pak cache file ../../../../../../Users/haub100/Desktop/MechVR/MechDesertUpdated/DerivedDataCache/DDC.ddp not found, will not use a pak cache.
[2017.05.15-10.04.30:273][  0]LogDerivedDataCache: Unable to find inner node Pak for hierarchical cache Hierarchy.
[2017.05.15-10.04.30:273][  0]LogDerivedDataCache: FDerivedDataBackendGraph:  CompressedPak pak cache file ../../../../../../Users/haub100/Desktop/MechVR/MechDesertUpdated/DerivedDataCache/Compressed.ddp not found, will not use a pak cache.
[2017.05.15-10.04.30:273][  0]LogDerivedDataCache: Unable to find inner node CompressedPak for hierarchical cache Hierarchy.
[2017.05.15-10.04.30:290][  0]LogDerivedDataCache:Display: Pak cache opened for reading ../../../Engine/DerivedDataCache/Compressed.ddp.
[2017.05.15-10.04.30:302][  0]LogDerivedDataCache: Using Local data cache path C:/Users/haub100/AppData/Local/UnrealEngine/Common/DerivedDataCache: Writable
[2017.05.15-10.04.30:310][  0]LogSlate: Using Freetype 2.6.0
[2017.05.15-10.04.30:311][  0]LogSlate: SlateFontCache - WITH_FREETYPE: 1, WITH_HARFBUZZ: 1
[2017.05.15-10.04.30:311][  0]LogSlate: SlateFontCache - WITH_FREETYPE: 1, WITH_HARFBUZZ: 1
[2017.05.15-10.04.30:579][  0]LogInit: Selected Device Profile: [Windows]
[2017.05.15-10.04.30:582][  0]LogContentStreaming: Texture pool size is 0.00 MB
[2017.05.15-10.04.30:747][  0]LogMeshUtilities: Using QuadricMeshReduction for automatic static mesh reduction
[2017.05.15-10.04.30:777][  0]LogSimplygon: Simplygon DLL not present - disabling.
[2017.05.15-10.04.30:813][  0]LogMeshUtilities: Using SimplygonSwarm for distributed automatic mesh merging
[2017.05.15-10.04.30:813][  0]LogMeshUtilities: No automatic skeletal mesh reduction module available
[2017.05.15-10.04.30:813][  0]LogMeshUtilities: No automatic mesh merging module available
[2017.05.15-10.04.31:267][  0]LogNetVersion: GetLocalNetworkVersion: CL: 3299760, ProjectName: mechdesert, ProjectVersion: , EngineNetworkVersion: 2, GameNetworkVersion: 0, NetworkChecksum: 3213770044
[2017.05.15-10.04.31:305][  0]LogAssetRegistry: FAssetRegistry took 0.0218 seconds to start up
[2017.05.15-10.04.31:352][  0]LogPackageLocalizationCache: Processed 3 localized package path(s) for 2 prioritized culture(s) in 0.029939 seconds
[2017.05.15-10.04.31:357][  0]LogUObjectArray: 32493 objects as part of root set at end of initial load.
[2017.05.15-10.04.31:357][  0]LogUObjectAllocator: 7077024 out of 0 bytes used by permanent object pool.
[2017.05.15-10.04.31:357][  0]LogUObjectArray: CloseDisregardForGC: 0/0 objects in disregard for GC pool
[2017.05.15-10.04.31:398][  0]LogInit: WinSock: version 1.1 (2.2), MaxSocks=32767, MaxUdp=65467
[2017.05.15-10.04.32:680][  0]LogTcpMessaging: Initializing TcpMessaging bridge
[2017.05.15-10.04.32:714][  0]LogUdpMessaging: Initializing bridge on interface 0.0.0.0:0 to multicast group 230.0.0.1:6666.
[2017.05.15-10.04.33:061][  0]LogMaterial: Uniform references updated for custom material expression Custom.
[2017.05.15-10.04.33:339][  0]SourceControl: Info Source control is disabled
[2017.05.15-10.04.33:379][  0]SourceControl: Info Source control is disabled
[2017.05.15-10.04.33:414][  0]SourceControl: Info Source control is disabled
[2017.05.15-10.04.33:449][  0]SourceControl: Info Source control is disabled
[2017.05.15-10.04.34:386][  0]LogEngine: Initializing Engine...
[2017.05.15-10.04.34:414][  0]LogHMD: SteamVR initialized.  Driver: lighthouse  Display: LHR-770F069A
[2017.05.15-10.04.34:594][  0]LogAIModule: Creating AISystem for world Untitled
[2017.05.15-10.04.34:613][  0]LogInit: XAudio2 using 'HTC-VIVE-0 (NVIDIA High Definition Audio)' : 2 channels at 48 kHz using 16 bits per sample (channel mask 0x3)
[2017.05.15-10.04.34:620][  0]LogInit: FAudioDevice initialized.
[2017.05.15-10.04.34:649][  0]LogDerivedDataCache: Saved boot cache 0.03s 50MB C:/Users/haub100/AppData/Local/UnrealEngine/4.15/DerivedDataCache/Boot.ddc.
[2017.05.15-10.04.34:653][  0]LogInit: Texture streaming: Enabled
[2017.05.15-10.04.34:716][  0]LogEngineSessionManager: EngineSessionManager initialized
[2017.05.15-10.04.34:779][  0]LogInit: Transaction tracking system initialized
[2017.05.15-10.04.35:012][  0]BlueprintLog: New page: Editor Load
[2017.05.15-10.04.35:615][  0]LocalizationService: Info Localization service is disabled
[2017.05.15-10.04.36:074][  0]LogConsoleResponse:Display: 
[2017.05.15-10.04.36:195][  0]LogCook:Display: Max memory allowance for cook 16384mb min free memory 0mb
[2017.05.15-10.04.36:195][  0]LogCook:Display: Mobile HDR setting 1
[2017.05.15-10.04.36:461][  0]LogFileCache: Scanning file cache for directory 'C:/Users/haub100/Desktop/MechVR/MechDesertUpdated/Content/' took 0.02s
[2017.05.15-10.04.36:961][  0]SourceControl: Info Source control is disabled
[2017.05.15-10.04.36:961][  0]Cmd: MAP LOAD FILE="../../../../../../Users/haub100/Desktop/MechVR/MechDesertUpdated/Content/StarterContent/Maps/Minimal_Default.umap" TEMPLATE=0 SHOWPROGRESS=1 FEATURELEVEL=3
[2017.05.15-10.04.36:961][  0]LightingResults: New page: Lighting Build
[2017.05.15-10.04.36:988][  0]MapCheck: New page: Map Check
[2017.05.15-10.04.36:988][  0]LightingResults: New page: Lighting Build
[2017.05.15-10.04.37:258][  0]LogAIModule: Creating AISystem for world Minimal_Default
[2017.05.15-10.04.37:280][  0]LogEditorServer: Finished looking for orphan Actors (0.000 secs)
[2017.05.15-10.04.37:280][  0]Cmd: MAP CHECKDEP NOCLEARLOG
[2017.05.15-10.04.37:320][  0]MapCheck: Info Map check complete: 0 Error(s), 0 Warning(s), took 40.474ms to complete.
[2017.05.15-10.04.37:320][  0]LogFileHelpers: Loading map 'Minimal_Default' took 0.360
[2017.05.15-10.04.37:392][  0]LogWindowsTextInputMethodSystem:Display: IME system now deactivated.
[2017.05.15-10.04.37:494][  0]LogCollectionManager: Loaded 0 collections in 0.001372 seconds
[2017.05.15-10.04.37:564][  0]LogFileCache: Scanning file cache for directory 'C:/Users/haub100/Desktop/MechVR/MechDesertUpdated/Saved/Collections/' took 0.01s
[2017.05.15-10.04.37:564][  0]LogFileCache: Scanning file cache for directory 'C:/Users/haub100/Desktop/MechVR/MechDesertUpdated/Content/Developers/haub100/Collections/' took 0.01s
[2017.05.15-10.04.37:564][  0]LogFileCache: Scanning file cache for directory 'C:/Users/haub100/Desktop/MechVR/MechDesertUpdated/Content/Collections/' took 0.01s
[2017.05.15-10.04.37:564][  0]LogCollectionManager: Rebuilt the GUID cache for 0 collections in 0.000002 seconds
[2017.05.15-10.04.37:573][  0]LogContentBrowser: Native class hierarchy populated in 0.0086 seconds. Added 2245 classes and 453 folders.
[2017.05.15-10.04.37:576][  0]LogStats: UGameplayTagsManager::ConstructGameplayTagTree: Construct from data asset -  0.000 s
[2017.05.15-10.04.37:576][  0]LogStats: UGameplayTagsManager::ConstructGameplayTagTree: GameplayTagTreeChangedEvent.Broadcast -  0.000 s
[2017.05.15-10.04.37:620][  0]LogContentBrowser: Native class hierarchy updated for 'WidgetCarousel' in 0.0006 seconds. Added 0 classes and 0 folders.
[2017.05.15-10.04.37:665][  0]LogContentBrowser: Native class hierarchy updated for 'AddContentDialog' in 0.0009 seconds. Added 0 classes and 0 folders.
[2017.05.15-10.04.37:698][  0]LogContentBrowser: Native class hierarchy updated for 'SceneOutliner' in 0.0009 seconds. Added 1 classes and 2 folders.
[2017.05.15-10.04.37:738][  0]LogCrashTracker: Crashtracker disabled due to settings.
[2017.05.15-10.04.37:745][  0]LogUObjectGlobals:Warning: Failed to find object 'Class None.'
[2017.05.15-10.04.37:801][  0]LogContentBrowser: Native class hierarchy updated for 'HierarchicalLODOutliner' in 0.0007 seconds. Added 1 classes and 2 folders.
[2017.05.15-10.04.37:802][  0]LogLoad: (Engine Initialization) Total time: 12.38 seconds
[2017.05.15-10.04.37:802][  0]LogLoad: (Engine Initialization) Total Blueprint compile time: 0.07 seconds
[2017.05.15-10.04.37:802][  0]LogExternalProfiler: Found external profiler: VSPerf
[2017.05.15-10.04.37:802][  0]LogExternalProfiler: Using external profiler: VSPerf
[2017.05.15-10.04.37:811][  0]LogOcInput: OculusInput pre-init called
[2017.05.15-10.04.37:811][  0]LogSteamVRController: Controller role for device 2 is 2 (invalid=0, left=1, right=2).
[2017.05.15-10.04.37:811][  0]LogSteamVRController:Warning: Controller device 2 is being assigned to its prefered role 'right'.
[2017.05.15-10.04.37:811][  0]LogSteamVRController: Controller device 2 is being assigned unreal hand 1 (left=0, right=1).
[2017.05.15-10.04.37:811][  0]LogSteamVRController: Controller role for device 3 is 1 (invalid=0, left=1, right=2).
[2017.05.15-10.04.37:811][  0]LogSteamVRController: Putting controller 3 on the left hand because there is already a controller for the right.
[2017.05.15-10.04.37:811][  0]LogSteamVRController: Controller device 3 is being assigned unreal hand 0 (left=0, right=1).
[2017.05.15-10.04.37:831][  0]LogContentStreaming: Texture pool size now 1000 MB
[2017.05.15-10.04.37:832][  0]LogSlate: Took 0.000303 seconds to synchronously load lazily loaded font '../../../Engine/Content/Slate/Fonts/Roboto-Regular.ttf' (155K)
[2017.05.15-10.04.37:835][  0]LogSlate: Took 0.000271 seconds to synchronously load lazily loaded font '../../../Engine/Content/Slate/Fonts/Roboto-Bold.ttf' (160K)
[2017.05.15-10.04.37:840][  0]LogSlate: Took 0.000270 seconds to synchronously load lazily loaded font '../../../Engine/Content/Editor/Slate/Fonts/FontAwesome.ttf' (139K)
[2017.05.15-10.04.37:951][  0]LogSlate: Took 0.000156 seconds to synchronously load lazily loaded font '../../../Engine/Content/Slate/Fonts/Roboto-Light.ttf' (159K)
[2017.05.15-10.04.37:991][  0]LogRenderer: Reallocating scene render targets to support 620x540 NumSamples 1 (Frame:2).
[2017.05.15-10.04.38:058][  1]LogAssetRegistry: Asset discovery search completed in 6.7747 seconds
[2017.05.15-10.04.38:058][  1]LogCollectionManager: Rebuilt the object cache for 0 collections in 0.000005 seconds (found 0 objects)
[2017.05.15-10.04.38:059][  1]LogCollectionManager: Fixed up redirectors for 0 collections in 0.000031 seconds (updated 0 objects)
[2017.05.15-10.04.38:831][ 81]LogSlate: Took 0.000298 seconds to synchronously load lazily loaded font '../../../Engine/Content/Slate/Fonts/Roboto-Light.ttf' (159K)
[2017.05.15-10.05.00:216][629]LogSlate: Took 0.000216 seconds to synchronously load lazily loaded font '../../../Engine/Content/Slate/Fonts/Roboto-Light.ttf' (159K)
[2017.05.15-10.05.00:297][629]LogClass:Warning: Enum '/Game/ExampleContent/VR_World_Interaction/Blueprints/FeedbackEffects/EFeedbackIntensity.EFeedbackIntensity' was upgraded to use FText to store its display name data. Please re-save this asset to avoid issues with localization and determinstic cooking.
[2017.05.15-10.05.00:298][629]LogClass:Warning: Enum '/Game/ExampleContent/VR_World_Interaction/Blueprints/FeedbackEffects/EFeedbackType.EFeedbackType' was upgraded to use FText to store its display name data. Please re-save this asset to avoid issues with localization and determinstic cooking.
[2017.05.15-10.05.00:467][629]LogMetaData: Removing '/Game/Assets/Mech/OldMech/ScopeTarget.ScopeTarget_C' ref from Metadata '/Game/Assets/Mech/ScopeTarget.PackageMetaData'
[2017.05.15-10.05.00:467][629]LogMetaData: Removing '/Game/Assets/Mech/OldMech/ScopeTarget.ScopeTarget_C:Image_957' ref from Metadata '/Game/Assets/Mech/ScopeTarget.PackageMetaData'
[2017.05.15-10.05.00:467][629]LogMetaData: Removing '/Game/Assets/Mech/OldMech/ScopeTarget.ScopeTarget:EventGraph.K2Node_Event_0' ref from Metadata '/Game/Assets/Mech/ScopeTarget.PackageMetaData'
[2017.05.15-10.05.00:467][629]LogMetaData: Removing '/Game/Assets/Mech/OldMech/ScopeTarget.ScopeTarget:EventGraph.K2Node_Event_1' ref from Metadata '/Game/Assets/Mech/ScopeTarget.PackageMetaData'
[2017.05.15-10.05.00:467][629]LogMetaData: Removing '/Game/Assets/Mech/OldMech/ScopeTarget.ScopeTarget:GetBrush_0.K2Node_FunctionEntry_0' ref from Metadata '/Game/Assets/Mech/ScopeTarget.PackageMetaData'
[2017.05.15-10.05.00:467][629]LogMetaData: Removing '/Game/Assets/Mech/OldMech/ScopeTarget.ScopeTarget:GetBrush_0.K2Node_FunctionResult_0' ref from Metadata '/Game/Assets/Mech/ScopeTarget.PackageMetaData'
[2017.05.15-10.05.00:467][629]LogMetaData: Removing '/Game/Assets/Mech/OldMech/ScopeTarget.SKEL_ScopeTarget_C:Image_957' ref from Metadata '/Game/Assets/Mech/ScopeTarget.PackageMetaData'
[2017.05.15-10.05.00:467][629]LogMetaData: Removing '/Game/Assets/Mech/OldMech/ScopeTarget.SKEL_ScopeTarget_C' ref from Metadata '/Game/Assets/Mech/ScopeTarget.PackageMetaData'
[2017.05.15-10.05.00:488][629]Cmd: OBJ SAVEPACKAGE PACKAGE="/Game/Assets/Mech/OldMech/ScopeTarget" FILE="../../../../../../Users/haub100/Desktop/MechVR/MechDesertUpdated/Content/Assets/Mech/OldMech/ScopeTarget.uasset" SILENT=true
[2017.05.15-10.05.00:498][629]LogSavePackage: Save=8.07ms
[2017.05.15-10.05.00:498][629]LogSavePackage: Moving '../../../../../../Users/haub100/Desktop/MechVR/MechDesertUpdated/Saved/ScopeTarget4BD223584A1412C694F5478D5253A066.tmp' to '../../../../../../Users/haub100/Desktop/MechVR/MechDesertUpdated/Content/Assets/Mech/OldMech/ScopeTarget.uasset'
[2017.05.15-10.05.00:501][629]LogSavePackage:Display: Finished SavePackage ../../../../../../Users/haub100/Desktop/MechVR/MechDesertUpdated/Content/Assets/Mech/OldMech/ScopeTarget.uasset
[2017.05.15-10.05.00:728][629]LogSavePackage: Save=90.86ms
[2017.05.15-10.05.00:728][629]LogSavePackage: Moving '../../../../../../Users/haub100/Desktop/MechVR/MechDesertUpdated/Saved/ScopeInteractive7510321E470719C96FC29098361A1D96.tmp' to '../../../../../../Users/haub100/Desktop/MechVR/MechDesertUpdated/Content/Assets/Mech/OldMech/ScopeInteractive.uasset'
[2017.05.15-10.05.00:731][629]LogSavePackage:Display: Finished SavePackage ../../../../../../Users/haub100/Desktop/MechVR/MechDesertUpdated/Content/Assets/Mech/OldMech/ScopeInteractive.uasset
[2017.05.15-10.05.08:167][506]LogClass:Warning: Enum '/Game/ExampleContent/VR_Trace_Interaction/Blueprints/Enums/EInteractionTraceTypes.EInteractionTraceTypes' was upgraded to use FText to store its display name data. Please re-save this asset to avoid issues with localization and determinstic cooking.
[2017.05.15-10.05.08:416][506]LogLinker:Warning: Can't find file '/Game/Blueprints/Weapons/Materials/M_Fire_01_Add_6X6_INST'
[2017.05.15-10.05.08:416][506]LogLinker:Warning: Can't find file for asset '/Game/Blueprints/Weapons/Materials/M_Fire_01_Add_6X6_INST' while loading ../../../../../../Users/haub100/Desktop/MechVR/MechDesertUpdated/Content/Blueprints/Weapons/Minigun/Effects/P_BackPack_MuzzleFlash.uasset.
[2017.05.15-10.05.08:416][506]LoadErrors:Error: Error /Game/Blueprints/Weapons/Minigun/Effects/P_BackPack_MuzzleFlash : Can't find file for asset. /Game/Blueprints/Weapons/Materials/M_Fire_01_Add_6X6_INST
[2017.05.15-10.05.08:416][506]LogLinker:Warning: Can't find file '/Game/Blueprints/Weapons/Materials/M_Fireball_03_4_4_INST'
[2017.05.15-10.05.08:416][506]LogLinker:Warning: Can't find file for asset '/Game/Blueprints/Weapons/Materials/M_Fireball_03_4_4_INST' while loading ../../../../../../Users/haub100/Desktop/MechVR/MechDesertUpdated/Content/Blueprints/Weapons/Minigun/Effects/P_BackPack_MuzzleFlash.uasset.
[2017.05.15-10.05.08:416][506]LoadErrors:Error: Error /Game/Blueprints/Weapons/Minigun/Effects/P_BackPack_MuzzleFlash : Can't find file for asset. /Game/Blueprints/Weapons/Materials/M_Fireball_03_4_4_INST
[2017.05.15-10.05.08:416][506]LogLinker:Warning: Can't find file '/Game/Blueprints/Weapons/Materials/M_Flare_04_INST'
[2017.05.15-10.05.08:416][506]LogLinker:Warning: Can't find file for asset '/Game/Blueprints/Weapons/Materials/M_Flare_04_INST' while loading ../../../../../../Users/haub100/Desktop/MechVR/MechDesertUpdated/Content/Blueprints/Weapons/Minigun/Effects/P_BackPack_MuzzleFlash.uasset.
[2017.05.15-10.05.08:416][506]LoadErrors:Error: Error /Game/Blueprints/Weapons/Minigun/Effects/P_BackPack_MuzzleFlash : Can't find file for asset. /Game/Blueprints/Weapons/Materials/M_Flare_04_INST
[2017.05.15-10.05.08:416][506]LogLinker:Warning: Can't find file '/Game/Blueprints/Weapons/Materials/M_Smoke_01_8X8_INST'
[2017.05.15-10.05.08:416][506]LogLinker:Warning: Can't find file for asset '/Game/Blueprints/Weapons/Materials/M_Smoke_01_8X8_INST' while loading ../../../../../../Users/haub100/Desktop/MechVR/MechDesertUpdated/Content/Blueprints/Weapons/Minigun/Effects/P_BackPack_MuzzleFlash.uasset.
[2017.05.15-10.05.08:416][506]LoadErrors:Error: Error /Game/Blueprints/Weapons/Minigun/Effects/P_BackPack_MuzzleFlash : Can't find file for asset. /Game/Blueprints/Weapons/Materials/M_Smoke_01_8X8_INST
[2017.05.15-10.05.08:416][506]LogLinker:Warning: Can't find file '/Game/Blueprints/Weapons/Materials/M_Spark_04_SubUV_1_4_INST'
[2017.05.15-10.05.08:417][506]LogLinker:Warning: Can't find file for asset '/Game/Blueprints/Weapons/Materials/M_Spark_04_SubUV_1_4_INST' while loading ../../../../../../Users/haub100/Desktop/MechVR/MechDesertUpdated/Content/Blueprints/Weapons/Minigun/Effects/P_BackPack_MuzzleFlash.uasset.
[2017.05.15-10.05.08:417][506]LoadErrors:Error: Error /Game/Blueprints/Weapons/Minigun/Effects/P_BackPack_MuzzleFlash : Can't find file for asset. /Game/Blueprints/Weapons/Materials/M_Spark_04_SubUV_1_4_INST
[2017.05.15-10.05.08:417][506]LogLinker:Warning: Can't find file '/Game/Blueprints/Weapons/Materials/M_Fire_01_Add_6X6_INST'
[2017.05.15-10.05.08:417][506]LogLinker:Warning: Can't find file for asset '/Game/Blueprints/Weapons/Materials/M_Fire_01_Add_6X6_INST' while loading ../../../../../../Users/haub100/Desktop/MechVR/MechDesertUpdated/Content/Blueprints/Weapons/Minigun/Effects/P_BackPack_MuzzleFlash.uasset.
[2017.05.15-10.05.08:417][506]LogLinker:Warning: Can't find file '/Game/Blueprints/Weapons/Materials/M_Fireball_03_4_4_INST'
[2017.05.15-10.05.08:417][506]LogLinker:Warning: Can't find file for asset '/Game/Blueprints/Weapons/Materials/M_Fireball_03_4_4_INST' while loading ../../../../../../Users/haub100/Desktop/MechVR/MechDesertUpdated/Content/Blueprints/Weapons/Minigun/Effects/P_BackPack_MuzzleFlash.uasset.
[2017.05.15-10.05.08:417][506]LogLinker:Warning: Can't find file '/Game/Blueprints/Weapons/Materials/M_Flare_04_INST'
[2017.05.15-10.05.08:417][506]LogLinker:Warning: Can't find file for asset '/Game/Blueprints/Weapons/Materials/M_Flare_04_INST' while loading ../../../../../../Users/haub100/Desktop/MechVR/MechDesertUpdated/Content/Blueprints/Weapons/Minigun/Effects/P_BackPack_MuzzleFlash.uasset.
[2017.05.15-10.05.08:417][506]LogLinker:Warning: Can't find file '/Game/Blueprints/Weapons/Materials/M_Smoke_01_8X8_INST'
[2017.05.15-10.05.08:417][506]LogLinker:Warning: Can't find file for asset '/Game/Blueprints/Weapons/Materials/M_Smoke_01_8X8_INST' while loading ../../../../../../Users/haub100/Desktop/MechVR/MechDesertUpdated/Content/Blueprints/Weapons/Minigun/Effects/P_BackPack_MuzzleFlash.uasset.
[2017.05.15-10.05.08:417][506]LogLinker:Warning: Can't find file '/Game/Blueprints/Weapons/Materials/M_Spark_04_SubUV_1_4_INST'
[2017.05.15-10.05.08:417][506]LogLinker:Warning: Can't find file for asset '/Game/Blueprints/Weapons/Materials/M_Spark_04_SubUV_1_4_INST' while loading ../../../../../../Users/haub100/Desktop/MechVR/MechDesertUpdated/Content/Blueprints/Weapons/Minigun/Effects/P_BackPack_MuzzleFlash.uasset.
[2017.05.15-10.05.08:648][506]LogLinker:Warning: Can't find file '/Game/Blueprints/Weapons/Materials/M_Fire_01_Add_6X6_INST'
[2017.05.15-10.05.08:648][506]LoadErrors: Info Failed to load /Game/Blueprints/Weapons/Materials/M_Fire_01_Add_6X6_INST.M_Fire_01_Add_6X6_INST Referenced by ParticleModuleRequired_1
[2017.05.15-10.05.08:648][506]LogLinker:Warning: Can't find file for asset '/Game/Blueprints/Weapons/Materials/M_Fire_01_Add_6X6_INST' while loading NULL.
[2017.05.15-10.05.08:648][506]LogLinker:Warning: Can't find file '/Game/Blueprints/Weapons/Materials/M_Fire_01_Add_6X6_INST'
[2017.05.15-10.05.08:648][506]LoadErrors: Info Failed to load /Game/Blueprints/Weapons/Materials/M_Fire_01_Add_6X6_INST.M_Fire_01_Add_6X6_INST Referenced by ParticleModuleRequired_10
[2017.05.15-10.05.08:648][506]LogLinker:Warning: Can't find file for asset '/Game/Blueprints/Weapons/Materials/M_Fire_01_Add_6X6_INST' while loading NULL.
[2017.05.15-10.05.08:648][506]LogLinker:Warning: Can't find file '/Game/Blueprints/Weapons/Materials/M_Spark_04_SubUV_1_4_INST'
[2017.05.15-10.05.08:648][506]LoadErrors: Info Failed to load /Game/Blueprints/Weapons/Materials/M_Spark_04_SubUV_1_4_INST.M_Spark_04_SubUV_1_4_INST Referenced by ParticleModuleRequired_14
[2017.05.15-10.05.08:648][506]LogLinker:Warning: Can't find file for asset '/Game/Blueprints/Weapons/Materials/M_Spark_04_SubUV_1_4_INST' while loading NULL.
[2017.05.15-10.05.08:648][506]LogLinker:Warning: Can't find file '/Game/Blueprints/Weapons/Materials/M_Smoke_01_8X8_INST'
[2017.05.15-10.05.08:648][506]LoadErrors: Info Failed to load /Game/Blueprints/Weapons/Materials/M_Smoke_01_8X8_INST.M_Smoke_01_8X8_INST Referenced by ParticleModuleRequired_3
[2017.05.15-10.05.08:648][506]LogLinker:Warning: Can't find file for asset '/Game/Blueprints/Weapons/Materials/M_Smoke_01_8X8_INST' while loading NULL.
[2017.05.15-10.05.08:649][506]LogLinker:Warning: Can't find file '/Game/Blueprints/Weapons/Materials/M_Flare_04_INST'
[2017.05.15-10.05.08:649][506]LoadErrors: Info Failed to load /Game/Blueprints/Weapons/Materials/M_Flare_04_INST.M_Flare_04_INST Referenced by ParticleModuleRequired_5
[2017.05.15-10.05.08:649][506]LogLinker:Warning: Can't find file for asset '/Game/Blueprints/Weapons/Materials/M_Flare_04_INST' while loading NULL.
[2017.05.15-10.05.08:649][506]LogLinker:Warning: Can't find file '/Game/Blueprints/Weapons/Materials/M_Fireball_03_4_4_INST'
[2017.05.15-10.05.08:649][506]LoadErrors: Info Failed to load /Game/Blueprints/Weapons/Materials/M_Fireball_03_4_4_INST.M_Fireball_03_4_4_INST Referenced by ParticleModuleRequired_7
[2017.05.15-10.05.08:649][506]LogLinker:Warning: Can't find file for asset '/Game/Blueprints/Weapons/Materials/M_Fireball_03_4_4_INST' while loading NULL.
[2017.05.15-10.05.35:912][506]LogObjectTools:Warning: ForceReplaceReferences replaced references for a transient object 'SimpleConstructionScript_0' or package '/Engine/Transient'.
[2017.05.15-10.05.35:912][506]LogObjectTools:Warning: ForceReplaceReferences replaced references for a transient object 'DEADCLASS_BP_MechPawn5_2_2017_C_0' or package '/Engine/Transient'.
[2017.05.15-10.05.35:912][506]LogObjectTools:Warning: ForceReplaceReferences replaced references for a transient object 'AbortBtn_GEN_VARIABLE' or package '/Engine/Transient'.
[2017.05.15-10.05.35:912][506]LogObjectTools:Warning: ForceReplaceReferences replaced references for a transient object 'GunSFX_GEN_VARIABLE' or package '/Engine/Transient'.
[2017.05.15-10.05.35:912][506]LogObjectTools:Warning: ForceReplaceReferences replaced references for a transient object 'Button_WeaponSwap_GEN_VARIABLE' or package '/Engine/Transient'.
[2017.05.15-10.05.35:912][506]LogObjectTools:Warning: ForceReplaceReferences replaced references for a transient object 'L_Joystick_GEN_VARIABLE' or package '/Engine/Transient'.
[2017.05.15-10.05.35:912][506]LogObjectTools:Warning: ForceReplaceReferences replaced references for a transient object 'R_Joystick_GEN_VARIABLE' or package '/Engine/Transient'.
[2017.05.15-10.05.35:912][506]LogObjectTools:Warning: ForceReplaceReferences replaced references for a transient object 'BP_TraceInteractor_L_GEN_VARIABLE' or package '/Engine/Transient'.
[2017.05.15-10.05.35:912][506]LogObjectTools:Warning: ForceReplaceReferences replaced references for a transient object 'BP_TraceInteractor_R_GEN_VARIABLE' or package '/Engine/Transient'.
[2017.05.15-10.05.35:912][506]LogObjectTools:Warning: ForceReplaceReferences replaced references for a transient object 'BPC_WorldInteractor_L_GEN_VARIABLE' or package '/Engine/Transient'.
[2017.05.15-10.05.35:912][506]LogObjectTools:Warning: ForceReplaceReferences replaced references for a transient object 'BPC_WorldInteractor_R_GEN_VARIABLE' or package '/Engine/Transient'.
[2017.05.15-10.05.35:912][506]LogObjectTools:Warning: ForceReplaceReferences replaced references for a transient object 'Camera_GEN_VARIABLE' or package '/Engine/Transient'.
[2017.05.15-10.05.35:912][506]LogObjectTools:Warning: ForceReplaceReferences replaced references for a transient object 'FuckingChild_GEN_VARIABLE' or package '/Engine/Transient'.
[2017.05.15-10.05.35:912][506]LogObjectTools:Warning: ForceReplaceReferences replaced references for a transient object 'MotionController_L_GEN_VARIABLE' or package '/Engine/Transient'.
[2017.05.15-10.05.35:912][506]LogObjectTools:Warning: ForceReplaceReferences replaced references for a transient object 'MotionController_R_GEN_VARIABLE' or package '/Engine/Transient'.
[2017.05.15-10.05.35:912][506]LogObjectTools:Warning: ForceReplaceReferences replaced references for a transient object 'PointLight_GEN_VARIABLE' or package '/Engine/Transient'.
[2017.05.15-10.05.35:912][506]LogObjectTools:Warning: ForceReplaceReferences replaced references for a transient object 'CameraRoot_GEN_VARIABLE' or package '/Engine/Transient'.
[2017.05.15-10.05.35:913][506]LogObjectTools:Warning: ForceReplaceReferences replaced references for a transient object 'DefaultSceneRoot_GEN_VARIABLE' or package '/Engine/Transient'.
[2017.05.15-10.05.35:913][506]LogObjectTools:Warning: ForceReplaceReferences replaced references for a transient object 'DEADCLASS_MechAnimationBP_C_2' or package '/Engine/Transient'.
[2017.05.15-10.05.35:913][506]LogObjectTools:Warning: ForceReplaceReferences replaced references for a transient object 'Sphere_GEN_VARIABLE' or package '/Engine/Transient'.
[2017.05.15-10.05.35:913][506]LogObjectTools:Warning: ForceReplaceReferences replaced references for a transient object 'SphereMissileSpawn_GEN_VARIABLE' or package '/Engine/Transient'.
[2017.05.15-10.05.35:913][506]LogObjectTools:Warning: ForceReplaceReferences replaced references for a transient object 'L_Hand_Sphere_GEN_VARIABLE' or package '/Engine/Transient'.
[2017.05.15-10.05.35:913][506]LogObjectTools:Warning: ForceReplaceReferences replaced references for a transient object 'R_Hand_Sphere_GEN_VARIABLE' or package '/Engine/Transient'.
[2017.05.15-10.05.35:913][506]LogObjectTools:Warning: ForceReplaceReferences replaced references for a transient object 'EjectText_GEN_VARIABLE' or package '/Engine/Transient'.
[2017.05.15-10.05.35:913][506]LogObjectTools:Warning: ForceReplaceReferences replaced references for a transient object 'WidgetInteraction_GEN_VARIABLE' or package '/Engine/Transient'.
[2017.05.15-10.05.35:913][506]LogObjectTools:Warning: ForceReplaceReferences replaced references for a transient object 'DEADCLASS_MechAnimationBP_C_3' or package '/Engine/Transient'.
[2017.05.15-10.05.35:913][506]LogObjectTools:Warning: ForceReplaceReferences replaced references for a transient object 'BlueprintUpdateAnimation' or package '/Game/Assets/Mech/MechAnimationBP'.
[2017.05.15-10.05.35:913][506]LogObjectTools:Warning: ForceReplaceReferences replaced references for a transient object 'EvaluateGraphExposedInputs_ExecuteUbergraph_MechAnimationBP_AnimGraphNode_ModifyBone_7182F4E34DC506E8A8686CA029FC9985' or package '/Game/Assets/Mech/MechAnimationBP'.
[2017.05.15-10.05.35:919][506]LogObjectTools:Warning: ForceReplaceReferences replaced references for a transient object 'DEADCLASS_BP_MechPawn5_2_2017_C_1' or package '/Engine/Transient'.
[2017.05.15-10.05.35:919][506]LogObjectTools:Warning: ForceReplaceReferences replaced references for a transient object 'ReceiveBeginPlay' or package '/Game/Assets/Mech/BP_MechPawn5_2_2017'.
[2017.05.15-10.05.35:919][506]LogObjectTools:Warning: ForceReplaceReferences replaced references for a transient object 'ReceiveTick' or package '/Game/Assets/Mech/BP_MechPawn5_2_2017'.
[2017.05.15-10.05.35:919][506]LogObjectTools:Warning: ForceReplaceReferences replaced references for a transient object 'MechGunRotator' or package '/Engine/Transient'.
[2017.05.15-10.05.35:919][506]LogObjectTools:Warning: ForceReplaceReferences replaced references for a transient object 'AimingPoint' or package '/Engine/Transient'.
[2017.05.15-10.05.35:919][506]LogObjectTools:Warning: ForceReplaceReferences replaced references for a transient object 'NewVar_0' or package '/Engine/Transient'.
[2017.05.15-10.05.35:919][506]LogObjectTools:Warning: ForceReplaceReferences replaced references for a transient object 'AimingMinigun' or package '/Engine/Transient'.
[2017.05.15-10.05.35:919][506]LogObjectTools:Warning: ForceReplaceReferences replaced references for a transient object 'AnimGraphNode_ComponentToLocalSpace_B6C5CC6349E4ACB37B5BBCA13DDBADC3' or package '/Engine/Transient'.
[2017.05.15-10.05.35:919][506]LogObjectTools:Warning: ForceReplaceReferences replaced references for a transient object 'AnimGraphNode_LocalToComponentSpace_4B2481B74F93393A6EC783B9748852F7' or package '/Engine/Transient'.
[2017.05.15-10.05.35:919][506]LogObjectTools:Warning: ForceReplaceReferences replaced references for a transient object 'AnimGraphNode_UseCachedPose_DF308A0B461CB0883DF378BC8CB9583C' or package '/Engine/Transient'.
[2017.05.15-10.05.35:919][506]LogObjectTools:Warning: ForceReplaceReferences replaced references for a transient object 'AnimGraphNode_SaveCachedPose_A9A70EB94C4AC424305F6DA14788EA24' or package '/Engine/Transient'.
[2017.05.15-10.05.35:919][506]LogObjectTools:Warning: ForceReplaceReferences replaced references for a transient object 'AnimGraphNode_StateMachine_2537D4E049BE817445C880BFECB69562' or package '/Engine/Transient'.
[2017.05.15-10.05.35:919][506]LogObjectTools:Warning: ForceReplaceReferences replaced references for a transient object 'AnimGraphNode_StateResult_B9ECA7434E0F1E2FDBBEF089E2F3A556' or package '/Engine/Transient'.
[2017.05.15-10.05.35:919][506]LogObjectTools:Warning: ForceReplaceReferences replaced references for a transient object 'AnimGraphNode_ModifyBone_7182F4E34DC506E8A8686CA029FC9985' or package '/Engine/Transient'.
[2017.05.15-10.05.35:919][506]LogObjectTools:Warning: ForceReplaceReferences replaced references for a transient object 'AnimGraphNode_Root_6D3836794BCA19D15B12A9AFA7FF7156' or package '/Engine/Transient'.
[2017.05.15-10.05.35:919][506]LogObjectTools:Warning: ForceReplaceReferences replaced references for a transient object 'ExecuteUbergraph_MechAnimationBP' or package '/Engine/Transient'.
[2017.05.15-10.05.35:919][506]LogObjectTools:Warning: ForceReplaceReferences replaced references for a transient object 'K2Node_DynamicCast_AsBP_Mech_Pawn_5_2_2017' or package '/Engine/Transient'.
[2017.05.15-10.05.35:919][506]LogObjectTools:Warning: ForceReplaceReferences replaced references for a transient object 'K2Node_DynamicCast_AsBP_Mech_Pawn_5_2_20172' or package '/Engine/Transient'.
[2017.05.15-10.05.35:919][506]LogObjectTools:Warning: ForceReplaceReferences replaced references for a transient object 'BlueprintUpdateAnimation' or package '/Engine/Transient'.
[2017.05.15-10.05.35:919][506]LogObjectTools:Warning: ForceReplaceReferences replaced references for a transient object 'EvaluateGraphExposedInputs_ExecuteUbergraph_MechAnimationBP_AnimGraphNode_ModifyBone_7182F4E34DC506E8A8686CA029FC9985' or package '/Engine/Transient'.
[2017.05.15-10.05.35:919][506]LogObjectTools:Warning: ForceReplaceReferences replaced references for a transient object 'UberGraphFrame' or package '/Engine/Transient'.
[2017.05.15-10.05.35:919][506]LogObjectTools:Warning: ForceReplaceReferences replaced references for a transient object 'REINST_SKEL_MechAnimationBP_C_3' or package '/Engine/Transient'.
[2017.05.15-10.05.35:919][506]LogObjectTools:Warning: ForceReplaceReferences replaced references for a transient object 'TRASHCLASS_BP_MechPawn5_2_93' or package '/Engine/Transient'.
[2017.05.15-10.05.35:919][506]LogObjectTools:Warning: ForceReplaceReferences replaced references for a transient object 'NewVar_1' or package '/Engine/Transient'.
[2017.05.15-10.05.35:919][506]LogObjectTools:Warning: ForceReplaceReferences replaced references for a transient object 'NewVar_0' or package '/Engine/Transient'.
[2017.05.15-10.05.35:919][506]LogObjectTools:Warning: ForceReplaceReferences replaced references for a transient object 'MiniGunActive' or package '/Engine/Transient'.
[2017.05.15-10.05.35:919][506]LogObjectTools:Warning: ForceReplaceReferences replaced references for a transient object 'ImpactPoint' or package '/Engine/Transient'.
[2017.05.15-10.05.35:919][506]LogObjectTools:Warning: ForceReplaceReferences replaced references for a transient object 'Button' or package '/Engine/Transient'.
[2017.05.15-10.05.35:919][506]LogObjectTools:Warning: ForceReplaceReferences replaced references for a transient object 'MissileAmmo' or package '/Engine/Transient'.
[2017.05.15-10.05.35:920][506]LogObjectTools:Warning: ForceReplaceReferences replaced references for a transient object 'HUD' or package '/Engine/Transient'.
[2017.05.15-10.05.35:920][506]LogObjectTools:Warning: ForceReplaceReferences replaced references for a transient object 'ObjectsToTarget' or package '/Engine/Transient'.
[2017.05.15-10.05.35:920][506]LogObjectTools:Warning: ForceReplaceReferences replaced references for a transient object 'HomingTarget' or package '/Engine/Transient'.
[2017.05.15-10.05.35:920][506]LogObjectTools:Warning: ForceReplaceReferences replaced references for a transient object 'isFiring' or package '/Engine/Transient'.
[2017.05.15-10.05.35:920][506]LogObjectTools:Warning: ForceReplaceReferences replaced references for a transient object 'FireCount' or package '/Engine/Transient'.
[2017.05.15-10.05.35:920][506]LogObjectTools:Warning: ForceReplaceReferences replaced references for a transient object 'UsingMotionControllers?' or package '/Engine/Transient'.
[2017.05.15-10.05.35:920][506]LogObjectTools:Warning: ForceReplaceReferences replaced references for a transient object 'GunOffset' or package '/Engine/Transient'.
[2017.05.15-10.05.35:920][506]LogObjectTools:Warning: ForceReplaceReferences replaced references for a transient object 'BaseTurnRate' or package '/Engine/Transient'.
[2017.05.15-10.05.35:920][506]LogObjectTools:Warning: ForceReplaceReferences replaced references for a transient object 'Look_LR' or package '/Engine/Transient'.
[2017.05.15-10.05.35:920][506]LogObjectTools:Warning: ForceReplaceReferences replaced references for a transient object 'Dist' or package '/Engine/Transient'.
[2017.05.15-10.05.35:920][506]LogObjectTools:Warning: ForceReplaceReferences replaced references for a transient object 'Camera' or package '/Engine/Transient'.
[2017.05.15-10.05.35:920][506]LogObjectTools:Warning: ForceReplaceReferences replaced references for a transient object 'R_Hand_Sphere' or package '/Engine/Transient'.
[2017.05.15-10.05.35:920][506]LogObjectTools:Warning: ForceReplaceReferences replaced references for a transient object 'L_Hand_Sphere' or package '/Engine/Transient'.
[2017.05.15-10.05.35:920][506]LogObjectTools:Warning: ForceReplaceReferences replaced references for a transient object 'BP_TraceInteractor_L' or package '/Engine/Transient'.
[2017.05.15-10.05.35:920][506]LogObjectTools:Warning: ForceReplaceReferences replaced references for a transient object 'BPC_WorldInteractor_L' or package '/Engine/Transient'.
[2017.05.15-10.05.35:920][506]LogObjectTools:Warning: ForceReplaceReferences replaced references for a transient object 'BPC_WorldInteractor_R' or package '/Engine/Transient'.
[2017.05.15-10.05.35:920][506]LogObjectTools:Warning: ForceReplaceReferences replaced references for a transient object 'BP_TraceInteractor_R' or package '/Engine/Transient'.
[2017.05.15-10.05.35:920][506]LogObjectTools:Warning: ForceReplaceReferences replaced references for a transient object 'CameraRoot' or package '/Engine/Transient'.
[2017.05.15-10.05.35:920][506]LogObjectTools:Warning: ForceReplaceReferences replaced references for a transient object 'MotionController_R' or package '/Engine/Transient'.
[2017.05.15-10.05.35:920][506]LogObjectTools:Warning: ForceReplaceReferences replaced references for a transient object 'MotionController_L' or package '/Engine/Transient'.
[2017.05.15-10.05.35:920][506]LogObjectTools:Warning: ForceReplaceReferences replaced references for a transient object 'WidgetInteraction' or package '/Engine/Transient'.
[2017.05.15-10.05.35:920][506]LogObjectTools:Warning: ForceReplaceReferences replaced references for a transient object 'GunSFX' or package '/Engine/Transient'.
[2017.05.15-10.05.35:920][506]LogObjectTools:Warning: ForceReplaceReferences replaced references for a transient object 'Sphere' or package '/Engine/Transient'.
[2017.05.15-10.05.35:920][506]LogObjectTools:Warning: ForceReplaceReferences replaced references for a transient object 'SphereMissileSpawn' or package '/Engine/Transient'.
[2017.05.15-10.05.35:920][506]LogObjectTools:Warning: ForceReplaceReferences replaced references for a transient object 'Button_WeaponSwap' or package '/Engine/Transient'.
[2017.05.15-10.05.35:920][506]LogObjectTools:Warning: ForceReplaceReferences replaced references for a transient object 'R_Joystick' or package '/Engine/Transient'.
[2017.05.15-10.05.35:920][506]LogObjectTools:Warning: ForceReplaceReferences replaced references for a transient object 'L_Joystick' or package '/Engine/Transient'.
[2017.05.15-10.05.35:920][506]LogObjectTools:Warning: ForceReplaceReferences replaced references for a transient object 'AbortBtn' or package '/Engine/Transient'.
[2017.05.15-10.05.35:920][506]LogObjectTools:Warning: ForceReplaceReferences replaced references for a transient object 'EjectText' or package '/Engine/Transient'.
[2017.05.15-10.05.35:920][506]LogObjectTools:Warning: ForceReplaceReferences replaced references for a transient object 'PointLight' or package '/Engine/Transient'.
[2017.05.15-10.05.35:920][506]LogObjectTools:Warning: ForceReplaceReferences replaced references for a transient object 'FuckingChild' or package '/Engine/Transient'.
[2017.05.15-10.05.35:920][506]LogObjectTools:Warning: ForceReplaceReferences replaced references for a transient object 'K2Node_DynamicCast_AsBP_Mech_Pawn_5_2_20172' or package '/Engine/Transient'.
[2017.05.15-10.05.35:920][506]LogObjectTools:Warning: ForceReplaceReferences replaced references for a transient object 'K2Node_DynamicCast_AsBP_Mech_Pawn_5_2_2017' or package '/Engine/Transient'.
[2017.05.15-10.05.35:920][506]LogObjectTools:Warning: ForceReplaceReferences replaced references for a transient object 'REINST_MechAnimationBP_C_2' or package '/Engine/Transient'.
[2017.05.15-10.05.35:920][506]LogObjectTools:Warning: ForceReplaceReferences replaced references for a transient object 'REINST_SKEL_BP_MechPawn5_2_2017_C_95' or package '/Engine/Transient'.
[2017.05.15-10.05.35:921][506]LogObjectTools:Warning: ForceReplaceReferences replaced references for a transient object 'CharacterMesh0' or package '/Engine/Transient'.
[2017.05.15-10.05.35:921][506]LogObjectTools:Warning: ForceReplaceReferences replaced references for a transient object 'InpActEvt_Fire_K2Node_InputActionEvent_6' or package '/Game/Assets/Mech/BP_MechPawn5_2_2017'.
[2017.05.15-10.05.35:921][506]LogObjectTools:Warning: ForceReplaceReferences replaced references for a transient object 'InpActEvt_Fire_K2Node_InputActionEvent_7' or package '/Game/Assets/Mech/BP_MechPawn5_2_2017'.
[2017.05.15-10.05.35:921][506]LogObjectTools:Warning: ForceReplaceReferences replaced references for a transient object 'InpActEvt_MotionController_Right_Trigger_K2Node_InputKeyEvent_6' or package '/Game/Assets/Mech/BP_MechPawn5_2_2017'.
[2017.05.15-10.05.35:921][506]LogObjectTools:Warning: ForceReplaceReferences replaced references for a transient object 'InpActEvt_MotionController_Right_Trigger_K2Node_InputKeyEvent_7' or package '/Game/Assets/Mech/BP_MechPawn5_2_2017'.
[2017.05.15-10.05.35:921][506]LogObjectTools:Warning: ForceReplaceReferences replaced references for a transient object 'InpActEvt_MotionController_Left_Trigger_K2Node_InputKeyEvent_8' or package '/Game/Assets/Mech/BP_MechPawn5_2_2017'.
[2017.05.15-10.05.35:921][506]LogObjectTools:Warning: ForceReplaceReferences replaced references for a transient object 'InpActEvt_MotionController_Left_Trigger_K2Node_InputKeyEvent_9' or package '/Game/Assets/Mech/BP_MechPawn5_2_2017'.
[2017.05.15-10.05.35:921][506]LogObjectTools:Warning: ForceReplaceReferences replaced references for a transient object 'InpActEvt_MotionController_Left_Thumbstick_K2Node_InputKeyEvent_10' or package '/Game/Assets/Mech/BP_MechPawn5_2_2017'.
[2017.05.15-10.05.35:921][506]LogObjectTools:Warning: ForceReplaceReferences replaced references for a transient object 'InpActEvt_MotionController_Left_Thumbstick_K2Node_InputKeyEvent_11' or package '/Game/Assets/Mech/BP_MechPawn5_2_2017'.
[2017.05.15-10.05.35:921][506]LogObjectTools:Warning: ForceReplaceReferences replaced references for a transient object 'InpActEvt_PickupRight_K2Node_InputActionEvent_8' or package '/Game/Assets/Mech/BP_MechPawn5_2_2017'.
[2017.05.15-10.05.35:921][506]LogObjectTools:Warning: ForceReplaceReferences replaced references for a transient object 'InpActEvt_PickupRight_K2Node_InputActionEvent_9' or package '/Game/Assets/Mech/BP_MechPawn5_2_2017'.
[2017.05.15-10.05.35:921][506]LogObjectTools:Warning: ForceReplaceReferences replaced references for a transient object 'InpActEvt_PickupLeft_K2Node_InputActionEvent_10' or package '/Game/Assets/Mech/BP_MechPawn5_2_2017'.
[2017.05.15-10.05.35:921][506]LogObjectTools:Warning: ForceReplaceReferences replaced references for a transient object 'InpActEvt_PickupLeft_K2Node_InputActionEvent_11' or package '/Game/Assets/Mech/BP_MechPawn5_2_2017'.
[2017.05.15-10.05.35:921][506]LogObjectTools:Warning: ForceReplaceReferences replaced references for a transient object 'REINST_BP_MechPawn5_2_2017_C_94' or package '/Engine/Transient'.
[2017.05.15-10.05.35:921][506]LogObjectTools:Warning: ForceReplaceReferences replaced references for a transient object 'ExecuteUbergraph_BP_MechPawn5_2_2017' or package '/Engine/Transient'.
[2017.05.15-10.05.35:921][506]LogObjectTools:Warning: ForceReplaceReferences replaced references for a transient object 'ReceiveTick' or package '/Engine/Transient'.
[2017.05.15-10.05.35:921][506]LogObjectTools:Warning: ForceReplaceReferences replaced references for a transient object 'ReceiveBeginPlay' or package '/Engine/Transient'.
[2017.05.15-10.05.35:921][506]LogObjectTools:Warning: ForceReplaceReferences replaced references for a transient object 'InpActEvt_Fire_K2Node_InputActionEvent_6' or package '/Engine/Transient'.
[2017.05.15-10.05.35:921][506]LogObjectTools:Warning: ForceReplaceReferences replaced references for a transient object 'InpActEvt_Fire_K2Node_InputActionEvent_7' or package '/Engine/Transient'.
[2017.05.15-10.05.35:921][506]LogObjectTools:Warning: ForceReplaceReferences replaced references for a transient object 'InpActEvt_MotionController_Right_Trigger_K2Node_InputKeyEvent_6' or package '/Engine/Transient'.
[2017.05.15-10.05.35:921][506]LogObjectTools:Warning: ForceReplaceReferences replaced references for a transient object 'InpActEvt_MotionController_Right_Trigger_K2Node_InputKeyEvent_7' or package '/Engine/Transient'.
[2017.05.15-10.05.35:921][506]LogObjectTools:Warning: ForceReplaceReferences replaced references for a transient object 'InpActEvt_MotionController_Left_Trigger_K2Node_InputKeyEvent_8' or package '/Engine/Transient'.
[2017.05.15-10.05.35:921][506]LogObjectTools:Warning: ForceReplaceReferences replaced references for a transient object 'InpActEvt_MotionController_Left_Trigger_K2Node_InputKeyEvent_9' or package '/Engine/Transient'.
[2017.05.15-10.05.35:921][506]LogObjectTools:Warning: ForceReplaceReferences replaced references for a transient object 'InpActEvt_MotionController_Left_Thumbstick_K2Node_InputKeyEvent_10' or package '/Engine/Transient'.
[2017.05.15-10.05.35:921][506]LogObjectTools:Warning: ForceReplaceReferences replaced references for a transient object 'InpActEvt_MotionController_Left_Thumbstick_K2Node_InputKeyEvent_11' or package '/Engine/Transient'.
[2017.05.15-10.05.35:921][506]LogObjectTools:Warning: ForceReplaceReferences replaced references for a transient object 'InpActEvt_PickupRight_K2Node_InputActionEvent_8' or package '/Engine/Transient'.
[2017.05.15-10.05.35:921][506]LogObjectTools:Warning: ForceReplaceReferences replaced references for a transient object 'InpActEvt_PickupRight_K2Node_InputActionEvent_9' or package '/Engine/Transient'.
[2017.05.15-10.05.35:921][506]LogObjectTools:Warning: ForceReplaceReferences replaced references for a transient object 'InpActEvt_PickupLeft_K2Node_InputActionEvent_10' or package '/Engine/Transient'.
[2017.05.15-10.05.35:921][506]LogObjectTools:Warning: ForceReplaceReferences replaced references for a transient object 'InpActEvt_PickupLeft_K2Node_InputActionEvent_11' or package '/Engine/Transient'.
[2017.05.15-10.05.35:921][506]LogObjectTools:Warning: ForceReplaceReferences replaced references for a transient object 'UserConstructionScript' or package '/Engine/Transient'.
[2017.05.15-10.05.35:921][506]LogObjectTools:Warning: ForceReplaceReferences replaced references for a transient object 'SpinDown' or package '/Engine/Transient'.
[2017.05.15-10.05.35:921][506]LogObjectTools:Warning: ForceReplaceReferences replaced references for a transient object 'SpinUp' or package '/Engine/Transient'.
[2017.05.15-10.05.35:921][506]LogObjectTools:Warning: ForceReplaceReferences replaced references for a transient object 'MiniGunFire' or package '/Engine/Transient'.
[2017.05.15-10.05.35:921][506]LogObjectTools:Warning: ForceReplaceReferences replaced references for a transient object 'MissileFire' or package '/Engine/Transient'.
[2017.05.15-10.05.35:921][506]LogObjectTools:Warning: ForceReplaceReferences replaced references for a transient object 'TankGunFire' or package '/Engine/Transient'.
[2017.05.15-10.05.35:922][506]LogObjectTools:Warning: ForceReplaceReferences replaced references for a transient object 'UberGraphFrame' or package '/Engine/Transient'.
[2017.05.15-10.05.35:922][506]LogObjectTools:Warning: ForceReplaceReferences replaced references for a transient object 'CharacterMesh0' or package '/Engine/Transient'.
[2017.05.15-10.05.35:922][506]LogObjectTools:Warning: ForceReplaceReferences replaced references for a transient object 'InputActionDelegateBinding_1' or package '/Engine/Transient'.
[2017.05.15-10.05.35:922][506]LogObjectTools:Warning: ForceReplaceReferences replaced references for a transient object 'InputKeyDelegateBinding_1' or package '/Engine/Transient'.
[2017.05.15-10.05.50:334][125]LogClass:Warning: Enum '/Game/Blueprints/Enum/EHeadsetEnum.EHeadsetEnum' was upgraded to use FText to store its display name data. Please re-save this asset to avoid issues with localization and determinstic cooking.
[2017.05.15-10.05.50:406][125]LogContentBrowser: Native class hierarchy updated for 'BlueprintGraph' in 0.0011 seconds. Added 112 classes and 0 folders.
[2017.05.15-10.05.50:954][125]LogSlate: Took 0.000136 seconds to synchronously load lazily loaded font '../../../Engine/Content/Slate/Fonts/Roboto-Regular.ttf' (155K)
[2017.05.15-10.05.51:025][125]LogSlate: Took 0.000271 seconds to synchronously load lazily loaded font '../../../Engine/Content/Editor/Slate/Fonts/Roboto-BoldCondensed.ttf' (158K)
[2017.05.15-10.05.51:145][126]LogSlate: Took 0.000237 seconds to synchronously load lazily loaded font '../../../Engine/Content/Editor/Slate/Fonts/Roboto-Italic.ttf' (157K)
[2017.05.15-10.06.13:037][234]LogSavePackage: Save=28.18ms
[2017.05.15-10.06.13:037][234]LogSavePackage: Moving '../../../../../../Users/haub100/Desktop/MechVR/MechDesertUpdated/Saved/MinigunProjectile1A9D6F114CD58A60AF90B39132552E2D.tmp' to '../../../../../../Users/haub100/Desktop/MechVR/MechDesertUpdated/Content/Weapons/Minigun/Blueprints/MinigunProjectile.uasset'
[2017.05.15-10.06.13:041][234]LogSavePackage:Display: Finished SavePackage ../../../../../../Users/haub100/Desktop/MechVR/MechDesertUpdated/Content/Weapons/Minigun/Blueprints/MinigunProjectile.uasset
[2017.05.15-10.06.16:134][552]LogWindowsTextInputMethodSystem:Display: IME system now deactivated.
[2017.05.15-10.06.16:302][553]Cmd: QUIT_EDITOR
[2017.05.15-10.06.16:349][553]LogExit: Preparing to exit.
[2017.05.15-10.06.16:859][553]LogDirectoryWatcher: A directory notification for 'C:/Users/haub100/Desktop/MechVR/MechDesertUpdated/Content/' was aborted.
[2017.05.15-10.06.16:889][553]LogExit: Editor shut down
[2017.05.15-10.06.16:889][553]LogExit: Transaction tracking system shut down
[2017.05.15-10.06.16:990][553]LogObj: Freed 0b from 0 cluster array pools.
[2017.05.15-10.06.16:990][553]LogExit: Object subsystem successfully closed.
[2017.05.15-10.06.17:010][553]LogD3D11RHI: Shutdown
[2017.05.15-10.06.17:010][553]LogD3D11RHI: CleanupD3DDevice
[2017.05.15-10.06.17:089][553]LogD3D11RHI: ~FD3D11DynamicRHI
[2017.05.15-10.06.17:095][553]LogModuleManager: Shutting down and abandoning module BlueprintGraph (502)
[2017.05.15-10.06.17:095][553]LogModuleManager: Shutting down and abandoning module BlueprintProfiler (500)
[2017.05.15-10.06.17:095][553]LogModuleManager: Shutting down and abandoning module HierarchicalLODOutliner (498)
[2017.05.15-10.06.17:095][553]LogModuleManager: Shutting down and abandoning module CrashTracker (496)
[2017.05.15-10.06.17:095][553]LogModuleManager: Shutting down and abandoning module SceneOutliner (494)
[2017.05.15-10.06.17:095][553]LogModuleManager: Shutting down and abandoning module AddContentDialog (492)
[2017.05.15-10.06.17:095][553]LogDirectoryWatcher: A directory notification for 'C:/Program Files/Epic Games/UE_4.15/FeaturePacks/' was aborted.
[2017.05.15-10.06.17:096][553]LogModuleManager: Shutting down and abandoning module WidgetCarousel (491)
[2017.05.15-10.06.17:096][553]LogModuleManager: Shutting down and abandoning module EditorWidgets (488)
[2017.05.15-10.06.17:096][553]LogModuleManager: Shutting down and abandoning module CollectionManager (486)
[2017.05.15-10.06.17:096][553]LogDirectoryWatcher: A directory notification for 'C:/Users/haub100/Desktop/MechVR/MechDesertUpdated/Content/Collections/' was aborted.
[2017.05.15-10.06.17:096][553]LogDirectoryWatcher: A directory notification for 'C:/Users/haub100/Desktop/MechVR/MechDesertUpdated/Content/Developers/haub100/Collections/' was aborted.
[2017.05.15-10.06.17:096][553]LogDirectoryWatcher: A directory notification for 'C:/Users/haub100/Desktop/MechVR/MechDesertUpdated/Saved/Collections/' was aborted.
[2017.05.15-10.06.17:096][553]LogModuleManager: Shutting down and abandoning module StatsViewer (484)
[2017.05.15-10.06.17:096][553]LogModuleManager: Shutting down and abandoning module FoliageEdit (482)
[2017.05.15-10.06.17:096][553]LogModuleManager: Shutting down and abandoning module LandscapeEditor (480)
[2017.05.15-10.06.17:096][553]LogModuleManager: Shutting down and abandoning module SceneDepthPickerMode (478)
[2017.05.15-10.06.17:096][553]LogModuleManager: Shutting down and abandoning module ActorPickerMode (476)
[2017.05.15-10.06.17:096][553]LogModuleManager: Shutting down and abandoning module GeometryMode (474)
[2017.05.15-10.06.17:096][553]LogModuleManager: Shutting down and abandoning module TextureAlignMode (472)
[2017.05.15-10.06.17:096][553]LogModuleManager: Shutting down and abandoning module BspMode (470)
[2017.05.15-10.06.17:096][553]LogModuleManager: Shutting down and abandoning module HardwareSurvey (468)
[2017.05.15-10.06.17:096][553]LogModuleManager: Shutting down and abandoning module SequenceRecorderSections (466)
[2017.05.15-10.06.17:096][553]LogModuleManager: Shutting down and abandoning module AutomationWorker (464)
[2017.05.15-10.06.17:096][553]LogModuleManager: Shutting down and abandoning module MatineeToLevelSequence (462)
[2017.05.15-10.06.17:096][553]LogModuleManager: Shutting down and abandoning module LevelSequenceEditor (460)
[2017.05.15-10.06.17:096][553]LogModuleManager: Shutting down and abandoning module PlacementMode (459)
[2017.05.15-10.06.17:096][553]LogModuleManager: Shutting down and abandoning module WmfMediaFactory (456)
[2017.05.15-10.06.17:096][553]LogModuleManager: Shutting down and abandoning module WmfMediaEditor (454)
[2017.05.15-10.06.17:096][553]LogModuleManager: Shutting down and abandoning module MfMediaFactory (452)
[2017.05.15-10.06.17:096][553]LogModuleManager: Shutting down and abandoning module MfMediaEditor (450)
[2017.05.15-10.06.17:096][553]LogModuleManager: Shutting down and abandoning module AvfMediaFactory (448)
[2017.05.15-10.06.17:096][553]LogModuleManager: Shutting down and abandoning module AvfMediaEditor (446)
[2017.05.15-10.06.17:096][553]LogModuleManager: Shutting down and abandoning module AndroidMediaFactory (444)
[2017.05.15-10.06.17:096][553]LogModuleManager: Shutting down and abandoning module Media (443)
[2017.05.15-10.06.17:096][553]LogModuleManager: Shutting down and abandoning module AndroidMediaEditor (440)
[2017.05.15-10.06.17:096][553]LogModuleManager: Shutting down and abandoning module CharacterAI (438)
[2017.05.15-10.06.17:096][553]LogModuleManager: Shutting down and abandoning module AudioCapture (436)
[2017.05.15-10.06.17:096][553]LogModuleManager: Shutting down and abandoning module SequenceRecorder (435)
[2017.05.15-10.06.17:097][553]LogModuleManager: Shutting down and abandoning module SmartSnapping (432)
[2017.05.15-10.06.17:097][553]LogModuleManager: Shutting down and abandoning module SessionServices (430)
[2017.05.15-10.06.17:097][553]LogModuleManager: Shutting down and abandoning module ViewportSnapping (428)
[2017.05.15-10.06.17:097][553]LogModuleManager: Shutting down and abandoning module ViewportInteraction (426)
[2017.05.15-10.06.17:097][553]LogModuleManager: Shutting down and abandoning module LogVisualizer (424)
[2017.05.15-10.06.17:097][553]LogModuleManager: Shutting down and abandoning module IntroTutorials (422)
[2017.05.15-10.06.17:097][553]LogModuleManager: Shutting down and abandoning module GameProjectGeneration (421)
[2017.05.15-10.06.17:097][553]LogModuleManager: Shutting down and abandoning module EditorLiveStreaming (418)
[2017.05.15-10.06.17:097][553]LogModuleManager: Shutting down and abandoning module IOSPlatformEditor (416)
[2017.05.15-10.06.17:097][553]LogModuleManager: Shutting down and abandoning module HTML5PlatformEditor (414)
[2017.05.15-10.06.17:097][553]LogModuleManager: Shutting down and abandoning module AndroidPlatformEditor (412)
[2017.05.15-10.06.17:097][553]LogModuleManager: Shutting down and abandoning module AndroidDeviceDetection (411)
[2017.05.15-10.06.17:907][553]LogModuleManager: Shutting down and abandoning module IOSRuntimeSettings (408)
[2017.05.15-10.06.17:907][553]LogModuleManager: Shutting down and abandoning module AndroidRuntimeSettings (406)
[2017.05.15-10.06.17:907][553]LogModuleManager: Shutting down and abandoning module InputBindingEditor (404)
[2017.05.15-10.06.17:907][553]LogModuleManager: Shutting down and abandoning module NiagaraEditor (402)
[2017.05.15-10.06.17:907][553]LogModuleManager: Shutting down and abandoning module MergeActors (400)
[2017.05.15-10.06.17:907][553]LogModuleManager: Shutting down and abandoning module SizeMap (398)
[2017.05.15-10.06.17:907][553]LogModuleManager: Shutting down and abandoning module TreeMap (396)
[2017.05.15-10.06.17:907][553]LogModuleManager: Shutting down and abandoning module ReferenceViewer (394)
[2017.05.15-10.06.17:907][553]LogModuleManager: Shutting down and abandoning module LocalizationDashboard (392)
[2017.05.15-10.06.17:907][553]LogModuleManager: Shutting down and abandoning module LocalizationService (391)
[2017.05.15-10.06.17:907][553]LogModuleManager: Shutting down and abandoning module HardwareTargeting (388)
[2017.05.15-10.06.17:907][553]LogModuleManager: Shutting down and abandoning module DeviceProfileEditor (386)
[2017.05.15-10.06.17:907][553]LogModuleManager: Shutting down and abandoning module UndoHistory (384)
[2017.05.15-10.06.17:907][553]LogModuleManager: Shutting down and abandoning module UserFeedback (382)
[2017.05.15-10.06.17:907][553]LogModuleManager: Shutting down and abandoning module XmlParser (380)
[2017.05.15-10.06.17:907][553]LogModuleManager: Shutting down and abandoning module Blutility (378)
[2017.05.15-10.06.17:907][553]LogModuleManager: Shutting down and abandoning module ProjectSettingsViewer (376)
[2017.05.15-10.06.17:907][553]LogModuleManager: Shutting down and abandoning module ProjectTargetPlatformEditor (375)
[2017.05.15-10.06.17:907][553]LogModuleManager: Shutting down and abandoning module EditorSettingsViewer (372)
[2017.05.15-10.06.17:907][553]LogModuleManager: Shutting down and abandoning module SettingsEditor (370)
[2017.05.15-10.06.17:907][553]LogModuleManager: Shutting down and abandoning module ProjectLauncher (368)
[2017.05.15-10.06.17:907][553]LogModuleManager: Shutting down and abandoning module SessionFrontend (366)
[2017.05.15-10.06.17:907][553]LogModuleManager: Shutting down and abandoning module ProfilerClient (364)
[2017.05.15-10.06.17:907][553]LogModuleManager: Shutting down and abandoning module DeviceManager (362)
[2017.05.15-10.06.17:907][553]LogModuleManager: Shutting down and abandoning module TargetDeviceServices (361)
[2017.05.15-10.06.17:960][553]LogModuleManager: Shutting down and abandoning module AutomationController (358)
[2017.05.15-10.06.17:960][553]LogModuleManager: Shutting down and abandoning module AutomationWindow (356)
[2017.05.15-10.06.17:960][553]LogModuleManager: Shutting down and abandoning module Layers (354)
[2017.05.15-10.06.17:960][553]LogModuleManager: Shutting down and abandoning module ComponentVisualizers (352)
[2017.05.15-10.06.17:960][553]LogModuleManager: Shutting down and abandoning module DetailCustomizations (350)
[2017.05.15-10.06.17:960][553]LogModuleManager: Shutting down and abandoning module PackagesDialog (348)
[2017.05.15-10.06.17:960][553]LogModuleManager: Shutting down and abandoning module Persona (346)
[2017.05.15-10.06.17:960][553]LogModuleManager: Shutting down and abandoning module AnimGraph (345)
[2017.05.15-10.06.17:961][553]LogModuleManager: Shutting down and abandoning module Kismet (342)
[2017.05.15-10.06.17:967][553]LogModuleManager: Shutting down and abandoning module GraphEditor (340)
[2017.05.15-10.06.17:967][553]LogModuleManager: Shutting down and abandoning module ClassViewer (338)
[2017.05.15-10.06.17:967][553]LogModuleManager: Shutting down and abandoning module Toolbox (336)
[2017.05.15-10.06.17:967][553]LogModuleManager: Shutting down and abandoning module ModuleUI (334)
[2017.05.15-10.06.17:967][553]LogModuleManager: Shutting down and abandoning module MovieSceneTools (332)
[2017.05.15-10.06.17:967][553]LogModuleManager: Shutting down and abandoning module OutputLog (330)
[2017.05.15-10.06.17:967][553]LogModuleManager: Shutting down and abandoning module GammaUI (328)
[2017.05.15-10.06.17:967][553]LogModuleManager: Shutting down and abandoning module Documentation (326)
[2017.05.15-10.06.17:967][553]LogModuleManager: Shutting down and abandoning module Niagara (324)
[2017.05.15-10.06.17:967][553]LogModuleManager: Shutting down and abandoning module StreamingPauseRendering (322)
[2017.05.15-10.06.17:967][553]LogModuleManager: Shutting down and abandoning module AnalyticsET (320)
[2017.05.15-10.06.17:967][553]LogModuleManager: Shutting down and abandoning module PortalServices (318)
[2017.05.15-10.06.17:967][553]LogModuleManager: Shutting down and abandoning module PortalRpc (316)
[2017.05.15-10.06.17:967][553]LogModuleManager: Shutting down and abandoning module MessagingRpc (314)
[2017.05.15-10.06.17:967][553]LogModuleManager: Shutting down and abandoning module AIModule (312)
[2017.05.15-10.06.17:967][553]LogModuleManager: Shutting down and abandoning module GameplayDebugger (311)
[2017.05.15-10.06.17:967][553]LogModuleManager: Shutting down and abandoning module AITestSuite (309)
[2017.05.15-10.06.17:967][553]LogModuleManager: Shutting down and abandoning module ProfilerService (306)
[2017.05.15-10.06.17:976][553]LogModuleManager: Shutting down and abandoning module TaskGraph (304)
[2017.05.15-10.06.17:976][553]LogModuleManager: Shutting down and abandoning module SteamVRController (302)
[2017.05.15-10.06.17:976][553]LogModuleManager: Shutting down and abandoning module SteamVR (300)
[2017.05.15-10.06.17:976][553]LogModuleManager: Shutting down and abandoning module ProceduralMeshComponentEditor (298)
[2017.05.15-10.06.17:976][553]LogModuleManager: Shutting down and abandoning module ProceduralMeshComponent (296)
[2017.05.15-10.06.17:976][553]LogModuleManager: Shutting down and abandoning module OculusLibrary (294)
[2017.05.15-10.06.17:976][553]LogModuleManager: Shutting down and abandoning module OculusInput (292)
[2017.05.15-10.06.17:976][553]LogModuleManager: Shutting down and abandoning module MobilePatchingUtils (290)
[2017.05.15-10.06.17:976][553]LogModuleManager: Shutting down and abandoning module CustomMeshComponent (288)
[2017.05.15-10.06.17:976][553]LogModuleManager: Shutting down and abandoning module CableComponent (286)
[2017.05.15-10.06.17:976][553]LogModuleManager: Shutting down and abandoning module ArchVisCharacter (284)
[2017.05.15-10.06.17:976][553]LogModuleManager: Shutting down and abandoning module MediaPlayerEditor (280)
[2017.05.15-10.06.17:976][553]LogModuleManager: Shutting down and abandoning module HTML5Networking (278)
[2017.05.15-10.06.17:976][553]LogModuleManager: Shutting down and abandoning module AlembicImporter (276)
[2017.05.15-10.06.17:976][553]LogModuleManager: Shutting down and abandoning module AlembicLibrary (275)
[2017.05.15-10.06.17:976][553]LogModuleManager: Shutting down and abandoning module GeometryCache (274)
[2017.05.15-10.06.17:976][553]LogModuleManager: Shutting down and abandoning module GeometryCacheEd (273)
[2017.05.15-10.06.17:976][553]LogModuleManager: Shutting down and abandoning module SuperSearchEditor (268)
[2017.05.15-10.06.17:976][553]LogModuleManager: Shutting down and abandoning module SuperSearch (267)
[2017.05.15-10.06.17:976][553]LogModuleManager: Shutting down and abandoning module SpeedTreeImporter (264)
[2017.05.15-10.06.17:976][553]LogModuleManager: Shutting down and abandoning module PluginBrowser (262)
[2017.05.15-10.06.17:976][553]LogModuleManager: Shutting down and abandoning module MobileLauncherProfileWizard (260)
[2017.05.15-10.06.17:976][553]LogModuleManager: Shutting down and abandoning module EpicSurvey (258)
[2017.05.15-10.06.17:976][553]LogModuleManager: Shutting down and abandoning module VisualStudioSourceCodeAccess (256)
[2017.05.15-10.06.17:976][553]LogModuleManager: Shutting down and abandoning module DesktopPlatform (255)
[2017.05.15-10.06.17:976][553]LogModuleManager: Shutting down and abandoning module UObjectPlugin (252)
[2017.05.15-10.06.17:976][553]LogModuleManager: Shutting down and abandoning module SubversionSourceControl (250)
[2017.05.15-10.06.17:976][553]LogModuleManager: Shutting down and abandoning module PerforceSourceControl (248)
[2017.05.15-10.06.17:976][553]LogModuleManager: Shutting down and abandoning module GitSourceControl (246)
[2017.05.15-10.06.17:976][553]LogModuleManager: Shutting down and abandoning module SourceControl (245)
[2017.05.15-10.06.17:976][553]LogModuleManager: Shutting down and abandoning module LightPropagationVolumeEditor (242)
[2017.05.15-10.06.17:976][553]LogModuleManager: Shutting down and abandoning module PaperTiledImporter (240)
[2017.05.15-10.06.17:976][553]LogModuleManager: Shutting down and abandoning module PaperSpriteSheetImporter (238)
[2017.05.15-10.06.17:976][553]LogModuleManager: Shutting down and abandoning module Paper2DEditor (236)
[2017.05.15-10.06.17:976][553]LogModuleManager: Shutting down and abandoning module MeshPaint (235)
[2017.05.15-10.06.17:976][553]LogModuleManager: Shutting down and abandoning module LevelEditor (233)
[2017.05.15-10.06.17:977][553]LogModuleManager: Shutting down and abandoning module PixelInspectorModule (232)
[2017.05.15-10.06.17:977][553]LogModuleManager: Shutting down and abandoning module MainFrame (230)
[2017.05.15-10.06.17:977][553]LogModuleManager: Shutting down and abandoning module HotReload (229)
[2017.05.15-10.06.17:977][553]LogModuleManager: Shutting down and abandoning module ContentBrowser (225)
[2017.05.15-10.06.17:978][553]LogModuleManager: Shutting down and abandoning module PhysXVehiclesEditor (222)
[2017.05.15-10.06.17:978][553]LogModuleManager: Shutting down and abandoning module PhysXVehicles (220)
[2017.05.15-10.06.17:978][553]LogModuleManager: Shutting down and abandoning module LocationServicesBPLibrary (218)
[2017.05.15-10.06.17:978][553]LogModuleManager: Shutting down and abandoning module UdpMessaging (216)
[2017.05.15-10.06.18:078][553]LogModuleManager: Shutting down and abandoning module TcpMessaging (214)
[2017.05.15-10.06.18:178][553]LogModuleManager: Shutting down and abandoning module GameplayTagsEditor (212)
[2017.05.15-10.06.18:178][553]LogModuleManager: Shutting down and abandoning module FacialAnimationEditor (210)
[2017.05.15-10.06.18:178][553]LogModuleManager: Shutting down and abandoning module FacialAnimation (208)
[2017.05.15-10.06.18:178][553]LogModuleManager: Shutting down and abandoning module LightPropagationVolumeRuntime (206)
[2017.05.15-10.06.18:178][553]LogModuleManager: Shutting down and abandoning module Paper2D (204)
[2017.05.15-10.06.18:178][553]LogModuleManager: Shutting down and abandoning module WindowsMoviePlayer (202)
[2017.05.15-10.06.18:178][553]LogModuleManager: Shutting down and abandoning module WmfMedia (200)
[2017.05.15-10.06.18:179][553]LogModuleManager: Shutting down and abandoning module MfMedia (198)
[2017.05.15-10.06.18:179][553]LogModuleManager: Shutting down and abandoning module MediaAssets (196)
[2017.05.15-10.06.18:179][553]LogModuleManager: Shutting down and abandoning module GameLiveStreaming (194)
[2017.05.15-10.06.18:179][553]LogModuleManager: Shutting down and abandoning module VREditor (192)
[2017.05.15-10.06.18:179][553]LogModuleManager: Shutting down and abandoning module GameplayTasksEditor (190)
[2017.05.15-10.06.18:179][553]LogModuleManager: Shutting down and abandoning module BehaviorTreeEditor (188)
[2017.05.15-10.06.18:179][553]LogModuleManager: Shutting down and abandoning module FunctionalTesting (186)
[2017.05.15-10.06.18:179][553]LogModuleManager: Shutting down and abandoning module CollisionAnalyzer (184)
[2017.05.15-10.06.18:179][553]LogModuleManager: Shutting down and abandoning module UMG (182)
[2017.05.15-10.06.18:179][553]LogModuleManager: Shutting down and abandoning module UMGEditor (181)
[2017.05.15-10.06.18:179][553]LogModuleManager: Shutting down and abandoning module Sequencer (180)
[2017.05.15-10.06.18:179][553]LogModuleManager: Shutting down and abandoning module AssetTools (178)
[2017.05.15-10.06.18:179][553]LogModuleManager: Shutting down and abandoning module MessageLog (177)
[2017.05.15-10.06.18:179][553]LogModuleManager: Shutting down and abandoning module WorkspaceMenuStructure (176)
[2017.05.15-10.06.18:179][553]LogModuleManager: Shutting down and abandoning module SlateReflector (170)
[2017.05.15-10.06.18:179][553]LogModuleManager: Shutting down and abandoning module Slate (168)
[2017.05.15-10.06.18:179][553]LogModuleManager: Shutting down and abandoning module EditorStyle (166)
[2017.05.15-10.06.18:180][553]LogModuleManager: Shutting down and abandoning module SourceCodeAccess (164)
[2017.05.15-10.06.18:180][553]LogModuleManager: Shutting down and abandoning module HeadMountedDisplay (162)
[2017.05.15-10.06.18:180][553]LogModuleManager: Shutting down and abandoning module XAudio2 (160)
[2017.05.15-10.06.18:180][553]LogModuleManager: Shutting down and abandoning module Networking (158)
[2017.05.15-10.06.18:180][553]LogModuleManager: Shutting down and abandoning module Core (154)
[2017.05.15-10.06.18:180][553]LogModuleManager: Shutting down and abandoning module AssetRegistry (152)
[2017.05.15-10.06.18:305][553]LogDirectoryWatcher: A directory notification for '../../../Engine/Content/' was aborted.
[2017.05.15-10.06.18:305][553]LogDirectoryWatcher: A directory notification for '../../../../../../Users/haub100/Desktop/MechVR/MechDesertUpdated/Content/' was aborted.
[2017.05.15-10.06.18:305][553]LogDirectoryWatcher: A directory notification for '../../../Engine/Plugins/2D/Paper2D/Content/' was aborted.
[2017.05.15-10.06.18:305][553]LogModuleManager: Shutting down and abandoning module DirectoryWatcher (151)
[2017.05.15-10.06.18:306][553]LogModuleManager: Shutting down and abandoning module KismetCompiler (148)
[2017.05.15-10.06.18:306][553]LogModuleManager: Shutting down and abandoning module PhysXFormats (146)
[2017.05.15-10.06.18:306][553]LogModuleManager: Shutting down and abandoning module MeshUtilities (144)
[2017.05.15-10.06.18:306][553]LogModuleManager: Shutting down and abandoning module SimplygonSwarm (143)
[2017.05.15-10.06.18:306][553]LogModuleManager: Shutting down and abandoning module SimplygonMeshReduction (141)
[2017.05.15-10.06.18:306][553]LogModuleManager: Shutting down and abandoning module QuadricMeshReduction (139)
[2017.05.15-10.06.18:306][553]LogModuleManager: Shutting down and abandoning module PropertyEditor (137)
[2017.05.15-10.06.18:306][553]LogModuleManager: Shutting down and abandoning module DerivedDataCache (134)
[2017.05.15-10.06.18:386][553]LogDerivedDataCache: Shutdown
[2017.05.15-10.06.18:386][553]LogModuleManager: Shutting down and abandoning module TargetPlatform (132)
[2017.05.15-10.06.18:386][553]LogModuleManager: Shutting down and abandoning module VulkanShaderFormat (131)
[2017.05.15-10.06.18:386][553]LogModuleManager: Shutting down and abandoning module ShaderFormatOpenGL (129)
[2017.05.15-10.06.18:386][553]LogModuleManager: Shutting down and abandoning module ShaderFormatD3D (127)
[2017.05.15-10.06.18:386][553]LogModuleManager: Shutting down and abandoning module MetalShaderFormat (125)
[2017.05.15-10.06.18:386][553]LogModuleManager: Shutting down and abandoning module TextureFormatUncompressed (123)
[2017.05.15-10.06.18:386][553]LogModuleManager: Shutting down and abandoning module TextureFormatPVR (121)
[2017.05.15-10.06.18:387][553]LogModuleManager: Shutting down and abandoning module TextureFormatDXT (119)
[2017.05.15-10.06.18:387][553]LogModuleManager: Shutting down and abandoning module TextureFormatIntelISPCTexComp (117)
[2017.05.15-10.06.18:387][553]LogModuleManager: Shutting down and abandoning module TextureFormatASTC (115)
[2017.05.15-10.06.18:387][553]LogModuleManager: Shutting down and abandoning module ImageWrapper (114)
[2017.05.15-10.06.18:387][553]LogModuleManager: Shutting down and abandoning module TextureFormatAndroid (111)
[2017.05.15-10.06.18:387][553]LogModuleManager: Shutting down and abandoning module AudioFormatOpus (109)
[2017.05.15-10.06.18:387][553]LogModuleManager: Shutting down and abandoning module AudioFormatOgg (107)
[2017.05.15-10.06.18:387][553]LogModuleManager: Shutting down and abandoning module AudioFormatADPCM (105)
[2017.05.15-10.06.18:387][553]LogModuleManager: Shutting down and abandoning module LinuxTargetPlatform (103)
[2017.05.15-10.06.18:387][553]LogModuleManager: Shutting down and abandoning module LinuxServerTargetPlatform (101)
[2017.05.15-10.06.18:387][553]LogModuleManager: Shutting down and abandoning module LinuxNoEditorTargetPlatform (99)
[2017.05.15-10.06.18:387][553]LogModuleManager: Shutting down and abandoning module LinuxClientTargetPlatform (97)
[2017.05.15-10.06.18:387][553]LogModuleManager: Shutting down and abandoning module TVOSTargetPlatform (95)
[2017.05.15-10.06.18:387][553]LogModuleManager: Shutting down and abandoning module Messaging (93)
[2017.05.15-10.06.18:387][553]LogModuleManager: Shutting down and abandoning module IOSTargetPlatform (91)
[2017.05.15-10.06.18:387][553]LogModuleManager: Shutting down and abandoning module HTML5TargetPlatform (89)
[2017.05.15-10.06.18:387][553]LogModuleManager: Shutting down and abandoning module Android_PVRTCTargetPlatform (87)
[2017.05.15-10.06.18:387][553]LogModuleManager: Shutting down and abandoning module Android_MultiTargetPlatform (85)
[2017.05.15-10.06.18:387][553]LogModuleManager: Shutting down and abandoning module Android_ETC2TargetPlatform (83)
[2017.05.15-10.06.18:387][553]LogModuleManager: Shutting down and abandoning module Android_ETC1TargetPlatform (81)
[2017.05.15-10.06.18:387][553]LogModuleManager: Shutting down and abandoning module Android_DXTTargetPlatform (79)
[2017.05.15-10.06.18:387][553]LogModuleManager: Shutting down and abandoning module Android_ATCTargetPlatform (77)
[2017.05.15-10.06.18:387][553]LogModuleManager: Shutting down and abandoning module Android_ASTCTargetPlatform (75)
[2017.05.15-10.06.18:387][553]LogModuleManager: Shutting down and abandoning module AndroidTargetPlatform (73)
[2017.05.15-10.06.18:387][553]LogModuleManager: Shutting down and abandoning module WindowsTargetPlatform (71)
[2017.05.15-10.06.18:387][553]LogModuleManager: Shutting down and abandoning module WindowsServerTargetPlatform (69)
[2017.05.15-10.06.18:387][553]LogModuleManager: Shutting down and abandoning module WindowsNoEditorTargetPlatform (67)
[2017.05.15-10.06.18:387][553]LogModuleManager: Shutting down and abandoning module WindowsClientTargetPlatform (65)
[2017.05.15-10.06.18:387][553]LogModuleManager: Shutting down and abandoning module MacTargetPlatform (63)
[2017.05.15-10.06.18:387][553]LogModuleManager: Shutting down and abandoning module MacServerTargetPlatform (61)
[2017.05.15-10.06.18:387][553]LogModuleManager: Shutting down and abandoning module MacNoEditorTargetPlatform (59)
[2017.05.15-10.06.18:387][553]LogModuleManager: Shutting down and abandoning module MacClientTargetPlatform (57)
[2017.05.15-10.06.18:387][553]LogModuleManager: Shutting down and abandoning module AllDesktopTargetPlatform (55)
[2017.05.15-10.06.18:387][553]LogModuleManager: Shutting down and abandoning module InputCore (52)
[2017.05.15-10.06.18:387][553]LogModuleManager: Shutting down and abandoning module Settings (50)
[2017.05.15-10.06.18:387][553]LogModuleManager: Shutting down and abandoning module OculusRift (48)
[2017.05.15-10.06.18:387][553]LogModuleManager: Shutting down and abandoning module GearVR (46)
[2017.05.15-10.06.18:387][553]LogModuleManager: Shutting down and abandoning module ExampleDeviceProfileSelector (44)
[2017.05.15-10.06.18:387][553]LogModuleManager: Shutting down and abandoning module OnlineBlueprintSupport (42)
[2017.05.15-10.06.18:387][553]LogModuleManager: Shutting down and abandoning module OnlineSubsystem (38)
[2017.05.15-10.06.18:387][553]LogOnline:Display: Unloading online subsystem: NULL
[2017.05.15-10.06.18:387][553]LogModuleManager: Shutting down and abandoning module XMPP (37)
[2017.05.15-10.06.18:387][553]LogModuleManager: Shutting down and abandoning module HTTP (35)
[2017.05.15-10.06.18:387][553]LogHttp:Display: Http module shutting down, but needs to wait on 1 outstanding Http requests:
[2017.05.15-10.06.18:387][553]LogHttp:Display: 	verb=[POST] url=[https://datarouter.ol.epicgames.com/datarouter/api/v1/public/data?SessionID=%7BE28BBF80-47D5-DA69-3BCC-EF8E00698719%7D&AppID=UEEditor.Rocket.Release&AppVersion=4.15.1-3348071%2B%2B%2BUE4%2BRelease-4.15&UserID=276167ff4e31b8a06c32e18dce20070b%7C%7C1615ca4b-0a4f-4ead-9413-5e7bc71d5110&AppEnvironment=datacollector-binary&UploadType=eteventstream] status=Processing
[2017.05.15-10.06.18:394][553]LogModuleManager: Shutting down and abandoning module SSL (34)
[2017.05.15-10.06.18:396][553]LogModuleManager: Shutting down and abandoning module AudioEditor (30)
[2017.05.15-10.06.18:396][553]LogModuleManager: Shutting down and abandoning module TextureCompressor (28)
[2017.05.15-10.06.18:396][553]LogModuleManager: Shutting down and abandoning module ShaderCore (26)
[2017.05.15-10.06.18:396][553]LogModuleManager: Shutting down and abandoning module Landscape (24)
[2017.05.15-10.06.18:396][553]LogModuleManager: Shutting down and abandoning module SlateRHIRenderer (22)
[2017.05.15-10.06.18:397][553]LogModuleManager: Shutting down and abandoning module OpenGLDrv (20)
[2017.05.15-10.06.18:397][553]LogModuleManager: Shutting down and abandoning module D3D11RHI (18)
[2017.05.15-10.06.18:397][553]LogModuleManager: Shutting down and abandoning module AnimGraphRuntime (16)
[2017.05.15-10.06.18:397][553]LogModuleManager: Shutting down and abandoning module Renderer (14)
[2017.05.15-10.06.18:397][553]LogModuleManager: Shutting down and abandoning module Engine (12)
[2017.05.15-10.06.18:397][553]LogModuleManager: Shutting down and abandoning module CoreUObject (10)
[2017.05.15-10.06.18:397][553]LogModuleManager: Shutting down and abandoning module NetworkFile (8)
[2017.05.15-10.06.18:397][553]LogModuleManager: Shutting down and abandoning module StreamingFile (6)
[2017.05.15-10.06.18:397][553]LogModuleManager: Shutting down and abandoning module SandboxFile (4)
[2017.05.15-10.06.18:397][553]LogModuleManager: Shutting down and abandoning module PakFile (2)
[2017.05.15-10.06.18:400][553]LogExit: Exiting.
[2017.05.15-10.06.18:401][553]Log file closed, 05/15/17 03:06:18
