Log file open, 05/14/17 12:16:23
LogInit:Display: Running engine for game: MechDesert
LogPlatformFile: Not using cached read wrapper
LogInit:Display: RandInit(-1133469712) SRandInit(-1133469712).
LogTaskGraph: Started task graph with 5 named threads and 8 total threads with 1 sets of task threads.
LogStats: Stats thread started at 0.082752
LogInit: Using libcurl 7.47.1
LogInit:  - built for x86_64-pc-win32
LogInit:  - supports SSL with OpenSSL/1.0.2g
LogInit:  - supports HTTP deflate (compression) using libz 1.2.8
LogInit:  - other features:
LogInit:      CURL_VERSION_SSL
LogInit:      CURL_VERSION_LIBZ
LogInit:      CURL_VERSION_IPV6
LogInit:      CURL_VERSION_ASYNCHDNS
LogInit:      CURL_VERSION_LARGEFILE
LogInit:      CURL_VERSION_IDN
LogInit:  CurlRequestOptions (configurable via config and command line):
LogInit:  - bVerifyPeer = false  - Libcurl will NOT verify peer certificate
LogInit:  - bUseHttpProxy = false  - Libcurl will NOT use HTTP proxy
LogInit:  - bDontReuseConnections = false  - Libcurl will reuse connections
LogInit:  - CertBundlePath = nullptr  - Libcurl will use whatever was configured at build time.
LogInit: Build: ++UE4+Release-4.15-CL-3348071
LogInit: Engine Version: 4.15.1-3348071+++UE4+Release-4.15
LogInit: Compatible Engine Version: 4.15.0-3299760+++UE4+Release-4.15
LogInit: Net CL: 3299760
LogDevObjectVersion: Number of dev versions registered: 14
LogDevObjectVersion:   Dev-Blueprints (B0D832E4-1F89-4F0D-ACCF-7EB736FD4AA2): 8
LogDevObjectVersion:   Dev-Build (E1C64328-A22C-4D53-A36C-8E866417BD8C): 0
LogDevObjectVersion:   Dev-Core (375EC13C-06E4-48FB-B500-84F0262A717E): 2
LogDevObjectVersion:   Dev-Editor (E4B068ED-F494-42E9-A231-DA0B2E46BB41): 14
LogDevObjectVersion:   Dev-Framework (CFFC743F-43B0-4480-9391-14DF171D2073): 22
LogDevObjectVersion:   Dev-Mobile (B02B49B5-BB20-44E9-A304-32B752E40360): 0
LogDevObjectVersion:   Dev-Networking (A4E4105C-59A1-49B5-A7C5-40C4547EDFEE): 0
LogDevObjectVersion:   Dev-Online (39C831C9-5AE6-47DC-9A44-9C173E1C8E7C): 0
LogDevObjectVersion:   Dev-Physics (78F01B33-EBEA-4F98-B9B4-84EACCB95AA2): 0
LogDevObjectVersion:   Dev-Platform (6631380F-2D4D-43E0-8009-CF276956A95A): 0
LogDevObjectVersion:   Dev-Rendering (12F88B9F-8875-4AFC-A67C-D90C383ABD29): 12
LogDevObjectVersion:   Dev-Sequencer (7B5AE74C-D270-4C10-A958-57980B212A5A): 3
LogDevObjectVersion:   Dev-VR (D7296918-1DD6-4BDD-9DE2-64A83CC13884): 0
LogDevObjectVersion:   Dev-LoadTimes (C2A15278-BFE7-4AFE-6C17-90FF531DF755): 1
LogInit: Compiled (64-bit): Mar 15 2017 16:52:47
LogInit: Compiled with Visual C++: 19.00.23026.00
LogInit: Build Configuration: Development
LogInit: Branch Name: ++UE4+Release-4.15
LogInit: Command line:  
LogInit: Base directory: C:/Program Files/Epic Games/UE_4.15/Engine/Binaries/Win64/
LogInit: Installed Engine Build: 1
LogInit: Presizing for max 8388607 objects, including 0 objects not considered by GC, pre-allocating 0 bytes for permanent pool.
LogInit: Object subsystem initialized
[2017.05.14-19.16.24:684][  0]LogInit: Selected Device Profile: [Windows]
[2017.05.14-19.16.24:684][  0]LogInit: Applying CVar settings loaded from the selected device profile: [Windows]
[2017.05.14-19.16.24:691][  0]LogInit: Computer: LLB16-03
[2017.05.14-19.16.24:691][  0]LogInit: User: haub100
[2017.05.14-19.16.24:691][  0]LogInit: CPU Page size=65536, Cores=4
[2017.05.14-19.16.24:691][  0]LogInit: High frequency timer resolution =3.328126 MHz
[2017.05.14-19.16.24:692][  0]LogMemory: Memory total: Physical=15.9GB (16GB approx)
[2017.05.14-19.16.24:692][  0]LogMemory: Platform Memory Stats for Windows
[2017.05.14-19.16.24:692][  0]LogMemory: Process Physical Memory: 264.87 MB used, 264.87 MB peak
[2017.05.14-19.16.24:692][  0]LogMemory: Process Virtual Memory: 263.07 MB used, 263.07 MB peak
[2017.05.14-19.16.24:692][  0]LogMemory: Physical Memory: 4007.18 MB used,  12279.52 MB free, 16286.70 MB total
[2017.05.14-19.16.24:692][  0]LogMemory: Virtual Memory: 632.04 MB used,  12279.52 MB free, 134217728.00 MB total
[2017.05.14-19.16.24:756][  0]LogTextLocalizationManager: No specific translations for ('en-US') exist, so ('en') translations will be used.
[2017.05.14-19.16.25:426][  0]LogD3D11RHI: D3D11 adapters:
[2017.05.14-19.16.25:451][  0]LogD3D11RHI:    0. 'NVIDIA GeForce GTX 1070' (Feature Level 11_0)
[2017.05.14-19.16.25:451][  0]LogD3D11RHI:       8145/0/8143 MB DedicatedVideo/DedicatedSystem/SharedSystem, Outputs:2, VendorId:0x10de
[2017.05.14-19.16.25:458][  0]LogD3D11RHI:    1. 'Intel(R) HD Graphics 530' (Feature Level 11_0)
[2017.05.14-19.16.25:458][  0]LogD3D11RHI:       128/0/8143 MB DedicatedVideo/DedicatedSystem/SharedSystem, Outputs:0, VendorId:0x8086
[2017.05.14-19.16.25:460][  0]LogD3D11RHI:    2. 'Microsoft Basic Render Driver' (Feature Level 11_0)
[2017.05.14-19.16.25:460][  0]LogD3D11RHI:       0/0/8143 MB DedicatedVideo/DedicatedSystem/SharedSystem, Outputs:0, VendorId:0x1414
[2017.05.14-19.16.25:460][  0]LogD3D11RHI: Chosen D3D11 Adapter: 0
[2017.05.14-19.16.25:464][  0]LogD3D11RHI: Creating new Direct3DDevice
[2017.05.14-19.16.25:464][  0]LogD3D11RHI:     GPU DeviceId: 0x1b81 (for the marketing name, search the web for "GPU Device Id")
[2017.05.14-19.16.25:464][  0]LogWindows: EnumDisplayDevices:
[2017.05.14-19.16.25:464][  0]LogWindows:    0. 'NVIDIA GeForce GTX 1070' (P:1 D:1)
[2017.05.14-19.16.25:465][  0]LogWindows:    1. 'NVIDIA GeForce GTX 1070' (P:0 D:1)
[2017.05.14-19.16.25:465][  0]LogWindows:    2. 'NVIDIA GeForce GTX 1070' (P:0 D:0)
[2017.05.14-19.16.25:465][  0]LogWindows:    3. 'NVIDIA GeForce GTX 1070' (P:0 D:0)
[2017.05.14-19.16.25:465][  0]LogWindows:    4. 'Intel(R) HD Graphics 530' (P:0 D:0)
[2017.05.14-19.16.25:465][  0]LogWindows:    5. 'Intel(R) HD Graphics 530' (P:0 D:0)
[2017.05.14-19.16.25:465][  0]LogWindows:    6. 'Intel(R) HD Graphics 530' (P:0 D:0)
[2017.05.14-19.16.25:465][  0]LogWindows: DebugString: PrimaryIsNotTheChoosenAdapter PrimaryIsNotTheChoosenAdapter PrimaryIsNotTheChoosenAdapter FoundDriverCount:4 
[2017.05.14-19.16.25:465][  0]LogD3D11RHI:     Adapter Name: NVIDIA GeForce GTX 1070
[2017.05.14-19.16.25:465][  0]LogD3D11RHI:   Driver Version: 376.33 (internal:21.21.13.7633, unified:376.33)
[2017.05.14-19.16.25:465][  0]LogD3D11RHI:      Driver Date: 12-11-2016
[2017.05.14-19.16.25:465][  0]LogRHI: Texture pool is 1361 MB (70% of 1945 MB)
[2017.05.14-19.16.25:480][  0]LogD3D11RHI: Async texture creation enabled
[2017.05.14-19.16.25:490][  0]LogD3D11RHI: GPU Timing Frequency: 1000.000000 (Debug: 2 1)
[2017.05.14-19.16.25:589][  0]LogShaderCompilers: Guid format shader working directory is -23 characters bigger than the processId version (../../../../../../Users/haub100/Desktop/MechVR_EnemiesNFPSopp/MechDesert/Intermediate/Shaders/WorkingDirectory/992/).
[2017.05.14-19.16.25:589][  0]LogShaderCompilers: Cleaned the shader compiler working directory 'C:/Users/haub100/AppData/Local/Temp/UnrealShaderWorkingDir/19E162234232C99037C5BB96F403B3DD/'.
[2017.05.14-19.16.25:589][  0]LogShaderCompilers:Display: Using Local Shader Compiler.
[2017.05.14-19.16.26:505][  0]LogTemp:Display: Loaded TP AllDesktopTargetPlatform
[2017.05.14-19.16.26:549][  0]LogTemp:Display: Loaded TP MacClientTargetPlatform
[2017.05.14-19.16.26:592][  0]LogTemp:Display: Loaded TP MacNoEditorTargetPlatform
[2017.05.14-19.16.26:635][  0]LogTemp:Display: Loaded TP MacServerTargetPlatform
[2017.05.14-19.16.26:678][  0]LogTemp:Display: Loaded TP MacTargetPlatform
[2017.05.14-19.16.26:718][  0]LogTemp:Display: Loaded TP WindowsClientTargetPlatform
[2017.05.14-19.16.26:758][  0]LogTemp:Display: Loaded TP WindowsNoEditorTargetPlatform
[2017.05.14-19.16.26:800][  0]LogTemp:Display: Loaded TP WindowsServerTargetPlatform
[2017.05.14-19.16.26:832][  0]LogTemp:Display: Loaded TP WindowsTargetPlatform
[2017.05.14-19.16.26:873][  0]LogTemp:Display: Loaded TP AndroidTargetPlatform
[2017.05.14-19.16.26:913][  0]LogTemp:Display: Loaded TP Android_ASTCTargetPlatform
[2017.05.14-19.16.26:954][  0]LogTemp:Display: Loaded TP Android_ATCTargetPlatform
[2017.05.14-19.16.26:996][  0]LogTemp:Display: Loaded TP Android_DXTTargetPlatform
[2017.05.14-19.16.27:037][  0]LogTemp:Display: Loaded TP Android_ETC1TargetPlatform
[2017.05.14-19.16.27:077][  0]LogTemp:Display: Loaded TP Android_ETC2TargetPlatform
[2017.05.14-19.16.27:156][  0]LogTemp:Display: Loaded TP Android_MultiTargetPlatform
[2017.05.14-19.16.27:156][  0]LogTemp:Display: Loaded TP Android_PVRTCTargetPlatform
[2017.05.14-19.16.27:182][  0]LogTemp:Display: Loaded TP HTML5TargetPlatform
[2017.05.14-19.16.27:259][  0]LogTemp:Display: Loaded TP IOSTargetPlatform
[2017.05.14-19.16.27:285][  0]LogTemp:Display: Loaded TP TVOSTargetPlatform
[2017.05.14-19.16.27:324][  0]LogTemp:Display: Loaded TP LinuxClientTargetPlatform
[2017.05.14-19.16.27:363][  0]LogTemp:Display: Loaded TP LinuxNoEditorTargetPlatform
[2017.05.14-19.16.27:405][  0]LogTemp:Display: Loaded TP LinuxServerTargetPlatform
[2017.05.14-19.16.27:446][  0]LogTemp:Display: Loaded TP LinuxTargetPlatform
[2017.05.14-19.16.27:447][  0]LogTargetPlatformManager:Display: Building Assets For Windows
[2017.05.14-19.16.27:761][  0]LogDerivedDataCache:Display: Max Cache Size: 512 MB
[2017.05.14-19.16.27:813][  0]LogDerivedDataCache: Loaded boot cache 0.05s 50MB C:/Users/haub100/AppData/Local/UnrealEngine/4.15/DerivedDataCache/Boot.ddc.
[2017.05.14-19.16.27:813][  0]LogDerivedDataCache:Display: Loaded Boot cache: C:/Users/haub100/AppData/Local/UnrealEngine/4.15/DerivedDataCache/Boot.ddc
[2017.05.14-19.16.27:813][  0]LogDerivedDataCache: FDerivedDataBackendGraph:  Pak pak cache file ../../../../../../Users/haub100/Desktop/MechVR_EnemiesNFPSopp/MechDesert/DerivedDataCache/DDC.ddp not found, will not use a pak cache.
[2017.05.14-19.16.27:813][  0]LogDerivedDataCache: Unable to find inner node Pak for hierarchical cache Hierarchy.
[2017.05.14-19.16.27:813][  0]LogDerivedDataCache: FDerivedDataBackendGraph:  CompressedPak pak cache file ../../../../../../Users/haub100/Desktop/MechVR_EnemiesNFPSopp/MechDesert/DerivedDataCache/Compressed.ddp not found, will not use a pak cache.
[2017.05.14-19.16.27:813][  0]LogDerivedDataCache: Unable to find inner node CompressedPak for hierarchical cache Hierarchy.
[2017.05.14-19.16.27:830][  0]LogDerivedDataCache:Display: Pak cache opened for reading ../../../Engine/DerivedDataCache/Compressed.ddp.
[2017.05.14-19.16.27:842][  0]LogDerivedDataCache: Using Local data cache path C:/Users/haub100/AppData/Local/UnrealEngine/Common/DerivedDataCache: Writable
[2017.05.14-19.16.27:851][  0]LogSlate: Using Freetype 2.6.0
[2017.05.14-19.16.27:852][  0]LogSlate: SlateFontCache - WITH_FREETYPE: 1, WITH_HARFBUZZ: 1
[2017.05.14-19.16.27:852][  0]LogSlate: SlateFontCache - WITH_FREETYPE: 1, WITH_HARFBUZZ: 1
[2017.05.14-19.16.28:132][  0]LogInit: Selected Device Profile: [Windows]
[2017.05.14-19.16.28:135][  0]LogContentStreaming: Texture pool size is 0.00 MB
[2017.05.14-19.16.28:316][  0]LogMeshUtilities: Using QuadricMeshReduction for automatic static mesh reduction
[2017.05.14-19.16.28:348][  0]LogSimplygon: Simplygon DLL not present - disabling.
[2017.05.14-19.16.28:384][  0]LogMeshUtilities: Using SimplygonSwarm for distributed automatic mesh merging
[2017.05.14-19.16.28:384][  0]LogMeshUtilities: No automatic skeletal mesh reduction module available
[2017.05.14-19.16.28:384][  0]LogMeshUtilities: No automatic mesh merging module available
[2017.05.14-19.16.28:853][  0]LogNetVersion: GetLocalNetworkVersion: CL: 3299760, ProjectName: mechdesert, ProjectVersion: , EngineNetworkVersion: 2, GameNetworkVersion: 0, NetworkChecksum: 3213770044
[2017.05.14-19.16.28:893][  0]LogAssetRegistry: FAssetRegistry took 0.0215 seconds to start up
[2017.05.14-19.16.28:943][  0]LogPackageLocalizationCache: Processed 3 localized package path(s) for 2 prioritized culture(s) in 0.032670 seconds
[2017.05.14-19.16.28:949][  0]LogUObjectArray: 32493 objects as part of root set at end of initial load.
[2017.05.14-19.16.28:949][  0]LogUObjectAllocator: 7077032 out of 0 bytes used by permanent object pool.
[2017.05.14-19.16.28:949][  0]LogUObjectArray: CloseDisregardForGC: 0/0 objects in disregard for GC pool
[2017.05.14-19.16.28:990][  0]LogInit: WinSock: version 1.1 (2.2), MaxSocks=32767, MaxUdp=65467
[2017.05.14-19.16.30:318][  0]LogTcpMessaging: Initializing TcpMessaging bridge
[2017.05.14-19.16.30:352][  0]LogUdpMessaging: Initializing bridge on interface 0.0.0.0:0 to multicast group 230.0.0.1:6666.
[2017.05.14-19.16.30:713][  0]LogMaterial: Uniform references updated for custom material expression Custom.
[2017.05.14-19.16.31:007][  0]SourceControl: Info Source control is disabled
[2017.05.14-19.16.31:046][  0]SourceControl: Info Source control is disabled
[2017.05.14-19.16.31:084][  0]SourceControl: Info Source control is disabled
[2017.05.14-19.16.31:120][  0]SourceControl: Info Source control is disabled
[2017.05.14-19.16.32:086][  0]LogEngine: Initializing Engine...
[2017.05.14-19.16.32:115][  0]LogHMD: SteamVR initialized.  Driver: lighthouse  Display: LHR-770F069A
[2017.05.14-19.16.32:301][  0]LogAIModule: Creating AISystem for world Untitled
[2017.05.14-19.16.32:318][  0]LogInit: XAudio2 using 'HTC-VIVE-0 (NVIDIA High Definition Audio)' : 2 channels at 48 kHz using 16 bits per sample (channel mask 0x3)
[2017.05.14-19.16.32:325][  0]LogInit: FAudioDevice initialized.
[2017.05.14-19.16.32:352][  0]LogDerivedDataCache: Saved boot cache 0.03s 50MB C:/Users/haub100/AppData/Local/UnrealEngine/4.15/DerivedDataCache/Boot.ddc.
[2017.05.14-19.16.32:359][  0]LogInit: Texture streaming: Enabled
[2017.05.14-19.16.32:424][  0]LogEngineSessionManager: EngineSessionManager initialized
[2017.05.14-19.16.32:486][  0]LogInit: Transaction tracking system initialized
[2017.05.14-19.16.32:728][  0]BlueprintLog: New page: Editor Load
[2017.05.14-19.16.33:334][  0]LocalizationService: Info Localization service is disabled
[2017.05.14-19.16.33:808][  0]LogConsoleResponse:Display: 
[2017.05.14-19.16.33:920][  0]LogCook:Display: Max memory allowance for cook 16384mb min free memory 0mb
[2017.05.14-19.16.33:920][  0]LogCook:Display: Mobile HDR setting 1
[2017.05.14-19.16.34:164][  0]LogFileCache: Scanning file cache for directory 'C:/Users/haub100/Desktop/MechVR_EnemiesNFPSopp/MechDesert/Content/' took 0.02s
[2017.05.14-19.16.34:689][  0]SourceControl: Info Source control is disabled
[2017.05.14-19.16.34:690][  0]Cmd: MAP LOAD FILE="../../../../../../Users/haub100/Desktop/MechVR_EnemiesNFPSopp/MechDesert/Content/StarterContent/Maps/Minimal_Default.umap" TEMPLATE=0 SHOWPROGRESS=1 FEATURELEVEL=3
[2017.05.14-19.16.34:690][  0]LightingResults: New page: Lighting Build
[2017.05.14-19.16.34:719][  0]MapCheck: New page: Map Check
[2017.05.14-19.16.34:720][  0]LightingResults: New page: Lighting Build
[2017.05.14-19.16.34:993][  0]LogAIModule: Creating AISystem for world Minimal_Default
[2017.05.14-19.16.35:016][  0]LogEditorServer: Finished looking for orphan Actors (0.000 secs)
[2017.05.14-19.16.35:016][  0]Cmd: MAP CHECKDEP NOCLEARLOG
[2017.05.14-19.16.35:052][  0]MapCheck: Info Map check complete: 0 Error(s), 0 Warning(s), took 35.616ms to complete.
[2017.05.14-19.16.35:052][  0]LogFileHelpers: Loading map 'Minimal_Default' took 0.362
[2017.05.14-19.16.35:121][  0]LogWindowsTextInputMethodSystem:Display: IME system now deactivated.
[2017.05.14-19.16.35:233][  0]LogCollectionManager: Loaded 0 collections in 0.001326 seconds
[2017.05.14-19.16.35:302][  0]LogFileCache: Scanning file cache for directory 'C:/Users/haub100/Desktop/MechVR_EnemiesNFPSopp/MechDesert/Saved/Collections/' took 0.01s
[2017.05.14-19.16.35:302][  0]LogFileCache: Scanning file cache for directory 'C:/Users/haub100/Desktop/MechVR_EnemiesNFPSopp/MechDesert/Content/Developers/haub100/Collections/' took 0.01s
[2017.05.14-19.16.35:302][  0]LogFileCache: Scanning file cache for directory 'C:/Users/haub100/Desktop/MechVR_EnemiesNFPSopp/MechDesert/Content/Collections/' took 0.01s
[2017.05.14-19.16.35:302][  0]LogCollectionManager: Rebuilt the GUID cache for 0 collections in 0.000001 seconds
[2017.05.14-19.16.35:310][  0]LogContentBrowser: Native class hierarchy populated in 0.0081 seconds. Added 2245 classes and 453 folders.
[2017.05.14-19.16.35:313][  0]LogStats: UGameplayTagsManager::ConstructGameplayTagTree: Construct from data asset -  0.000 s
[2017.05.14-19.16.35:313][  0]LogStats: UGameplayTagsManager::ConstructGameplayTagTree: GameplayTagTreeChangedEvent.Broadcast -  0.000 s
[2017.05.14-19.16.35:356][  0]LogContentBrowser: Native class hierarchy updated for 'WidgetCarousel' in 0.0009 seconds. Added 0 classes and 0 folders.
[2017.05.14-19.16.35:403][  0]LogContentBrowser: Native class hierarchy updated for 'AddContentDialog' in 0.0006 seconds. Added 0 classes and 0 folders.
[2017.05.14-19.16.35:433][  0]LogContentBrowser: Native class hierarchy updated for 'SceneOutliner' in 0.0006 seconds. Added 1 classes and 2 folders.
[2017.05.14-19.16.35:472][  0]LogCrashTracker: Crashtracker disabled due to settings.
[2017.05.14-19.16.35:479][  0]LogUObjectGlobals:Warning: Failed to find object 'Class None.'
[2017.05.14-19.16.35:535][  0]LogContentBrowser: Native class hierarchy updated for 'HierarchicalLODOutliner' in 0.0008 seconds. Added 1 classes and 2 folders.
[2017.05.14-19.16.35:535][  0]LogLoad: (Engine Initialization) Total time: 12.60 seconds
[2017.05.14-19.16.35:535][  0]LogLoad: (Engine Initialization) Total Blueprint compile time: 0.07 seconds
[2017.05.14-19.16.35:535][  0]LogExternalProfiler: Found external profiler: VSPerf
[2017.05.14-19.16.35:535][  0]LogExternalProfiler: Using external profiler: VSPerf
[2017.05.14-19.16.35:544][  0]LogOcInput: OculusInput pre-init called
[2017.05.14-19.16.35:544][  0]LogSteamVRController: Controller role for device 3 is 1 (invalid=0, left=1, right=2).
[2017.05.14-19.16.35:544][  0]LogSteamVRController:Warning: Controller device 3 is being assigned to its prefered role 'left'.
[2017.05.14-19.16.35:544][  0]LogSteamVRController: Controller device 3 is being assigned unreal hand 0 (left=0, right=1).
[2017.05.14-19.16.35:544][  0]LogSteamVRController: Controller role for device 4 is 2 (invalid=0, left=1, right=2).
[2017.05.14-19.16.35:544][  0]LogSteamVRController: Putting controller 4 on the right hand because there is already a controller for the left.
[2017.05.14-19.16.35:544][  0]LogSteamVRController: Controller device 4 is being assigned unreal hand 1 (left=0, right=1).
[2017.05.14-19.16.35:565][  0]LogContentStreaming: Texture pool size now 1000 MB
[2017.05.14-19.16.35:566][  0]LogSlate: Took 0.000175 seconds to synchronously load lazily loaded font '../../../Engine/Content/Slate/Fonts/Roboto-Regular.ttf' (155K)
[2017.05.14-19.16.35:569][  0]LogSlate: Took 0.000264 seconds to synchronously load lazily loaded font '../../../Engine/Content/Slate/Fonts/Roboto-Bold.ttf' (160K)
[2017.05.14-19.16.35:575][  0]LogSlate: Took 0.000248 seconds to synchronously load lazily loaded font '../../../Engine/Content/Editor/Slate/Fonts/FontAwesome.ttf' (139K)
[2017.05.14-19.16.35:686][  0]LogSlate: Took 0.000245 seconds to synchronously load lazily loaded font '../../../Engine/Content/Slate/Fonts/Roboto-Light.ttf' (159K)
[2017.05.14-19.16.35:725][  0]LogRenderer: Reallocating scene render targets to support 804x540 NumSamples 1 (Frame:2).
[2017.05.14-19.16.35:794][  1]LogAssetRegistry: Asset discovery search completed in 6.9224 seconds
[2017.05.14-19.16.35:794][  1]LogCollectionManager: Rebuilt the object cache for 0 collections in 0.000008 seconds (found 0 objects)
[2017.05.14-19.16.35:794][  1]LogCollectionManager: Fixed up redirectors for 0 collections in 0.000020 seconds (updated 0 objects)
[2017.05.14-19.16.36:567][ 86]LogSlate: Took 0.000248 seconds to synchronously load lazily loaded font '../../../Engine/Content/Slate/Fonts/Roboto-Light.ttf' (159K)
[2017.05.14-19.17.06:233][628]LogAudio:Warning: Current Audio Device with ID {0.0.0.00000000}.{a0c93514-11c1-499a-8675-2b5b88260a04} was removed. Shutting down audio device.
