Log file open, 05/13/17 15:25:14
LogInit:Display: Running engine for game: MechDesert
LogPlatformFile: Not using cached read wrapper
LogInit:Display: RandInit(1300838548) SRandInit(1300838548).
LogTaskGraph: Started task graph with 5 named threads and 8 total threads with 1 sets of task threads.
LogStats: Stats thread started at 0.086990
LogInit: Using libcurl 7.47.1
LogInit:  - built for x86_64-pc-win32
LogInit:  - supports SSL with OpenSSL/1.0.2g
LogInit:  - supports HTTP deflate (compression) using libz 1.2.8
LogInit:  - other features:
LogInit:      CURL_VERSION_SSL
LogInit:      CURL_VERSION_LIBZ
LogInit:      CURL_VERSION_IPV6
LogInit:      CURL_VERSION_ASYNCHDNS
LogInit:      CURL_VERSION_LARGEFILE
LogInit:      CURL_VERSION_IDN
LogInit:  CurlRequestOptions (configurable via config and command line):
LogInit:  - bVerifyPeer = false  - Libcurl will NOT verify peer certificate
LogInit:  - bUseHttpProxy = false  - Libcurl will NOT use HTTP proxy
LogInit:  - bDontReuseConnections = false  - Libcurl will reuse connections
LogInit:  - CertBundlePath = nullptr  - Libcurl will use whatever was configured at build time.
LogInit: Build: ++UE4+Release-4.15-CL-3348071
LogInit: Engine Version: 4.15.1-3348071+++UE4+Release-4.15
LogInit: Compatible Engine Version: 4.15.0-3299760+++UE4+Release-4.15
LogInit: Net CL: 3299760
LogDevObjectVersion: Number of dev versions registered: 14
LogDevObjectVersion:   Dev-Blueprints (B0D832E4-1F89-4F0D-ACCF-7EB736FD4AA2): 8
LogDevObjectVersion:   Dev-Build (E1C64328-A22C-4D53-A36C-8E866417BD8C): 0
LogDevObjectVersion:   Dev-Core (375EC13C-06E4-48FB-B500-84F0262A717E): 2
LogDevObjectVersion:   Dev-Editor (E4B068ED-F494-42E9-A231-DA0B2E46BB41): 14
LogDevObjectVersion:   Dev-Framework (CFFC743F-43B0-4480-9391-14DF171D2073): 22
LogDevObjectVersion:   Dev-Mobile (B02B49B5-BB20-44E9-A304-32B752E40360): 0
LogDevObjectVersion:   Dev-Networking (A4E4105C-59A1-49B5-A7C5-40C4547EDFEE): 0
LogDevObjectVersion:   Dev-Online (39C831C9-5AE6-47DC-9A44-9C173E1C8E7C): 0
LogDevObjectVersion:   Dev-Physics (78F01B33-EBEA-4F98-B9B4-84EACCB95AA2): 0
LogDevObjectVersion:   Dev-Platform (6631380F-2D4D-43E0-8009-CF276956A95A): 0
LogDevObjectVersion:   Dev-Rendering (12F88B9F-8875-4AFC-A67C-D90C383ABD29): 12
LogDevObjectVersion:   Dev-Sequencer (7B5AE74C-D270-4C10-A958-57980B212A5A): 3
LogDevObjectVersion:   Dev-VR (D7296918-1DD6-4BDD-9DE2-64A83CC13884): 0
LogDevObjectVersion:   Dev-LoadTimes (C2A15278-BFE7-4AFE-6C17-90FF531DF755): 1
LogInit: Compiled (64-bit): Mar 15 2017 16:52:47
LogInit: Compiled with Visual C++: 19.00.23026.00
LogInit: Build Configuration: Development
LogInit: Branch Name: ++UE4+Release-4.15
LogInit: Command line:  /Temp/Autosaves/Game/Maps/UEDPCMenuLevel -game -PIEVIACONSOLE -ResX=1280 -ResY=720  -Multiprocess -messaging -SessionName="Play in Standalone Game" -nohmd -windowed 
LogInit: Base directory: C:/Program Files/Epic Games/UE_4.15/Engine/Binaries/Win64/
LogInit: Installed Engine Build: 1
LogInit: Presizing for max 8388607 objects, including 0 objects not considered by GC, pre-allocating 0 bytes for permanent pool.
LogInit: Object subsystem initialized
[2017.05.13-22.25.15:504][  0]LogInit: Selected Device Profile: [Windows]
[2017.05.13-22.25.15:504][  0]LogInit: Applying CVar settings loaded from the selected device profile: [Windows]
[2017.05.13-22.25.15:509][  0]LogInit: Computer: LLB16-03
[2017.05.13-22.25.15:509][  0]LogInit: User: mende122
[2017.05.13-22.25.15:509][  0]LogInit: CPU Page size=65536, Cores=4
[2017.05.13-22.25.15:509][  0]LogInit: High frequency timer resolution =3.328124 MHz
[2017.05.13-22.25.15:509][  0]LogMemory: Memory total: Physical=15.9GB (16GB approx)
[2017.05.13-22.25.15:509][  0]LogMemory: Platform Memory Stats for Windows
[2017.05.13-22.25.15:509][  0]LogMemory: Process Physical Memory: 263.41 MB used, 263.41 MB peak
[2017.05.13-22.25.15:509][  0]LogMemory: Process Virtual Memory: 262.86 MB used, 262.86 MB peak
[2017.05.13-22.25.15:509][  0]LogMemory: Physical Memory: 6179.43 MB used,  10107.27 MB free, 16286.70 MB total
[2017.05.13-22.25.15:509][  0]LogMemory: Virtual Memory: 632.04 MB used,  10107.27 MB free, 134217728.00 MB total
[2017.05.13-22.25.15:585][  0]LogTextLocalizationManager: No specific translations for ('en-US') exist, so ('en') translations will be used.
[2017.05.13-22.25.16:021][  0]LogD3D11RHI: D3D11 adapters:
[2017.05.13-22.25.16:046][  0]LogD3D11RHI:    0. 'NVIDIA GeForce GTX 1070' (Feature Level 11_0)
[2017.05.13-22.25.16:046][  0]LogD3D11RHI:       8145/0/8143 MB DedicatedVideo/DedicatedSystem/SharedSystem, Outputs:2, VendorId:0x10de
[2017.05.13-22.25.16:052][  0]LogD3D11RHI:    1. 'Intel(R) HD Graphics 530' (Feature Level 11_0)
[2017.05.13-22.25.16:052][  0]LogD3D11RHI:       128/0/8143 MB DedicatedVideo/DedicatedSystem/SharedSystem, Outputs:0, VendorId:0x8086
[2017.05.13-22.25.16:054][  0]LogD3D11RHI:    2. 'Microsoft Basic Render Driver' (Feature Level 11_0)
[2017.05.13-22.25.16:054][  0]LogD3D11RHI:       0/0/8143 MB DedicatedVideo/DedicatedSystem/SharedSystem, Outputs:0, VendorId:0x1414
[2017.05.13-22.25.16:054][  0]LogD3D11RHI: Chosen D3D11 Adapter: 0
[2017.05.13-22.25.16:059][  0]LogD3D11RHI: Creating new Direct3DDevice
[2017.05.13-22.25.16:059][  0]LogD3D11RHI:     GPU DeviceId: 0x1b81 (for the marketing name, search the web for "GPU Device Id")
[2017.05.13-22.25.16:059][  0]LogWindows: EnumDisplayDevices:
[2017.05.13-22.25.16:059][  0]LogWindows:    0. 'NVIDIA GeForce GTX 1070' (P:1 D:1)
[2017.05.13-22.25.16:059][  0]LogWindows:    1. 'NVIDIA GeForce GTX 1070' (P:0 D:1)
[2017.05.13-22.25.16:059][  0]LogWindows:    2. 'NVIDIA GeForce GTX 1070' (P:0 D:0)
[2017.05.13-22.25.16:059][  0]LogWindows:    3. 'NVIDIA GeForce GTX 1070' (P:0 D:0)
[2017.05.13-22.25.16:060][  0]LogWindows:    4. 'Intel(R) HD Graphics 530' (P:0 D:0)
[2017.05.13-22.25.16:060][  0]LogWindows:    5. 'Intel(R) HD Graphics 530' (P:0 D:0)
[2017.05.13-22.25.16:060][  0]LogWindows:    6. 'Intel(R) HD Graphics 530' (P:0 D:0)
[2017.05.13-22.25.16:060][  0]LogWindows: DebugString: PrimaryIsNotTheChoosenAdapter PrimaryIsNotTheChoosenAdapter PrimaryIsNotTheChoosenAdapter FoundDriverCount:4 
[2017.05.13-22.25.16:060][  0]LogD3D11RHI:     Adapter Name: NVIDIA GeForce GTX 1070
[2017.05.13-22.25.16:060][  0]LogD3D11RHI:   Driver Version: 376.33 (internal:21.21.13.7633, unified:376.33)
[2017.05.13-22.25.16:060][  0]LogD3D11RHI:      Driver Date: 12-11-2016
[2017.05.13-22.25.16:060][  0]LogRHI: Texture pool is 1361 MB (70% of 1945 MB)
[2017.05.13-22.25.16:075][  0]LogD3D11RHI: Async texture creation enabled
[2017.05.13-22.25.16:085][  0]LogD3D11RHI: GPU Timing Frequency: 1000.000000 (Debug: 2 1)
[2017.05.13-22.25.16:186][  0]LogShaderCompilers: Guid format shader working directory is -16 characters bigger than the processId version (../../../../../../Users/mende122/Desktop/MechVR_BACKUP/MechDesert/Intermediate/Shaders/WorkingDirectory/8808/).
[2017.05.13-22.25.16:186][  0]LogShaderCompilers: Cleaned the shader compiler working directory 'C:/Users/mende122/AppData/Local/Temp/UnrealShaderWorkingDir/7BB07A57463E0A2BBEABBE8E300000A7/'.
[2017.05.13-22.25.16:186][  0]LogShaderCompilers:Display: Using Local Shader Compiler.
[2017.05.13-22.25.17:126][  0]LogTemp:Display: Loaded TP WindowsClientTargetPlatform
[2017.05.13-22.25.17:166][  0]LogTemp:Display: Loaded TP WindowsNoEditorTargetPlatform
[2017.05.13-22.25.17:207][  0]LogTemp:Display: Loaded TP WindowsServerTargetPlatform
[2017.05.13-22.25.17:241][  0]LogTemp:Display: Loaded TP WindowsTargetPlatform
[2017.05.13-22.25.17:241][  0]LogTargetPlatformManager:Display: Building Assets For Windows
[2017.05.13-22.25.17:559][  0]LogDerivedDataCache:Display: Max Cache Size: 512 MB
[2017.05.13-22.25.17:613][  0]LogDerivedDataCache: Loaded boot cache 0.05s 50MB C:/Users/mende122/AppData/Local/UnrealEngine/4.15/DerivedDataCache/Boot.ddc.
[2017.05.13-22.25.17:613][  0]LogDerivedDataCache:Display: Loaded Boot cache: C:/Users/mende122/AppData/Local/UnrealEngine/4.15/DerivedDataCache/Boot.ddc
[2017.05.13-22.25.17:613][  0]LogDerivedDataCache: FDerivedDataBackendGraph:  Pak pak cache file ../../../../../../Users/mende122/Desktop/MechVR_BACKUP/MechDesert/DerivedDataCache/DDC.ddp not found, will not use a pak cache.
[2017.05.13-22.25.17:613][  0]LogDerivedDataCache: Unable to find inner node Pak for hierarchical cache Hierarchy.
[2017.05.13-22.25.17:613][  0]LogDerivedDataCache: FDerivedDataBackendGraph:  CompressedPak pak cache file ../../../../../../Users/mende122/Desktop/MechVR_BACKUP/MechDesert/DerivedDataCache/Compressed.ddp not found, will not use a pak cache.
[2017.05.13-22.25.17:613][  0]LogDerivedDataCache: Unable to find inner node CompressedPak for hierarchical cache Hierarchy.
[2017.05.13-22.25.17:630][  0]LogDerivedDataCache:Display: Pak cache opened for reading ../../../Engine/DerivedDataCache/Compressed.ddp.
[2017.05.13-22.25.17:642][  0]LogDerivedDataCache: Using Local data cache path C:/Users/mende122/AppData/Local/UnrealEngine/Common/DerivedDataCache: Writable
[2017.05.13-22.25.17:652][  0]LogSlate: Using Freetype 2.6.0
[2017.05.13-22.25.17:653][  0]LogSlate: SlateFontCache - WITH_FREETYPE: 1, WITH_HARFBUZZ: 1
[2017.05.13-22.25.17:653][  0]LogSlate: SlateFontCache - WITH_FREETYPE: 1, WITH_HARFBUZZ: 1
[2017.05.13-22.25.17:921][  0]LogAssetRegistry: FAssetRegistry took 0.0001 seconds to start up
[2017.05.13-22.25.17:928][  0]LogPackageLocalizationCache: Processed 3 localized package path(s) for 2 prioritized culture(s) in 0.007053 seconds
[2017.05.13-22.25.17:943][  0]LogInit: Selected Device Profile: [Windows]
[2017.05.13-22.25.17:944][  0]LogContentStreaming: Texture pool size is 1000.00 MB
[2017.05.13-22.25.18:111][  0]LogMeshUtilities: Using QuadricMeshReduction for automatic static mesh reduction
[2017.05.13-22.25.18:141][  0]LogSimplygon: Simplygon DLL not present - disabling.
[2017.05.13-22.25.18:178][  0]LogMeshUtilities: Using SimplygonSwarm for distributed automatic mesh merging
[2017.05.13-22.25.18:178][  0]LogMeshUtilities: No automatic skeletal mesh reduction module available
[2017.05.13-22.25.18:178][  0]LogMeshUtilities: No automatic mesh merging module available
[2017.05.13-22.25.18:591][  0]LogNetVersion: GetLocalNetworkVersion: CL: 3299760, ProjectName: mechdesert, ProjectVersion: , EngineNetworkVersion: 2, GameNetworkVersion: 0, NetworkChecksum: 3213770044
[2017.05.13-22.25.18:633][  0]LogInit: WinSock: version 1.1 (2.2), MaxSocks=32767, MaxUdp=65467
[2017.05.13-22.25.19:200][  0]LogMoviePlayer: Initializing movie player
[2017.05.13-22.25.19:269][  0]LogWindowsTextInputMethodSystem:Display: IME system now deactivated.
[2017.05.13-22.25.19:491][  0]LogTcpMessaging: Initializing TcpMessaging bridge
[2017.05.13-22.25.19:524][  0]LogUdpMessaging: Initializing bridge on interface 0.0.0.0:0 to multicast group 230.0.0.1:6666.
[2017.05.13-22.25.19:763][  0]SourceControl: Info Source control is disabled
[2017.05.13-22.25.19:763][  0]SourceControl: Info Source control is disabled
[2017.05.13-22.25.19:798][  0]SourceControl: Info Source control is disabled
[2017.05.13-22.25.20:310][  0]LogUObjectArray: 34408 objects as part of root set at end of initial load.
[2017.05.13-22.25.20:310][  0]LogUObjectAllocator: 7639320 out of 0 bytes used by permanent object pool.
[2017.05.13-22.25.20:310][  0]LogUObjectArray: CloseDisregardForGC: 0/0 objects in disregard for GC pool
[2017.05.13-22.25.20:389][  0]LogEngine: Initializing Engine...
[2017.05.13-22.25.20:497][  0]LogInit: XAudio2 using 'Speakers (2- USB Audio Device)' : 2 channels at 44.1 kHz using 16 bits per sample (channel mask 0x3)
[2017.05.13-22.25.20:506][  0]LogInit: FAudioDevice initialized.
[2017.05.13-22.25.20:526][  0]LogInit: Texture streaming: Enabled
[2017.05.13-22.25.20:537][  0]LogMaterial: Uniform references updated for custom material expression Custom.
[2017.05.13-22.25.20:784][  0]LogInit:Display: Game Engine Initialized.
[2017.05.13-22.25.20:925][  0]LogInit:Display: Starting Game.
[2017.05.13-22.25.20:925][  0]LogNet: Browse: /Temp/Autosaves/Game/Maps/UEDPCMenuLevel?Name=Player
[2017.05.13-22.25.20:925][  0]LogLoad: LoadMap: /Temp/Autosaves/Game/Maps/UEDPCMenuLevel?Name=Player
[2017.05.13-22.25.20:943][  0]LogMemory: Platform Memory Stats for Windows
[2017.05.13-22.25.20:943][  0]LogMemory: Process Physical Memory: 676.34 MB used, 686.66 MB peak
[2017.05.13-22.25.20:943][  0]LogMemory: Process Virtual Memory: 753.64 MB used, 753.66 MB peak
[2017.05.13-22.25.20:943][  0]LogMemory: Physical Memory: 6365.73 MB used,  9920.96 MB free, 16286.70 MB total
[2017.05.13-22.25.20:944][  0]LogMemory: Virtual Memory: 1309.75 MB used,  9920.96 MB free, 134217728.00 MB total
[2017.05.13-22.25.20:944][  0]LogMemory: 
[2017.05.13-22.25.20:944][  0]Allocator Stats for TBB: (not implemented)
[2017.05.13-22.25.21:025][  0]LogClass:Warning: Enum '/Game/ExampleContent/VR_Trace_Interaction/Blueprints/Enums/EInteractionTraceTypes.EInteractionTraceTypes' was upgraded to use FText to store its display name data. Please re-save this asset to avoid issues with localization and determinstic cooking.
[2017.05.13-22.25.21:123][  0]LogClass:Warning: Enum '/Game/Blueprints/Enum/EHeadsetEnum.EHeadsetEnum' was upgraded to use FText to store its display name data. Please re-save this asset to avoid issues with localization and determinstic cooking.
[2017.05.13-22.25.21:405][  0]LogAIModule: Creating AISystem for world MenuLevel
[2017.05.13-22.25.21:406][  0]LogLoad: Game class is 'GameModeBase'
[2017.05.13-22.25.21:413][  0]LogWorld: Bringing World /Temp/Autosaves/Game/Maps/UEDPCMenuLevel.MenuLevel up for play (max tick rate 0) at 2017.05.13-15.25.21
[2017.05.13-22.25.21:413][  0]LogWorld: Bringing up level for play took: 0.004267
[2017.05.13-22.25.21:414][  0]LogLoad: Took 0.488477 seconds to LoadMap(/Temp/Autosaves/Game/Maps/UEDPCMenuLevel)
[2017.05.13-22.25.21:572][  0]LogRenderer: Reallocating scene render targets to support 1280x720 NumSamples 1 (Frame:2).
[2017.05.13-22.25.21:572][  0]LogLoad: (Engine Initialization) Total time: 8.08 seconds
[2017.05.13-22.25.21:572][  0]LogLoad: (Engine Initialization) Total Blueprint compile time: 0.22 seconds
[2017.05.13-22.25.21:572][  0]LogExternalProfiler: Found external profiler: VSPerf
[2017.05.13-22.25.21:572][  0]LogExternalProfiler: Using external profiler: VSPerf
[2017.05.13-22.25.21:588][  0]LogOcInput: OculusInput pre-init called
[2017.05.13-22.26.39:433][826]Closing by request
[2017.05.13-22.26.39:435][826]LogWindows: FPlatformMisc::RequestExit(0)
[2017.05.13-22.26.39:436][827]LogMoviePlayer: Shutting down movie player
[2017.05.13-22.26.40:455][827]LogWindowsTextInputMethodSystem:Display: IME system now deactivated.
[2017.05.13-22.26.40:458][827]LogWindowsTextInputMethodSystem:Display: IME system now deactivated.
[2017.05.13-22.26.40:460][827]LogExit: Preparing to exit.
[2017.05.13-22.26.40:700][827]LogExit: Game engine shut down
[2017.05.13-22.26.40:794][827]LogObj: Freed 0b from 0 cluster array pools.
[2017.05.13-22.26.40:794][827]LogExit: Object subsystem successfully closed.
[2017.05.13-22.26.40:815][827]LogD3D11RHI: Shutdown
[2017.05.13-22.26.40:815][827]LogD3D11RHI: CleanupD3DDevice
[2017.05.13-22.26.40:854][827]LogD3D11RHI: ~FD3D11DynamicRHI
[2017.05.13-22.26.40:873][827]LogModuleManager: Shutting down and abandoning module SequenceRecorderSections (264)
[2017.05.13-22.26.40:873][827]LogModuleManager: Shutting down and abandoning module SequenceRecorder (262)
[2017.05.13-22.26.40:875][827]LogModuleManager: Shutting down and abandoning module AutomationController (260)
[2017.05.13-22.26.40:876][827]LogModuleManager: Shutting down and abandoning module AutomationWorker (258)
[2017.05.13-22.26.40:876][827]LogModuleManager: Shutting down and abandoning module AIModule (256)
[2017.05.13-22.26.40:876][827]LogModuleManager: Shutting down and abandoning module GameplayDebugger (255)
[2017.05.13-22.26.40:877][827]LogModuleManager: Shutting down and abandoning module AITestSuite (253)
[2017.05.13-22.26.40:877][827]LogModuleManager: Shutting down and abandoning module WmfMediaFactory (250)
[2017.05.13-22.26.40:877][827]LogModuleManager: Shutting down and abandoning module MfMediaFactory (248)
[2017.05.13-22.26.40:877][827]LogModuleManager: Shutting down and abandoning module AvfMediaFactory (246)
[2017.05.13-22.26.40:877][827]LogModuleManager: Shutting down and abandoning module AndroidMediaFactory (244)
[2017.05.13-22.26.40:877][827]LogModuleManager: Shutting down and abandoning module Media (243)
[2017.05.13-22.26.40:877][827]LogModuleManager: Shutting down and abandoning module CharacterAI (240)
[2017.05.13-22.26.40:877][827]LogModuleManager: Shutting down and abandoning module SessionServices (238)
[2017.05.13-22.26.40:877][827]LogModuleManager: Shutting down and abandoning module MovieSceneCapture (236)
[2017.05.13-22.26.40:877][827]LogModuleManager: Shutting down and abandoning module GeometryCache (234)
[2017.05.13-22.26.40:877][827]LogModuleManager: Shutting down and abandoning module GeometryCacheEd (233)
[2017.05.13-22.26.40:877][827]LogModuleManager: Shutting down and abandoning module Niagara (230)
[2017.05.13-22.26.40:877][827]LogModuleManager: Shutting down and abandoning module StreamingPauseRendering (228)
[2017.05.13-22.26.40:877][827]LogModuleManager: Shutting down and abandoning module PortalServices (226)
[2017.05.13-22.26.40:877][827]LogModuleManager: Shutting down and abandoning module PortalRpc (224)
[2017.05.13-22.26.40:877][827]LogModuleManager: Shutting down and abandoning module MessagingRpc (222)
[2017.05.13-22.26.40:877][827]LogModuleManager: Shutting down and abandoning module ProfilerService (220)
[2017.05.13-22.26.40:976][827]LogModuleManager: Shutting down and abandoning module TaskGraph (218)
[2017.05.13-22.26.40:980][827]LogModuleManager: Shutting down and abandoning module SteamVRController (216)
[2017.05.13-22.26.40:980][827]LogModuleManager: Shutting down and abandoning module SteamVR (214)
[2017.05.13-22.26.40:980][827]LogModuleManager: Shutting down and abandoning module ProceduralMeshComponent (212)
[2017.05.13-22.26.40:981][827]LogModuleManager: Shutting down and abandoning module OculusLibrary (210)
[2017.05.13-22.26.40:981][827]LogModuleManager: Shutting down and abandoning module OculusInput (208)
[2017.05.13-22.26.40:981][827]LogModuleManager: Shutting down and abandoning module MobilePatchingUtils (206)
[2017.05.13-22.26.40:981][827]LogModuleManager: Shutting down and abandoning module CustomMeshComponent (204)
[2017.05.13-22.26.40:981][827]LogModuleManager: Shutting down and abandoning module CableComponent (202)
[2017.05.13-22.26.40:981][827]LogModuleManager: Shutting down and abandoning module ArchVisCharacter (200)
[2017.05.13-22.26.40:981][827]LogModuleManager: Shutting down and abandoning module HTML5Networking (196)
[2017.05.13-22.26.40:981][827]LogModuleManager: Shutting down and abandoning module VisualStudioSourceCodeAccess (194)
[2017.05.13-22.26.40:981][827]LogModuleManager: Shutting down and abandoning module DesktopPlatform (193)
[2017.05.13-22.26.40:981][827]LogModuleManager: Shutting down and abandoning module HotReload (191)
[2017.05.13-22.26.40:981][827]LogModuleManager: Shutting down and abandoning module DirectoryWatcher (190)
[2017.05.13-22.26.40:981][827]LogModuleManager: Shutting down and abandoning module UObjectPlugin (186)
[2017.05.13-22.26.40:981][827]LogModuleManager: Shutting down and abandoning module SubversionSourceControl (184)
[2017.05.13-22.26.40:982][827]LogModuleManager: Shutting down and abandoning module PerforceSourceControl (182)
[2017.05.13-22.26.40:983][827]LogModuleManager: Shutting down and abandoning module SourceControl (181)
[2017.05.13-22.26.40:983][827]LogModuleManager: Shutting down and abandoning module PhysXVehiclesEditor (178)
[2017.05.13-22.26.40:984][827]LogModuleManager: Shutting down and abandoning module PhysXVehicles (176)
[2017.05.13-22.26.40:984][827]LogModuleManager: Shutting down and abandoning module LocationServicesBPLibrary (174)
[2017.05.13-22.26.40:984][827]LogModuleManager: Shutting down and abandoning module UdpMessaging (172)
[2017.05.13-22.26.41:084][827]LogModuleManager: Shutting down and abandoning module TcpMessaging (170)
[2017.05.13-22.26.41:522][827]LogModuleManager: Shutting down and abandoning module GameplayTagsEditor (168)
[2017.05.13-22.26.41:523][827]LogModuleManager: Shutting down and abandoning module FacialAnimation (166)
[2017.05.13-22.26.41:523][827]LogModuleManager: Shutting down and abandoning module LightPropagationVolumeRuntime (164)
[2017.05.13-22.26.41:523][827]LogModuleManager: Shutting down and abandoning module Paper2D (162)
[2017.05.13-22.26.41:524][827]LogModuleManager: Shutting down and abandoning module WindowsMoviePlayer (160)
[2017.05.13-22.26.41:524][827]LogModuleManager: Shutting down and abandoning module WmfMedia (158)
[2017.05.13-22.26.41:524][827]LogModuleManager: Shutting down and abandoning module MfMedia (156)
[2017.05.13-22.26.41:524][827]LogModuleManager: Shutting down and abandoning module MediaAssets (154)
[2017.05.13-22.26.41:524][827]LogModuleManager: Shutting down and abandoning module GameLiveStreaming (152)
[2017.05.13-22.26.41:524][827]LogModuleManager: Shutting down and abandoning module VREditor (150)
[2017.05.13-22.26.41:524][827]LogModuleManager: Shutting down and abandoning module GameplayTasksEditor (148)
[2017.05.13-22.26.41:524][827]LogModuleManager: Shutting down and abandoning module BehaviorTreeEditor (146)
[2017.05.13-22.26.41:527][827]LogModuleManager: Shutting down and abandoning module FunctionalTesting (144)
[2017.05.13-22.26.41:527][827]LogModuleManager: Shutting down and abandoning module CollisionAnalyzer (142)
[2017.05.13-22.26.41:528][827]LogModuleManager: Shutting down and abandoning module UMG (140)
[2017.05.13-22.26.41:528][827]LogModuleManager: Shutting down and abandoning module UMGEditor (139)
[2017.05.13-22.26.41:530][827]LogModuleManager: Shutting down and abandoning module Sequencer (138)
[2017.05.13-22.26.41:532][827]LogModuleManager: Shutting down and abandoning module AssetTools (136)
[2017.05.13-22.26.41:533][827]LogModuleManager: Shutting down and abandoning module MessageLog (135)
[2017.05.13-22.26.41:533][827]LogModuleManager: Shutting down and abandoning module WorkspaceMenuStructure (134)
[2017.05.13-22.26.41:533][827]LogModuleManager: Shutting down and abandoning module SlateReflector (128)
[2017.05.13-22.26.41:536][827]LogModuleManager: Shutting down and abandoning module Slate (126)
[2017.05.13-22.26.41:536][827]LogModuleManager: Shutting down and abandoning module EditorStyle (124)
[2017.05.13-22.26.41:537][827]LogModuleManager: Shutting down and abandoning module Messaging (122)
[2017.05.13-22.26.41:537][827]LogModuleManager: Shutting down and abandoning module SourceCodeAccess (120)
[2017.05.13-22.26.41:537][827]LogModuleManager: Shutting down and abandoning module HeadMountedDisplay (118)
[2017.05.13-22.26.41:537][827]LogModuleManager: Shutting down and abandoning module XAudio2 (116)
[2017.05.13-22.26.41:537][827]LogModuleManager: Shutting down and abandoning module Networking (114)
[2017.05.13-22.26.41:537][827]LogModuleManager: Shutting down and abandoning module Core (110)
[2017.05.13-22.26.41:537][827]LogModuleManager: Shutting down and abandoning module KismetCompiler (108)
[2017.05.13-22.26.41:537][827]LogModuleManager: Shutting down and abandoning module PhysXFormats (106)
[2017.05.13-22.26.41:537][827]LogModuleManager: Shutting down and abandoning module MeshUtilities (104)
[2017.05.13-22.26.41:539][827]LogModuleManager: Shutting down and abandoning module SimplygonSwarm (103)
[2017.05.13-22.26.41:539][827]LogModuleManager: Shutting down and abandoning module SimplygonMeshReduction (101)
[2017.05.13-22.26.41:539][827]LogModuleManager: Shutting down and abandoning module QuadricMeshReduction (99)
[2017.05.13-22.26.41:539][827]LogModuleManager: Shutting down and abandoning module PropertyEditor (97)
[2017.05.13-22.26.41:540][827]LogModuleManager: Shutting down and abandoning module AssetRegistry (94)
[2017.05.13-22.26.41:540][827]LogModuleManager: Shutting down and abandoning module DerivedDataCache (92)
[2017.05.13-22.26.41:700][827]LogDerivedDataCache: Shutdown
[2017.05.13-22.26.41:700][827]LogModuleManager: Shutting down and abandoning module TargetPlatform (90)
[2017.05.13-22.26.41:700][827]LogModuleManager: Shutting down and abandoning module VulkanShaderFormat (89)
[2017.05.13-22.26.41:702][827]LogModuleManager: Shutting down and abandoning module ShaderFormatOpenGL (87)
[2017.05.13-22.26.41:702][827]LogModuleManager: Shutting down and abandoning module ShaderFormatD3D (85)
[2017.05.13-22.26.41:702][827]LogModuleManager: Shutting down and abandoning module MetalShaderFormat (83)
[2017.05.13-22.26.41:703][827]LogModuleManager: Shutting down and abandoning module TextureFormatUncompressed (81)
[2017.05.13-22.26.41:703][827]LogModuleManager: Shutting down and abandoning module TextureFormatPVR (79)
[2017.05.13-22.26.41:703][827]LogModuleManager: Shutting down and abandoning module TextureFormatDXT (77)
[2017.05.13-22.26.41:703][827]LogModuleManager: Shutting down and abandoning module TextureFormatIntelISPCTexComp (75)
[2017.05.13-22.26.41:704][827]LogModuleManager: Shutting down and abandoning module TextureFormatASTC (73)
[2017.05.13-22.26.41:704][827]LogModuleManager: Shutting down and abandoning module ImageWrapper (72)
[2017.05.13-22.26.41:704][827]LogModuleManager: Shutting down and abandoning module TextureFormatAndroid (69)
[2017.05.13-22.26.41:704][827]LogModuleManager: Shutting down and abandoning module AudioFormatOpus (67)
[2017.05.13-22.26.41:704][827]LogModuleManager: Shutting down and abandoning module AudioFormatOgg (65)
[2017.05.13-22.26.41:704][827]LogModuleManager: Shutting down and abandoning module AudioFormatADPCM (63)
[2017.05.13-22.26.41:704][827]LogModuleManager: Shutting down and abandoning module WindowsTargetPlatform (61)
[2017.05.13-22.26.41:704][827]LogModuleManager: Shutting down and abandoning module WindowsServerTargetPlatform (59)
[2017.05.13-22.26.41:704][827]LogModuleManager: Shutting down and abandoning module WindowsNoEditorTargetPlatform (57)
[2017.05.13-22.26.41:704][827]LogModuleManager: Shutting down and abandoning module WindowsClientTargetPlatform (55)
[2017.05.13-22.26.41:704][827]LogModuleManager: Shutting down and abandoning module InputCore (52)
[2017.05.13-22.26.41:704][827]LogModuleManager: Shutting down and abandoning module Settings (50)
[2017.05.13-22.26.41:704][827]LogModuleManager: Shutting down and abandoning module OculusRift (48)
[2017.05.13-22.26.41:705][827]LogModuleManager: Shutting down and abandoning module GearVR (46)
[2017.05.13-22.26.41:705][827]LogModuleManager: Shutting down and abandoning module ExampleDeviceProfileSelector (44)
[2017.05.13-22.26.41:705][827]LogModuleManager: Shutting down and abandoning module OnlineBlueprintSupport (42)
[2017.05.13-22.26.41:705][827]LogModuleManager: Shutting down and abandoning module OnlineSubsystem (38)
[2017.05.13-22.26.41:705][827]LogOnline:Display: Unloading online subsystem: NULL
[2017.05.13-22.26.41:706][827]LogModuleManager: Shutting down and abandoning module XMPP (37)
[2017.05.13-22.26.41:708][827]LogModuleManager: Shutting down and abandoning module HTTP (35)
[2017.05.13-22.26.41:729][827]LogModuleManager: Shutting down and abandoning module SSL (34)
[2017.05.13-22.26.41:730][827]LogModuleManager: Shutting down and abandoning module AudioEditor (30)
[2017.05.13-22.26.41:731][827]LogModuleManager: Shutting down and abandoning module TextureCompressor (28)
[2017.05.13-22.26.41:731][827]LogModuleManager: Shutting down and abandoning module ShaderCore (26)
[2017.05.13-22.26.41:731][827]LogModuleManager: Shutting down and abandoning module Landscape (24)
[2017.05.13-22.26.41:731][827]LogModuleManager: Shutting down and abandoning module SlateRHIRenderer (22)
[2017.05.13-22.26.41:733][827]LogModuleManager: Shutting down and abandoning module OpenGLDrv (20)
[2017.05.13-22.26.41:733][827]LogModuleManager: Shutting down and abandoning module D3D11RHI (18)
[2017.05.13-22.26.41:733][827]LogModuleManager: Shutting down and abandoning module AnimGraphRuntime (16)
[2017.05.13-22.26.41:734][827]LogModuleManager: Shutting down and abandoning module Renderer (14)
[2017.05.13-22.26.41:734][827]LogModuleManager: Shutting down and abandoning module Engine (12)
[2017.05.13-22.26.41:734][827]LogModuleManager: Shutting down and abandoning module CoreUObject (10)
[2017.05.13-22.26.41:734][827]LogModuleManager: Shutting down and abandoning module NetworkFile (8)
[2017.05.13-22.26.41:734][827]LogModuleManager: Shutting down and abandoning module StreamingFile (6)
[2017.05.13-22.26.41:734][827]LogModuleManager: Shutting down and abandoning module SandboxFile (4)
[2017.05.13-22.26.41:734][827]LogModuleManager: Shutting down and abandoning module PakFile (2)
[2017.05.13-22.26.41:736][827]LogExit: Exiting.
[2017.05.13-22.26.41:737][827]Log file closed, 05/13/17 15:26:41
