Log file open, 05/09/17 19:51:41
LogInit:Display: Running engine for game: MechDesert
LogPlatformFile: Not using cached read wrapper
LogInit:Display: RandInit(-655187335) SRandInit(-655187335).
LogTaskGraph: Started task graph with 5 named threads and 8 total threads with 1 sets of task threads.
LogStats: Stats thread started at 0.080623
LogInit: Using libcurl 7.47.1
LogInit:  - built for x86_64-pc-win32
LogInit:  - supports SSL with OpenSSL/1.0.2g
LogInit:  - supports HTTP deflate (compression) using libz 1.2.8
LogInit:  - other features:
LogInit:      CURL_VERSION_SSL
LogInit:      CURL_VERSION_LIBZ
LogInit:      CURL_VERSION_IPV6
LogInit:      CURL_VERSION_ASYNCHDNS
LogInit:      CURL_VERSION_LARGEFILE
LogInit:      CURL_VERSION_IDN
LogInit:  CurlRequestOptions (configurable via config and command line):
LogInit:  - bVerifyPeer = false  - Libcurl will NOT verify peer certificate
LogInit:  - bUseHttpProxy = false  - Libcurl will NOT use HTTP proxy
LogInit:  - bDontReuseConnections = false  - Libcurl will reuse connections
LogInit:  - CertBundlePath = nullptr  - Libcurl will use whatever was configured at build time.
LogInit: Build: ++UE4+Release-4.15-CL-3348071
LogInit: Engine Version: 4.15.1-3348071+++UE4+Release-4.15
LogInit: Compatible Engine Version: 4.15.0-3299760+++UE4+Release-4.15
LogInit: Net CL: 3299760
LogDevObjectVersion: Number of dev versions registered: 14
LogDevObjectVersion:   Dev-Blueprints (B0D832E4-1F89-4F0D-ACCF-7EB736FD4AA2): 8
LogDevObjectVersion:   Dev-Build (E1C64328-A22C-4D53-A36C-8E866417BD8C): 0
LogDevObjectVersion:   Dev-Core (375EC13C-06E4-48FB-B500-84F0262A717E): 2
LogDevObjectVersion:   Dev-Editor (E4B068ED-F494-42E9-A231-DA0B2E46BB41): 14
LogDevObjectVersion:   Dev-Framework (CFFC743F-43B0-4480-9391-14DF171D2073): 22
LogDevObjectVersion:   Dev-Mobile (B02B49B5-BB20-44E9-A304-32B752E40360): 0
LogDevObjectVersion:   Dev-Networking (A4E4105C-59A1-49B5-A7C5-40C4547EDFEE): 0
LogDevObjectVersion:   Dev-Online (39C831C9-5AE6-47DC-9A44-9C173E1C8E7C): 0
LogDevObjectVersion:   Dev-Physics (78F01B33-EBEA-4F98-B9B4-84EACCB95AA2): 0
LogDevObjectVersion:   Dev-Platform (6631380F-2D4D-43E0-8009-CF276956A95A): 0
LogDevObjectVersion:   Dev-Rendering (12F88B9F-8875-4AFC-A67C-D90C383ABD29): 12
LogDevObjectVersion:   Dev-Sequencer (7B5AE74C-D270-4C10-A958-57980B212A5A): 3
LogDevObjectVersion:   Dev-VR (D7296918-1DD6-4BDD-9DE2-64A83CC13884): 0
LogDevObjectVersion:   Dev-LoadTimes (C2A15278-BFE7-4AFE-6C17-90FF531DF755): 1
LogInit: Compiled (64-bit): Mar 15 2017 16:52:47
LogInit: Compiled with Visual C++: 19.00.23026.00
LogInit: Build Configuration: Development
LogInit: Branch Name: ++UE4+Release-4.15
LogInit: Command line:  
LogInit: Base directory: C:/Program Files/Epic Games/UE_4.15/Engine/Binaries/Win64/
LogInit: Installed Engine Build: 1
LogInit: Presizing for max 8388607 objects, including 0 objects not considered by GC, pre-allocating 0 bytes for permanent pool.
LogInit: Object subsystem initialized
[2017.05.10-02.51.42:395][  0]LogInit: Selected Device Profile: [Windows]
[2017.05.10-02.51.42:395][  0]LogInit: Applying CVar settings loaded from the selected device profile: [Windows]
[2017.05.10-02.51.42:402][  0]LogInit: Computer: LLB16-03
[2017.05.10-02.51.42:402][  0]LogInit: User: reyer101
[2017.05.10-02.51.42:402][  0]LogInit: CPU Page size=65536, Cores=4
[2017.05.10-02.51.42:402][  0]LogInit: High frequency timer resolution =3.328125 MHz
[2017.05.10-02.51.42:402][  0]LogMemory: Memory total: Physical=15.9GB (16GB approx)
[2017.05.10-02.51.42:402][  0]LogMemory: Platform Memory Stats for Windows
[2017.05.10-02.51.42:402][  0]LogMemory: Process Physical Memory: 263.39 MB used, 263.39 MB peak
[2017.05.10-02.51.42:402][  0]LogMemory: Process Virtual Memory: 262.80 MB used, 262.80 MB peak
[2017.05.10-02.51.42:402][  0]LogMemory: Physical Memory: 3863.51 MB used,  12423.19 MB free, 16286.70 MB total
[2017.05.10-02.51.42:402][  0]LogMemory: Virtual Memory: 632.03 MB used,  12423.19 MB free, 134217728.00 MB total
[2017.05.10-02.51.42:480][  0]LogTextLocalizationManager: No specific translations for ('en-US') exist, so ('en') translations will be used.
[2017.05.10-02.51.43:136][  0]LogD3D11RHI: D3D11 adapters:
[2017.05.10-02.51.43:159][  0]LogD3D11RHI:    0. 'NVIDIA GeForce GTX 1070' (Feature Level 11_0)
[2017.05.10-02.51.43:159][  0]LogD3D11RHI:       8145/0/8143 MB DedicatedVideo/DedicatedSystem/SharedSystem, Outputs:2, VendorId:0x10de
[2017.05.10-02.51.43:166][  0]LogD3D11RHI:    1. 'Intel(R) HD Graphics 530' (Feature Level 11_0)
[2017.05.10-02.51.43:166][  0]LogD3D11RHI:       128/0/8143 MB DedicatedVideo/DedicatedSystem/SharedSystem, Outputs:0, VendorId:0x8086
[2017.05.10-02.51.43:168][  0]LogD3D11RHI:    2. 'Microsoft Basic Render Driver' (Feature Level 11_0)
[2017.05.10-02.51.43:168][  0]LogD3D11RHI:       0/0/8143 MB DedicatedVideo/DedicatedSystem/SharedSystem, Outputs:0, VendorId:0x1414
[2017.05.10-02.51.43:168][  0]LogD3D11RHI: Chosen D3D11 Adapter: 0
[2017.05.10-02.51.43:172][  0]LogD3D11RHI: Creating new Direct3DDevice
[2017.05.10-02.51.43:173][  0]LogD3D11RHI:     GPU DeviceId: 0x1b81 (for the marketing name, search the web for "GPU Device Id")
[2017.05.10-02.51.43:173][  0]LogWindows: EnumDisplayDevices:
[2017.05.10-02.51.43:173][  0]LogWindows:    0. 'NVIDIA GeForce GTX 1070' (P:1 D:1)
[2017.05.10-02.51.43:173][  0]LogWindows:    1. 'NVIDIA GeForce GTX 1070' (P:0 D:1)
[2017.05.10-02.51.43:173][  0]LogWindows:    2. 'NVIDIA GeForce GTX 1070' (P:0 D:0)
[2017.05.10-02.51.43:173][  0]LogWindows:    3. 'NVIDIA GeForce GTX 1070' (P:0 D:0)
[2017.05.10-02.51.43:173][  0]LogWindows:    4. 'Intel(R) HD Graphics 530' (P:0 D:0)
[2017.05.10-02.51.43:173][  0]LogWindows:    5. 'Intel(R) HD Graphics 530' (P:0 D:0)
[2017.05.10-02.51.43:173][  0]LogWindows:    6. 'Intel(R) HD Graphics 530' (P:0 D:0)
[2017.05.10-02.51.43:173][  0]LogWindows: DebugString: PrimaryIsNotTheChoosenAdapter PrimaryIsNotTheChoosenAdapter PrimaryIsNotTheChoosenAdapter FoundDriverCount:4 
[2017.05.10-02.51.43:173][  0]LogD3D11RHI:     Adapter Name: NVIDIA GeForce GTX 1070
[2017.05.10-02.51.43:173][  0]LogD3D11RHI:   Driver Version: 376.33 (internal:21.21.13.7633, unified:376.33)
[2017.05.10-02.51.43:173][  0]LogD3D11RHI:      Driver Date: 12-11-2016
[2017.05.10-02.51.43:173][  0]LogRHI: Texture pool is 1361 MB (70% of 1945 MB)
[2017.05.10-02.51.43:188][  0]LogD3D11RHI: Async texture creation enabled
[2017.05.10-02.51.43:199][  0]LogD3D11RHI: GPU Timing Frequency: 1000.000000 (Debug: 2 1)
[2017.05.10-02.51.43:299][  0]LogShaderCompilers: Guid format shader working directory is -23 characters bigger than the processId version (../../../../../../Users/reyer101/Desktop/MechVR/MechNewLevel/MechDesert/Intermediate/Shaders/WorkingDirectory/10828/).
[2017.05.10-02.51.43:299][  0]LogShaderCompilers: Cleaned the shader compiler working directory 'C:/Users/reyer101/AppData/Local/Temp/UnrealShaderWorkingDir/22B7FC564DE3B01CC04117BB033D874B/'.
[2017.05.10-02.51.43:299][  0]LogShaderCompilers:Display: Using Local Shader Compiler.
[2017.05.10-02.51.44:207][  0]LogTemp:Display: Loaded TP AllDesktopTargetPlatform
[2017.05.10-02.51.44:248][  0]LogTemp:Display: Loaded TP MacClientTargetPlatform
[2017.05.10-02.51.44:288][  0]LogTemp:Display: Loaded TP MacNoEditorTargetPlatform
[2017.05.10-02.51.44:329][  0]LogTemp:Display: Loaded TP MacServerTargetPlatform
[2017.05.10-02.51.44:370][  0]LogTemp:Display: Loaded TP MacTargetPlatform
[2017.05.10-02.51.44:412][  0]LogTemp:Display: Loaded TP WindowsClientTargetPlatform
[2017.05.10-02.51.44:453][  0]LogTemp:Display: Loaded TP WindowsNoEditorTargetPlatform
[2017.05.10-02.51.44:494][  0]LogTemp:Display: Loaded TP WindowsServerTargetPlatform
[2017.05.10-02.51.44:525][  0]LogTemp:Display: Loaded TP WindowsTargetPlatform
[2017.05.10-02.51.44:568][  0]LogTemp:Display: Loaded TP AndroidTargetPlatform
[2017.05.10-02.51.44:610][  0]LogTemp:Display: Loaded TP Android_ASTCTargetPlatform
[2017.05.10-02.51.44:652][  0]LogTemp:Display: Loaded TP Android_ATCTargetPlatform
[2017.05.10-02.51.44:692][  0]LogTemp:Display: Loaded TP Android_DXTTargetPlatform
[2017.05.10-02.51.44:736][  0]LogTemp:Display: Loaded TP Android_ETC1TargetPlatform
[2017.05.10-02.51.44:782][  0]LogTemp:Display: Loaded TP Android_ETC2TargetPlatform
[2017.05.10-02.51.44:860][  0]LogTemp:Display: Loaded TP Android_MultiTargetPlatform
[2017.05.10-02.51.44:860][  0]LogTemp:Display: Loaded TP Android_PVRTCTargetPlatform
[2017.05.10-02.51.44:887][  0]LogTemp:Display: Loaded TP HTML5TargetPlatform
[2017.05.10-02.51.44:963][  0]LogTemp:Display: Loaded TP IOSTargetPlatform
[2017.05.10-02.51.44:991][  0]LogTemp:Display: Loaded TP TVOSTargetPlatform
[2017.05.10-02.51.45:028][  0]LogTemp:Display: Loaded TP LinuxClientTargetPlatform
[2017.05.10-02.51.45:068][  0]LogTemp:Display: Loaded TP LinuxNoEditorTargetPlatform
[2017.05.10-02.51.45:108][  0]LogTemp:Display: Loaded TP LinuxServerTargetPlatform
[2017.05.10-02.51.45:147][  0]LogTemp:Display: Loaded TP LinuxTargetPlatform
[2017.05.10-02.51.45:147][  0]LogTargetPlatformManager:Display: Building Assets For Windows
[2017.05.10-02.51.45:455][  0]LogDerivedDataCache:Display: Max Cache Size: 512 MB
[2017.05.10-02.51.45:508][  0]LogDerivedDataCache: Loaded boot cache 0.05s 52MB C:/Users/reyer101/AppData/Local/UnrealEngine/4.15/DerivedDataCache/Boot.ddc.
[2017.05.10-02.51.45:508][  0]LogDerivedDataCache:Display: Loaded Boot cache: C:/Users/reyer101/AppData/Local/UnrealEngine/4.15/DerivedDataCache/Boot.ddc
[2017.05.10-02.51.45:508][  0]LogDerivedDataCache: FDerivedDataBackendGraph:  Pak pak cache file ../../../../../../Users/reyer101/Desktop/MechVR/MechNewLevel/MechDesert/DerivedDataCache/DDC.ddp not found, will not use a pak cache.
[2017.05.10-02.51.45:508][  0]LogDerivedDataCache: Unable to find inner node Pak for hierarchical cache Hierarchy.
[2017.05.10-02.51.45:509][  0]LogDerivedDataCache: FDerivedDataBackendGraph:  CompressedPak pak cache file ../../../../../../Users/reyer101/Desktop/MechVR/MechNewLevel/MechDesert/DerivedDataCache/Compressed.ddp not found, will not use a pak cache.
[2017.05.10-02.51.45:509][  0]LogDerivedDataCache: Unable to find inner node CompressedPak for hierarchical cache Hierarchy.
[2017.05.10-02.51.45:525][  0]LogDerivedDataCache:Display: Pak cache opened for reading ../../../Engine/DerivedDataCache/Compressed.ddp.
[2017.05.10-02.51.45:536][  0]LogDerivedDataCache: Using Local data cache path C:/Users/reyer101/AppData/Local/UnrealEngine/Common/DerivedDataCache: Writable
[2017.05.10-02.51.45:545][  0]LogSlate: Using Freetype 2.6.0
[2017.05.10-02.51.45:546][  0]LogSlate: SlateFontCache - WITH_FREETYPE: 1, WITH_HARFBUZZ: 1
[2017.05.10-02.51.45:546][  0]LogSlate: SlateFontCache - WITH_FREETYPE: 1, WITH_HARFBUZZ: 1
[2017.05.10-02.51.45:830][  0]LogInit: Selected Device Profile: [Windows]
[2017.05.10-02.51.45:832][  0]LogContentStreaming: Texture pool size is 0.00 MB
[2017.05.10-02.51.46:002][  0]LogMeshUtilities: Using QuadricMeshReduction for automatic static mesh reduction
[2017.05.10-02.51.46:032][  0]LogSimplygon: Simplygon DLL not present - disabling.
[2017.05.10-02.51.46:071][  0]LogMeshUtilities: Using SimplygonSwarm for distributed automatic mesh merging
[2017.05.10-02.51.46:071][  0]LogMeshUtilities: No automatic skeletal mesh reduction module available
[2017.05.10-02.51.46:071][  0]LogMeshUtilities: No automatic mesh merging module available
[2017.05.10-02.51.46:535][  0]LogNetVersion: GetLocalNetworkVersion: CL: 3299760, ProjectName: mechdesert, ProjectVersion: , EngineNetworkVersion: 2, GameNetworkVersion: 0, NetworkChecksum: 3213770044
[2017.05.10-02.51.46:575][  0]LogAssetRegistry: FAssetRegistry took 0.0213 seconds to start up
[2017.05.10-02.51.46:623][  0]LogPackageLocalizationCache: Processed 3 localized package path(s) for 2 prioritized culture(s) in 0.031392 seconds
[2017.05.10-02.51.46:629][  0]LogUObjectArray: 32493 objects as part of root set at end of initial load.
[2017.05.10-02.51.46:629][  0]LogUObjectAllocator: 7077024 out of 0 bytes used by permanent object pool.
[2017.05.10-02.51.46:629][  0]LogUObjectArray: CloseDisregardForGC: 0/0 objects in disregard for GC pool
[2017.05.10-02.51.46:672][  0]LogInit: WinSock: version 1.1 (2.2), MaxSocks=32767, MaxUdp=65467
[2017.05.10-02.51.47:974][  0]LogTcpMessaging: Initializing TcpMessaging bridge
[2017.05.10-02.51.48:008][  0]LogUdpMessaging: Initializing bridge on interface 0.0.0.0:0 to multicast group 230.0.0.1:6666.
[2017.05.10-02.51.48:351][  0]LogMaterial: Uniform references updated for custom material expression Custom.
[2017.05.10-02.51.48:631][  0]SourceControl: Info Source control is disabled
[2017.05.10-02.51.48:665][  0]SourceControl: Info Source control is disabled
[2017.05.10-02.51.48:701][  0]SourceControl: Info Source control is disabled
[2017.05.10-02.51.48:735][  0]SourceControl: Info Source control is disabled
[2017.05.10-02.51.49:675][  0]LogEngine: Initializing Engine...
[2017.05.10-02.51.49:705][  0]LogHMD: SteamVR initialized.  Driver: lighthouse  Display: LHR-079BFD04
[2017.05.10-02.51.49:894][  0]LogAIModule: Creating AISystem for world Untitled
[2017.05.10-02.51.49:911][  0]LogInit: XAudio2 using 'Speakers (7- USB Audio Device)' : 2 channels at 44.1 kHz using 16 bits per sample (channel mask 0x3)
[2017.05.10-02.51.49:922][  0]LogInit: FAudioDevice initialized.
[2017.05.10-02.51.49:950][  0]LogDerivedDataCache: Saved boot cache 0.03s 50MB C:/Users/reyer101/AppData/Local/UnrealEngine/4.15/DerivedDataCache/Boot.ddc.
[2017.05.10-02.51.49:956][  0]LogInit: Texture streaming: Enabled
[2017.05.10-02.51.50:019][  0]LogEngineSessionManager: EngineSessionManager initialized
[2017.05.10-02.51.50:079][  0]LogInit: Transaction tracking system initialized
[2017.05.10-02.51.50:310][  0]BlueprintLog: New page: Editor Load
[2017.05.10-02.51.50:908][  0]LocalizationService: Info Localization service is disabled
[2017.05.10-02.51.51:373][  0]LogConsoleResponse:Display: 
[2017.05.10-02.51.51:478][  0]LogCook:Display: Max memory allowance for cook 16384mb min free memory 0mb
[2017.05.10-02.51.51:478][  0]LogCook:Display: Mobile HDR setting 1
[2017.05.10-02.51.51:745][  0]LogFileCache: Scanning file cache for directory 'C:/Users/reyer101/Desktop/MechVR/MechNewLevel/MechDesert/Content/' took 0.02s
[2017.05.10-02.51.52:239][  0]SourceControl: Info Source control is disabled
[2017.05.10-02.51.52:239][  0]Cmd: MAP LOAD FILE="../../../../../../Users/reyer101/Desktop/MechVR/MechNewLevel/MechDesert/Content/StarterContent/Maps/Minimal_Default.umap" TEMPLATE=0 SHOWPROGRESS=1 FEATURELEVEL=3
[2017.05.10-02.51.52:239][  0]LightingResults: New page: Lighting Build
[2017.05.10-02.51.52:267][  0]MapCheck: New page: Map Check
[2017.05.10-02.51.52:267][  0]LightingResults: New page: Lighting Build
[2017.05.10-02.51.52:530][  0]LogAIModule: Creating AISystem for world Minimal_Default
[2017.05.10-02.51.52:553][  0]LogEditorServer: Finished looking for orphan Actors (0.000 secs)
[2017.05.10-02.51.52:554][  0]Cmd: MAP CHECKDEP NOCLEARLOG
[2017.05.10-02.51.52:588][  0]MapCheck: Info Map check complete: 0 Error(s), 0 Warning(s), took 33.719ms to complete.
[2017.05.10-02.51.52:588][  0]LogFileHelpers: Loading map 'Minimal_Default' took 0.349
[2017.05.10-02.51.52:656][  0]LogWindowsTextInputMethodSystem:Display: IME system now deactivated.
[2017.05.10-02.51.52:757][  0]LogCollectionManager: Loaded 0 collections in 0.001330 seconds
[2017.05.10-02.51.52:832][  0]LogFileCache: Scanning file cache for directory 'C:/Users/reyer101/Desktop/MechVR/MechNewLevel/MechDesert/Saved/Collections/' took 0.01s
[2017.05.10-02.51.52:832][  0]LogFileCache: Scanning file cache for directory 'C:/Users/reyer101/Desktop/MechVR/MechNewLevel/MechDesert/Content/Developers/reyer101/Collections/' took 0.01s
[2017.05.10-02.51.52:832][  0]LogFileCache: Scanning file cache for directory 'C:/Users/reyer101/Desktop/MechVR/MechNewLevel/MechDesert/Content/Collections/' took 0.01s
[2017.05.10-02.51.52:832][  0]LogCollectionManager: Rebuilt the GUID cache for 0 collections in 0.000002 seconds
[2017.05.10-02.51.52:841][  0]LogContentBrowser: Native class hierarchy populated in 0.0090 seconds. Added 2245 classes and 453 folders.
[2017.05.10-02.51.52:844][  0]LogStats: UGameplayTagsManager::ConstructGameplayTagTree: Construct from data asset -  0.000 s
[2017.05.10-02.51.52:844][  0]LogStats: UGameplayTagsManager::ConstructGameplayTagTree: GameplayTagTreeChangedEvent.Broadcast -  0.000 s
[2017.05.10-02.51.52:892][  0]LogContentBrowser: Native class hierarchy updated for 'WidgetCarousel' in 0.0006 seconds. Added 0 classes and 0 folders.
[2017.05.10-02.51.52:936][  0]LogContentBrowser: Native class hierarchy updated for 'AddContentDialog' in 0.0006 seconds. Added 0 classes and 0 folders.
[2017.05.10-02.51.52:969][  0]LogContentBrowser: Native class hierarchy updated for 'SceneOutliner' in 0.0007 seconds. Added 1 classes and 2 folders.
[2017.05.10-02.51.53:051][  0]LogCrashTracker: Crashtracker disabled due to settings.
[2017.05.10-02.51.54:007][  0]LogSlate: Only BGRA pngs, bmps or icos are supported in by External Image Picker
[2017.05.10-02.51.54:035][  0]LogUObjectGlobals:Warning: Failed to find object 'Class None.'
[2017.05.10-02.51.54:058][  0]LogTemp:Display: Executing iPhonePackager certificates Engine -bundlename com.YourCompany.MechDesert

[2017.05.10-02.51.54:058][  0]LogTemp:Display: CWD: C:\Program Files\Epic Games\UE_4.15\Engine\Binaries\DotNET\IOS

[2017.05.10-02.51.54:058][  0]LogTemp:Display: Initial Dir: C:\Program Files\Epic Games\UE_4.15

[2017.05.10-02.51.54:058][  0]LogTemp:Display: Env CWD: C:\Program Files\Epic Games\UE_4.15\Engine\Binaries\DotNET\IOS

[2017.05.10-02.51.54:058][  0]LogTemp:Display: BranchPath = LLB16-03/C/Program Files/Epic Games/UE_4.15/Engine/Binaries --- GameBranchPath = LLB16-03/C/Program Files/Epic Games/UE_4.15/Engine/Binaries

[2017.05.10-02.51.54:112][  0]LogTemp:Display: IPP ERROR: Application exception: System.IO.DirectoryNotFoundException: Could not find a part of the path 'C:\Users\reyer101\AppData\Local\Apple Computer\MobileDevice\Provisioning Profiles'.

[2017.05.10-02.51.54:112][  0]LogTemp:Display:    at System.IO.__Error.WinIOError(Int32 errorCode, String maybeFullPath)

[2017.05.10-02.51.54:112][  0]LogTemp:Display:    at System.IO.FileSystemEnumerableIterator`1.CommonInit()

[2017.05.10-02.51.54:112][  0]LogTemp:Display:    at System.IO.Directory.EnumerateFiles(String path, String searchPattern)

[2017.05.10-02.51.54:112][  0]LogTemp:Display:    at iPhonePackager.CodeSignatureBuilder.FindProvisions(String CFBundleIdentifier)

[2017.05.10-02.51.54:112][  0]LogTemp:Display:    at iPhonePackager.Program.Main(String[] args)

[2017.05.10-02.51.54:112][  0]LogContentBrowser: Native class hierarchy updated for 'HierarchicalLODOutliner' in 0.0009 seconds. Added 1 classes and 2 folders.
[2017.05.10-02.51.54:112][  0]LogLoad: (Engine Initialization) Total time: 13.54 seconds
[2017.05.10-02.51.54:112][  0]LogLoad: (Engine Initialization) Total Blueprint compile time: 0.07 seconds
[2017.05.10-02.51.54:112][  0]LogExternalProfiler: Found external profiler: VSPerf
[2017.05.10-02.51.54:112][  0]LogExternalProfiler: Using external profiler: VSPerf
[2017.05.10-02.51.54:122][  0]LogOcInput: OculusInput pre-init called
[2017.05.10-02.51.54:122][  0]LogSteamVRController: Controller role for device 3 is 2 (invalid=0, left=1, right=2).
[2017.05.10-02.51.54:122][  0]LogSteamVRController:Warning: Controller device 3 is being assigned to its prefered role 'right'.
[2017.05.10-02.51.54:122][  0]LogSteamVRController: Controller device 3 is being assigned unreal hand 1 (left=0, right=1).
[2017.05.10-02.51.54:122][  0]LogSteamVRController: Controller role for device 4 is 1 (invalid=0, left=1, right=2).
[2017.05.10-02.51.54:122][  0]LogSteamVRController: Putting controller 4 on the left hand because there is already a controller for the right.
[2017.05.10-02.51.54:122][  0]LogSteamVRController: Controller device 4 is being assigned unreal hand 0 (left=0, right=1).
[2017.05.10-02.51.54:140][  0]LogContentStreaming: Texture pool size now 1000 MB
[2017.05.10-02.51.54:141][  0]LogSlate: Took 0.000262 seconds to synchronously load lazily loaded font '../../../Engine/Content/Slate/Fonts/Roboto-Regular.ttf' (155K)
[2017.05.10-02.51.54:144][  0]LogSlate: Took 0.000245 seconds to synchronously load lazily loaded font '../../../Engine/Content/Slate/Fonts/Roboto-Bold.ttf' (160K)
[2017.05.10-02.51.54:149][  0]LogSlate: Took 0.000192 seconds to synchronously load lazily loaded font '../../../Engine/Content/Editor/Slate/Fonts/FontAwesome.ttf' (139K)
[2017.05.10-02.51.54:230][  0]LogSlate: Took 0.000116 seconds to synchronously load lazily loaded font '../../../Engine/Content/Slate/Fonts/Roboto-Light.ttf' (159K)
[2017.05.10-02.51.54:300][  0]LogRenderer: Reallocating scene render targets to support 780x540 NumSamples 1 (Frame:2).
[2017.05.10-02.51.54:370][  1]LogAssetRegistry: Asset discovery search completed in 7.8159 seconds
[2017.05.10-02.51.54:370][  1]LogCollectionManager: Rebuilt the object cache for 0 collections in 0.000005 seconds (found 0 objects)
[2017.05.10-02.51.54:370][  1]LogCollectionManager: Fixed up redirectors for 0 collections in 0.000016 seconds (updated 0 objects)
